Log file open, 04/04/19 16:15:13
LogWindows: Failed to load 'aqProf.dll' (GetLastError=126)
LogWindows: File 'aqProf.dll' does not exist
LogWindows: Failed to load 'VtuneApi.dll' (GetLastError=126)
LogWindows: File 'VtuneApi.dll' does not exist
LogWindows: Failed to load 'VtuneApi32e.dll' (GetLastError=126)
LogWindows: File 'VtuneApi32e.dll' does not exist
LogInit: Display: Running engine for game: Refraction
LogPlatformFile: Not using cached read wrapper
LogInit: Display: RandInit(-431949542) SRandInit(-431949542).
LogInit: Read version file with build ID '3944462'
LogInit: Overriding engine version to CL 4033788, compatible CL 3944462
LogInit: Registered custom module enumerator with build ID '3944462'
LogTaskGraph: Started task graph with 5 named threads and 35 total threads with 3 sets of task threads.
LogStats: Stats thread started at 0.428409
LogD3D11RHI: Aftermath initialized
LogICUInternationalization: Display: ICU TimeZone Detection - Raw Offset: +0:00, Platform Override: ''
LogModuleManager: Display: Found up-to-date module file ../../../Engine/Plugins/2D/Paper2D/Binaries/Win64/UE4Editor-Paper2D.dll (API version 3944462).
LogModuleManager: Display: Found up-to-date module file ../../../Engine/Plugins/2D/Paper2D/Binaries/Win64/UE4Editor-Paper2DEditor.dll (API version 3944462).
LogModuleManager: Display: Found up-to-date module file ../../../Engine/Plugins/2D/Paper2D/Binaries/Win64/UE4Editor-PaperSpriteSheetImporter.dll (API version 3944462).
LogModuleManager: Display: Found up-to-date module file ../../../Engine/Plugins/2D/Paper2D/Binaries/Win64/UE4Editor-PaperTiledImporter.dll (API version 3944462).
LogModuleManager: Display: Found up-to-date module file ../../../Engine/Plugins/2D/Paper2D/Binaries/Win64/UE4Editor-SmartSnapping.dll (API version 3944462).
LogModuleManager: Display: Found up-to-date module file ../../../Engine/Plugins/Blendables/LightPropagationVolume/Binaries/Win64/UE4Editor-LightPropagationVolumeRuntime.dll (API version 3944462).
LogModuleManager: Display: Found up-to-date module file ../../../Engine/Plugins/Blendables/LightPropagationVolume/Binaries/Win64/UE4Editor-LightPropagationVolumeEditor.dll (API version 3944462).
LogModuleManager: Display: Found up-to-date module file ../../../Engine/Plugins/Developer/CLionSourceCodeAccess/Binaries/Win64/UE4Editor-CLionSourceCodeAccess.dll (API version 3944462).
LogModuleManager: Display: Found up-to-date module file ../../../Engine/Plugins/Developer/GitSourceControl/Binaries/Win64/UE4Editor-GitSourceControl.dll (API version 3944462).
LogModuleManager: Display: Found up-to-date module file ../../../Engine/Plugins/Developer/PerforceSourceControl/Binaries/Win64/UE4Editor-PerforceSourceControl.dll (API version 3944462).
LogModuleManager: Display: Found up-to-date module file ../../../Engine/Plugins/Developer/SubversionSourceControl/Binaries/Win64/UE4Editor-SubversionSourceControl.dll (API version 3944462).
LogModuleManager: Display: Found up-to-date module file ../../../Engine/Plugins/Developer/UObjectPlugin/Binaries/Win64/UE4Editor-UObjectPlugin.dll (API version 3944462).
LogModuleManager: Display: Found up-to-date module file ../../../Engine/Plugins/Developer/VisualStudioCodeSourceCodeAccess/Binaries/Win64/UE4Editor-VisualStudioCodeSourceCodeAccess.dll (API version 3944462).
LogModuleManager: Display: Found up-to-date module file ../../../Engine/Plugins/Developer/VisualStudioSourceCodeAccess/Binaries/Win64/UE4Editor-VisualStudioSourceCodeAccess.dll (API version 3944462).
LogModuleManager: Display: Found up-to-date module file ../../../Engine/Plugins/Editor/AssetManagerEditor/Binaries/Win64/UE4Editor-AssetManagerEditor.dll (API version 3944462).
LogModuleManager: Display: Found up-to-date module file ../../../Engine/Plugins/Editor/CryptoKeys/Binaries/Win64/UE4Editor-CryptoKeys.dll (API version 3944462).
LogModuleManager: Display: Found up-to-date module file ../../../Engine/Plugins/Editor/CryptoKeys/Binaries/Win64/UE4Editor-CryptoKeysOpenSSL.dll (API version 3944462).
LogModuleManager: Display: Found up-to-date module file ../../../Engine/Plugins/Editor/DataValidation/Binaries/Win64/UE4Editor-DataValidation.dll (API version 3944462).
LogModuleManager: Display: Found up-to-date module file ../../../Engine/Plugins/Editor/FacialAnimation/Binaries/Win64/UE4Editor-FacialAnimation.dll (API version 3944462).
LogModuleManager: Display: Found up-to-date module file ../../../Engine/Plugins/Editor/FacialAnimation/Binaries/Win64/UE4Editor-FacialAnimationEditor.dll (API version 3944462).
LogModuleManager: Display: Found up-to-date module file ../../../Engine/Plugins/Editor/GameplayTagsEditor/Binaries/Win64/UE4Editor-GameplayTagsEditor.dll (API version 3944462).
LogModuleManager: Display: Found up-to-date module file ../../../Engine/Plugins/Editor/MobileLauncherProfileWizard/Binaries/Win64/UE4Editor-MobileLauncherProfileWizard.dll (API version 3944462).
LogModuleManager: Display: Found up-to-date module file ../../../Engine/Plugins/Editor/PluginBrowser/Binaries/Win64/UE4Editor-PluginBrowser.dll (API version 3944462).
LogModuleManager: Display: Found up-to-date module file ../../../Engine/Plugins/Editor/SpeedTreeImporter/Binaries/Win64/UE4Editor-SpeedTreeImporter.dll (API version 3944462).
LogModuleManager: Display: Found up-to-date module file ../../../Engine/Plugins/Enterprise/DatasmithContent/Binaries/Win64/UE4Editor-DatasmithContent.dll (API version 3944462).
LogModuleManager: Display: Found up-to-date module file ../../../Engine/Plugins/Experimental/AlembicImporter/Binaries/Win64/UE4Editor-AlembicImporter.dll (API version 3944462).
LogModuleManager: Display: Found up-to-date module file ../../../Engine/Plugins/Experimental/AlembicImporter/Binaries/Win64/UE4Editor-AlembicLibrary.dll (API version 3944462).
LogModuleManager: Display: Found up-to-date module file ../../../Engine/Plugins/Experimental/CharacterAI/Binaries/Win64/UE4Editor-CharacterAI.dll (API version 3944462).
LogModuleManager: Display: Found up-to-date module file ../../../Engine/Plugins/Experimental/HTML5Networking/Binaries/Win64/UE4Editor-HTML5Networking.dll (API version 3944462).
LogModuleManager: Display: Found up-to-date module file ../../../Engine/Plugins/Media/AndroidMedia/Binaries/Win64/UE4Editor-AndroidMediaEditor.dll (API version 3944462).
LogModuleManager: Display: Found up-to-date module file ../../../Engine/Plugins/Media/AndroidMedia/Binaries/Win64/UE4Editor-AndroidMediaFactory.dll (API version 3944462).
LogModuleManager: Display: Found up-to-date module file ../../../Engine/Plugins/Media/AvfMedia/Binaries/Win64/UE4Editor-AvfMediaEditor.dll (API version 3944462).
LogModuleManager: Display: Found up-to-date module file ../../../Engine/Plugins/Media/AvfMedia/Binaries/Win64/UE4Editor-AvfMediaFactory.dll (API version 3944462).
LogModuleManager: Display: Found up-to-date module file ../../../Engine/Plugins/Media/AvfMedia/Binaries/Win64/UE4Editor-AvfMediaFactory.dll (API version 3944462).
LogModuleManager: Display: Found up-to-date module file ../../../Engine/Plugins/Media/ImgMedia/Binaries/Win64/UE4Editor-ImgMedia.dll (API version 3944462).
LogModuleManager: Display: Found up-to-date module file ../../../Engine/Plugins/Media/ImgMedia/Binaries/Win64/UE4Editor-ImgMediaEditor.dll (API version 3944462).
LogModuleManager: Display: Found up-to-date module file ../../../Engine/Plugins/Media/ImgMedia/Binaries/Win64/UE4Editor-ImgMediaFactory.dll (API version 3944462).
LogModuleManager: Display: Found up-to-date module file ../../../Engine/Plugins/Media/ImgMedia/Binaries/Win64/UE4Editor-ImgMediaFactory.dll (API version 3944462).
LogModuleManager: Display: Found up-to-date module file ../../../Engine/Plugins/Media/ImgMedia/Binaries/Win64/UE4Editor-OpenExrWrapper.dll (API version 3944462).
LogModuleManager: Display: Found up-to-date module file ../../../Engine/Plugins/Media/LinearTimecode/Binaries/Win64/UE4Editor-LinearTimecode.dll (API version 3944462).
LogModuleManager: Display: Found up-to-date module file ../../../Engine/Plugins/Media/MediaCompositing/Binaries/Win64/UE4Editor-MediaCompositing.dll (API version 3944462).
LogModuleManager: Display: Found up-to-date module file ../../../Engine/Plugins/Media/MediaCompositing/Binaries/Win64/UE4Editor-MediaCompositingEditor.dll (API version 3944462).
LogModuleManager: Display: Found up-to-date module file ../../../Engine/Plugins/Media/MediaPlayerEditor/Binaries/Win64/UE4Editor-MediaPlayerEditor.dll (API version 3944462).
LogModuleManager: Display: Found up-to-date module file ../../../Engine/Plugins/Media/WmfMedia/Binaries/Win64/UE4Editor-WmfMedia.dll (API version 3944462).
LogModuleManager: Display: Found up-to-date module file ../../../Engine/Plugins/Media/WmfMedia/Binaries/Win64/UE4Editor-WmfMediaEditor.dll (API version 3944462).
LogModuleManager: Display: Found up-to-date module file ../../../Engine/Plugins/Media/WmfMedia/Binaries/Win64/UE4Editor-WmfMediaFactory.dll (API version 3944462).
LogModuleManager: Display: Found up-to-date module file ../../../Engine/Plugins/Media/WmfMedia/Binaries/Win64/UE4Editor-WmfMediaFactory.dll (API version 3944462).
LogModuleManager: Display: Found up-to-date module file ../../../Engine/Plugins/Messaging/TcpMessaging/Binaries/Win64/UE4Editor-TcpMessaging.dll (API version 3944462).
LogModuleManager: Display: Found up-to-date module file ../../../Engine/Plugins/Messaging/UdpMessaging/Binaries/Win64/UE4Editor-UdpMessaging.dll (API version 3944462).
LogModuleManager: Display: Found up-to-date module file ../../../Engine/Plugins/MovieScene/ActorSequence/Binaries/Win64/UE4Editor-ActorSequence.dll (API version 3944462).
LogModuleManager: Display: Found up-to-date module file ../../../Engine/Plugins/MovieScene/LevelSequenceEditor/Binaries/Win64/UE4Editor-LevelSequenceEditor.dll (API version 3944462).
LogModuleManager: Display: Found up-to-date module file ../../../Engine/Plugins/MovieScene/MatineeToLevelSequence/Binaries/Win64/UE4Editor-MatineeToLevelSequence.dll (API version 3944462).
LogModuleManager: Display: Found up-to-date module file ../../../Engine/Plugins/NetcodeUnitTest/NetcodeUnitTest/Binaries/Win64/UE4Editor-NetcodeUnitTest.dll (API version 3944462).
LogModuleManager: Display: Found up-to-date module file ../../../Engine/Plugins/NetcodeUnitTest/NUTUnrealEngine4/Binaries/Win64/UE4Editor-NUTUnrealEngine4.dll (API version 3944462).
LogModuleManager: Display: Found up-to-date module file ../../../Engine/Plugins/Online/OnlineSubsystem/Binaries/Win64/UE4Editor-OnlineSubsystem.dll (API version 3944462).
LogModuleManager: Display: Found up-to-date module file ../../../Engine/Plugins/Runtime/AndroidPermission/Binaries/Win64/UE4Editor-AndroidPermission.dll (API version 3944462).
LogModuleManager: Display: Found up-to-date module file ../../../Engine/Plugins/Online/OnlineSubsystemNull/Binaries/Win64/UE4Editor-OnlineSubsystemNull.dll (API version 3944462).
LogModuleManager: Display: Found up-to-date module file ../../../Engine/Plugins/Online/OnlineSubsystemUtils/Binaries/Win64/UE4Editor-OnlineSubsystemUtils.dll (API version 3944462).
LogModuleManager: Display: Found up-to-date module file ../../../Engine/Plugins/Online/OnlineSubsystemUtils/Binaries/Win64/UE4Editor-OnlineBlueprintSupport.dll (API version 3944462).
LogModuleManager: Display: Found up-to-date module file ../../../Engine/Plugins/Runtime/AndroidDeviceProfileSelector/Binaries/Win64/UE4Editor-AndroidDeviceProfileSelector.dll (API version 3944462).
LogModuleManager: Display: Found up-to-date module file ../../../Engine/Plugins/Runtime/AppleARKit/Binaries/Win64/UE4Editor-AppleARKit.dll (API version 3944462).
LogModuleManager: Display: Found up-to-date module file ../../../Engine/Plugins/Runtime/ProceduralMeshComponent/Binaries/Win64/UE4Editor-ProceduralMeshComponent.dll (API version 3944462).
LogModuleManager: Display: Found up-to-date module file ../../../Engine/Plugins/Runtime/ProceduralMeshComponent/Binaries/Win64/UE4Editor-ProceduralMeshComponentEditor.dll (API version 3944462).
LogModuleManager: Display: Found up-to-date module file ../../../Engine/Plugins/Animation/LiveLink/Binaries/Win64/UE4Editor-LiveLink.dll (API version 3944462).
LogModuleManager: Display: Found up-to-date module file ../../../Engine/Plugins/Animation/LiveLink/Binaries/Win64/UE4Editor-LiveLinkEditor.dll (API version 3944462).
LogModuleManager: Display: Found up-to-date module file ../../../Engine/Plugins/Runtime/ArchVisCharacter/Binaries/Win64/UE4Editor-ArchVisCharacter.dll (API version 3944462).
LogModuleManager: Display: Found up-to-date module file ../../../Engine/Plugins/Runtime/AudioCapture/Binaries/Win64/UE4Editor-AudioCapture.dll (API version 3944462).
LogModuleManager: Display: Found up-to-date module file ../../../Engine/Plugins/Runtime/AudioCapture/Binaries/Win64/UE4Editor-AudioCaptureEditor.dll (API version 3944462).
LogModuleManager: Display: Found up-to-date module file ../../../Engine/Plugins/Runtime/CableComponent/Binaries/Win64/UE4Editor-CableComponent.dll (API version 3944462).
LogModuleManager: Display: Found up-to-date module file ../../../Engine/Plugins/Runtime/CustomMeshComponent/Binaries/Win64/UE4Editor-CustomMeshComponent.dll (API version 3944462).
LogModuleManager: Display: Found up-to-date module file ../../../Engine/Plugins/Runtime/ExampleDeviceProfileSelector/Binaries/Win64/UE4Editor-ExampleDeviceProfileSelector.dll (API version 3944462).
LogModuleManager: Display: Found up-to-date module file ../../../Engine/Plugins/Runtime/ImmediatePhysics/Binaries/Win64/UE4Editor-ImmediatePhysics.dll (API version 3944462).
LogModuleManager: Display: Found up-to-date module file ../../../Engine/Plugins/Runtime/ImmediatePhysics/Binaries/Win64/UE4Editor-ImmediatePhysicsEditor.dll (API version 3944462).
LogModuleManager: Display: Found up-to-date module file ../../../Engine/Plugins/Runtime/LocationServicesBPLibrary/Binaries/Win64/UE4Editor-LocationServicesBPLibrary.dll (API version 3944462).
LogModuleManager: Display: Found up-to-date module file ../../../Engine/Plugins/Runtime/MobilePatchingUtils/Binaries/Win64/UE4Editor-MobilePatchingUtils.dll (API version 3944462).
LogModuleManager: Display: Found up-to-date module file ../../../Engine/Plugins/Runtime/Oculus/OculusVR/Binaries/Win64/UE4Editor-OculusHMD.dll (API version 3944462).
LogModuleManager: Display: Found up-to-date module file ../../../Engine/Plugins/Runtime/Oculus/OculusVR/Binaries/Win64/UE4Editor-OculusInput.dll (API version 3944462).
LogModuleManager: Display: Found up-to-date module file ../../../Engine/Plugins/Runtime/Oculus/OculusVR/Binaries/Win64/UE4Editor-OculusEditor.dll (API version 3944462).
LogModuleManager: Display: Found up-to-date module file ../../../Engine/Plugins/Runtime/PhysXVehicles/Binaries/Win64/UE4Editor-PhysXVehicles.dll (API version 3944462).
LogModuleManager: Display: Found up-to-date module file ../../../Engine/Plugins/Runtime/PhysXVehicles/Binaries/Win64/UE4Editor-PhysXVehiclesEditor.dll (API version 3944462).
LogModuleManager: Display: Found up-to-date module file ../../../Engine/Plugins/Runtime/RuntimePhysXCooking/Binaries/Win64/UE4Editor-RuntimePhysXCooking.dll (API version 3944462).
LogModuleManager: Display: Found up-to-date module file ../../../Engine/Plugins/Runtime/Steam/SteamVR/Binaries/Win64/UE4Editor-SteamVR.dll (API version 3944462).
LogModuleManager: Display: Found up-to-date module file ../../../Engine/Plugins/Runtime/Steam/SteamVR/Binaries/Win64/UE4Editor-SteamVRController.dll (API version 3944462).
LogModuleManager: Display: Found up-to-date module file ../../../Engine/Plugins/Runtime/WindowsMoviePlayer/Binaries/Win64/UE4Editor-WindowsMoviePlayer.dll (API version 3944462).
LogPluginManager: Mounting plugin Paper2D
LogPluginManager: Mounting plugin LiveLink
LogPluginManager: Mounting plugin LightPropagationVolume
LogPluginManager: Mounting plugin CLionSourceCodeAccess
LogPluginManager: Mounting plugin CodeLiteSourceCodeAccess
LogPluginManager: Mounting plugin GitSourceControl
LogPluginManager: Mounting plugin KDevelopSourceCodeAccess
LogPluginManager: Mounting plugin NullSourceCodeAccess
LogPluginManager: Mounting plugin PerforceSourceControl
LogPluginManager: Mounting plugin SubversionSourceControl
LogPluginManager: Mounting plugin UObjectPlugin
LogPluginManager: Mounting plugin VisualStudioCodeSourceCodeAccess
LogPluginManager: Mounting plugin VisualStudioSourceCodeAccess
LogPluginManager: Mounting plugin XCodeSourceCodeAccess
LogPluginManager: Mounting plugin AssetManagerEditor
LogPluginManager: Mounting plugin CryptoKeys
LogPluginManager: Mounting plugin DataValidation
LogPluginManager: Mounting plugin FacialAnimation
LogPluginManager: Mounting plugin GameplayTagsEditor
LogPluginManager: Mounting plugin MobileLauncherProfileWizard
LogPluginManager: Mounting plugin PluginBrowser
LogPluginManager: Mounting plugin SpeedTreeImporter
LogPluginManager: Mounting plugin DatasmithContent
LogPluginManager: Mounting plugin AlembicImporter
LogPluginManager: Mounting plugin CharacterAI
LogPluginManager: Mounting plugin HTML5Networking
LogPluginManager: Mounting plugin AndroidMedia
LogPluginManager: Mounting plugin AvfMedia
LogPluginManager: Mounting plugin ImgMedia
LogPluginManager: Mounting plugin LinearTimecode
LogPluginManager: Mounting plugin MediaCompositing
LogPluginManager: Mounting plugin MediaPlayerEditor
LogPluginManager: Mounting plugin WmfMedia
LogPluginManager: Mounting plugin TcpMessaging
LogPluginManager: Mounting plugin UdpMessaging
LogPluginManager: Mounting plugin ActorSequence
LogPluginManager: Mounting plugin LevelSequenceEditor
LogPluginManager: Mounting plugin MatineeToLevelSequence
LogPluginManager: Mounting plugin NetcodeUnitTest
LogPluginManager: Mounting plugin NUTUnrealEngine4
LogPluginManager: Mounting plugin OnlineSubsystemGooglePlay
LogPluginManager: Mounting plugin OnlineSubsystemIOS
LogPluginManager: Mounting plugin OnlineSubsystem
LogPluginManager: Mounting plugin OnlineSubsystemNull
LogPluginManager: Mounting plugin OnlineSubsystemUtils
LogPluginManager: Mounting plugin AndroidDeviceProfileSelector
LogPluginManager: Mounting plugin AndroidMoviePlayer
LogPluginManager: Mounting plugin AndroidPermission
LogPluginManager: Mounting plugin AppleARKit
LogPluginManager: Mounting plugin AppleMoviePlayer
LogPluginManager: Mounting plugin ArchVisCharacter
LogPluginManager: Mounting plugin AudioCapture
LogPluginManager: Mounting plugin CableComponent
LogPluginManager: Mounting plugin CustomMeshComponent
LogPluginManager: Mounting plugin ExampleDeviceProfileSelector
LogPluginManager: Mounting plugin GoogleCloudMessaging
LogPluginManager: Mounting plugin ImmediatePhysics
LogPluginManager: Mounting plugin IOSDeviceProfileSelector
LogPluginManager: Mounting plugin LinuxDeviceProfileSelector
LogPluginManager: Mounting plugin LocationServicesBPLibrary
LogPluginManager: Mounting plugin MobilePatchingUtils
LogPluginManager: Mounting plugin OculusVR
LogPluginManager: Plugin shader directory ../../../Engine/Plugins/Runtime/Oculus/OculusVR/Shaders found
LogPluginManager: Mapping shader source directory ../../../Engine/Plugins/Runtime/Oculus/OculusVR/Shaders to virtual directory /Plugin/OculusVR
LogPluginManager: Mounting plugin PhysXVehicles
LogPluginManager: Mounting plugin ProceduralMeshComponent
LogPluginManager: Mounting plugin RuntimePhysXCooking
LogPluginManager: Mounting plugin SteamVR
LogPluginManager: Mounting plugin WindowsMoviePlayer
LogStreaming: Display: Took  2.463s to configure plugins.
LogInit: Using libcurl 7.47.1
LogInit:  - built for x86_64-pc-win32
LogInit:  - supports SSL with OpenSSL/1.0.2g
LogInit:  - supports HTTP deflate (compression) using libz 1.2.8
LogInit:  - other features:
LogInit:      CURL_VERSION_SSL
LogInit:      CURL_VERSION_LIBZ
LogInit:      CURL_VERSION_IPV6
LogInit:      CURL_VERSION_ASYNCHDNS
LogInit:      CURL_VERSION_LARGEFILE
LogInit:      CURL_VERSION_IDN
LogInit:  CurlRequestOptions (configurable via config and command line):
LogInit:  - bVerifyPeer = false  - Libcurl will NOT verify peer certificate
LogInit:  - bUseHttpProxy = false  - Libcurl will NOT use HTTP proxy
LogInit:  - bDontReuseConnections = false  - Libcurl will reuse connections
LogInit:  - CertBundlePath = nullptr  - Libcurl will use whatever was configured at build time.
LogInit:  - MaxHostConnections = 16  - Libcurl will limit the number of connections to a host
LogInit:  - LocalHostAddr = Default
LogInit: WinSock: version 1.1 (2.2), MaxSocks=32767, MaxUdp=65467
LogInit: WinSock: I am TU46859 (152.105.203.206:0)
LogInit: Build: ++UE4+Release-4.19-CL-4033788
LogInit: Engine Version: 4.19.2-4033788+++UE4+Release-4.19
LogInit: Compatible Engine Version: 4.19.0-3944462+++UE4+Release-4.19
LogInit: Net CL: 3944462
LogDevObjectVersion: Number of dev versions registered: 18
LogDevObjectVersion:   Dev-Blueprints (B0D832E4-1F89-4F0D-ACCF-7EB736FD4AA2): 10
LogDevObjectVersion:   Dev-Build (E1C64328-A22C-4D53-A36C-8E866417BD8C): 0
LogDevObjectVersion:   Dev-Core (375EC13C-06E4-48FB-B500-84F0262A717E): 2
LogDevObjectVersion:   Dev-Editor (E4B068ED-F494-42E9-A231-DA0B2E46BB41): 23
LogDevObjectVersion:   Dev-Framework (CFFC743F-43B0-4480-9391-14DF171D2073): 33
LogDevObjectVersion:   Dev-Mobile (B02B49B5-BB20-44E9-A304-32B752E40360): 2
LogDevObjectVersion:   Dev-Networking (A4E4105C-59A1-49B5-A7C5-40C4547EDFEE): 0
LogDevObjectVersion:   Dev-Online (39C831C9-5AE6-47DC-9A44-9C173E1C8E7C): 0
LogDevObjectVersion:   Dev-Physics (78F01B33-EBEA-4F98-B9B4-84EACCB95AA2): 0
LogDevObjectVersion:   Dev-Platform (6631380F-2D4D-43E0-8009-CF276956A95A): 0
LogDevObjectVersion:   Dev-Rendering (12F88B9F-8875-4AFC-A67C-D90C383ABD29): 25
LogDevObjectVersion:   Dev-Sequencer (7B5AE74C-D270-4C10-A958-57980B212A5A): 6
LogDevObjectVersion:   Dev-VR (D7296918-1DD6-4BDD-9DE2-64A83CC13884): 1
LogDevObjectVersion:   Dev-LoadTimes (C2A15278-BFE7-4AFE-6C17-90FF531DF755): 1
LogDevObjectVersion:   Private-Geometry (6EACA3D4-40EC-4CC1-B786-8BED09428FC5): 2
LogDevObjectVersion:   Dev-AnimPhys (29E575DD-E0A3-4627-9D10-D276232CDCEA): 16
LogDevObjectVersion:   Dev-ReflectionCapture (6B266CEC-1EC7-4B8F-A30B-E4D90942FC07): 1
LogDevObjectVersion:   Dev-Automation (0DF73D61-A23F-47EA-B727-89E90C41499A): 1
LogInit: Compiled (64-bit): Apr 27 2018 02:06:57
LogInit: Compiled with Visual C++: 19.00.24215.01
LogInit: Build Configuration: Development
LogInit: Branch Name: ++UE4+Release-4.19
LogInit: Command Line:  /Game/TopDownBP/Maps/TopDownExampleMap -game -PIEVIACONSOLE -ResX=1280 -ResY=720  -Multiprocess -messaging -SessionName="Play in Standalone Game" -windowed 
LogInit: Base Directory: C:/Program Files/Epic Games/UE_4.19/Engine/Binaries/Win64/
LogInit: Installed Engine Build: 1
LogStreaming: Display: Took  0.001s to delete old logs.
LogInit: Presizing for max 8388607 objects, including 0 objects not considered by GC, pre-allocating 0 bytes for permanent pool.
LogInit: Object subsystem initialized
[2019.04.04-15.15.16:232][  0]LogInit: Selected Device Profile: [Windows]
[2019.04.04-15.15.16:232][  0]LogInit: Applying CVar settings loaded from the selected device profile: [Windows]
[2019.04.04-15.15.16:244][  0]LogInit: Computer: TU46859
[2019.04.04-15.15.16:244][  0]LogInit: User: q5091352
[2019.04.04-15.15.16:244][  0]LogInit: CPU Page size=4096, Cores=6
[2019.04.04-15.15.16:244][  0]LogInit: High frequency timer resolution =3.507501 MHz
[2019.04.04-15.15.16:245][  0]LogMemory: Memory total: Physical=31.9GB (32GB approx)
[2019.04.04-15.15.16:245][  0]LogMemory: Platform Memory Stats for Windows
[2019.04.04-15.15.16:245][  0]LogMemory: Process Physical Memory: 277.13 MB used, 277.13 MB peak
[2019.04.04-15.15.16:245][  0]LogMemory: Process Virtual Memory: 271.85 MB used, 271.85 MB peak
[2019.04.04-15.15.16:245][  0]LogMemory: Physical Memory: 9769.66 MB used,  22914.64 MB free, 32684.29 MB total
[2019.04.04-15.15.16:245][  0]LogMemory: Virtual Memory: 716.66 MB used,  22914.64 MB free, 134217728.00 MB total
[2019.04.04-15.15.16:291][  0]LogInit: Using OS detected language (en-GB).
[2019.04.04-15.15.16:291][  0]LogInit: Using OS detected locale (en-GB).
[2019.04.04-15.15.16:291][  0]LogTextLocalizationManager: No localization for 'en-GB' exists, so 'en' will be used for the language.
[2019.04.04-15.15.16:291][  0]LogTextLocalizationManager: No localization for 'en-GB' exists, so 'en' will be used for the locale.
[2019.04.04-15.15.16:670][  0]LogStreaming: Display: Took  0.379s to EndInitTextLocalization.
[2019.04.04-15.15.16:704][  0]LogSlate: New Slate User Created.  User Index 0, Is Virtual User: 0
[2019.04.04-15.15.16:704][  0]LogSlate: Slate User Registered.  User Index 0, Is Virtual User: 0
[2019.04.04-15.15.16:712][  0]LogD3D11RHI: D3D11 adapters:
[2019.04.04-15.15.16:790][  0]LogD3D11RHI:    0. 'NVIDIA GeForce GTX 1080 Ti' (Feature Level 11_0)
[2019.04.04-15.15.16:790][  0]LogD3D11RHI:       11127/0/16342 MB DedicatedVideo/DedicatedSystem/SharedSystem, Outputs:2, VendorId:0x10de
[2019.04.04-15.15.16:794][  0]LogD3D11RHI:    1. 'Microsoft Basic Render Driver' (Feature Level 11_0)
[2019.04.04-15.15.16:794][  0]LogD3D11RHI:       0/0/16342 MB DedicatedVideo/DedicatedSystem/SharedSystem, Outputs:0, VendorId:0x1414
[2019.04.04-15.15.16:794][  0]LogD3D11RHI: Chosen D3D11 Adapter: 0
[2019.04.04-15.15.16:802][  0]LogD3D11RHI: Creating new Direct3DDevice
[2019.04.04-15.15.16:802][  0]LogD3D11RHI:     GPU DeviceId: 0x1b06 (for the marketing name, search the web for "GPU Device Id")
[2019.04.04-15.15.16:802][  0]LogWindows: EnumDisplayDevices:
[2019.04.04-15.15.16:802][  0]LogWindows:    0. 'NVIDIA GeForce GTX 1080 Ti' (P:1 D:1)
[2019.04.04-15.15.16:803][  0]LogWindows:    1. 'NVIDIA GeForce GTX 1080 Ti' (P:0 D:1)
[2019.04.04-15.15.16:803][  0]LogWindows:    2. 'NVIDIA GeForce GTX 1080 Ti' (P:0 D:0)
[2019.04.04-15.15.16:803][  0]LogWindows:    3. 'NVIDIA GeForce GTX 1080 Ti' (P:0 D:0)
[2019.04.04-15.15.16:804][  0]LogWindows: DebugString: GetVideoDriverDetailsInvalid PrimaryIsNotTheChoosenAdapter GetVideoDriverDetailsInvalid PrimaryIsNotTheChoosenAdapter GetVideoDriverDetailsInvalid PrimaryIsNotTheChoosenAdapter GetVideoDriverDetailsInvalid PrimaryIsNotTheChoosenAdapter FoundDriverCount:0 
[2019.04.04-15.15.16:804][  0]LogD3D11RHI:     Adapter Name: NVIDIA GeForce GTX 1080 Ti
[2019.04.04-15.15.16:804][  0]LogD3D11RHI:   Driver Version: Unknown (internal:Unknown, unified:Unknown)
[2019.04.04-15.15.16:804][  0]LogD3D11RHI:      Driver Date: Unknown
[2019.04.04-15.15.16:804][  0]LogRHI: Texture pool is 7788 MB (70% of 11127 MB)
[2019.04.04-15.15.16:855][  0]LogD3D11RHI: [Aftermath] Aftermath enabled and primed
[2019.04.04-15.15.16:855][  0]LogD3D11RHI: [Aftermath] Aftermath enabled and primed
[2019.04.04-15.15.16:855][  0]LogD3D11RHI: Async texture creation enabled
[2019.04.04-15.15.16:871][  0]LogD3D11RHI: GPU Timing Frequency: 1000.000000 (Debug: 2 2)
[2019.04.04-15.15.16:961][  0]LogShaderCompilers: Guid format shader working directory is -23 characters bigger than the processId version (../../../../../../Users/q5091352/Documents/GitHub/Refraction/Refraction/Intermediate/Shaders/WorkingDirectory/10688/).
[2019.04.04-15.15.16:962][  0]LogShaderCompilers: Cleaned the shader compiler working directory 'C:/Users/q5091352/AppData/Local/Temp/UnrealShaderWorkingDir/A583AB534956A184C5538DADE97CBC71/'.
[2019.04.04-15.15.17:446][  0]LogTemp: Display: Loaded TP WindowsClientTargetPlatform
[2019.04.04-15.15.17:466][  0]LogTemp: Display: Loaded TP WindowsNoEditorTargetPlatform
[2019.04.04-15.15.17:485][  0]LogTemp: Display: Loaded TP WindowsServerTargetPlatform
[2019.04.04-15.15.17:505][  0]LogTemp: Display: Loaded TP WindowsTargetPlatform
[2019.04.04-15.15.17:505][  0]LogTargetPlatformManager: Display: Building Assets For Windows
[2019.04.04-15.15.17:783][  0]LogXGEController: Cannot use XGE Controller as Incredibuild is not installed on this machine.
[2019.04.04-15.15.17:784][  0]LogShaderCompilers: Cannot use XGE Shader Compiler as Incredibuild is not installed on this machine.
[2019.04.04-15.15.17:784][  0]LogShaderCompilers: Display: Using Local Shader Compiler.
[2019.04.04-15.15.19:387][  0]LogDerivedDataCache: Display: Max Cache Size: 512 MB
[2019.04.04-15.15.19:468][  0]LogDerivedDataCache: Loaded boot cache 0.08s 74MB C:/Users/q5091352/AppData/Local/UnrealEngine/4.19/DerivedDataCache/Boot.ddc.
[2019.04.04-15.15.19:468][  0]LogDerivedDataCache: Display: Loaded Boot cache: C:/Users/q5091352/AppData/Local/UnrealEngine/4.19/DerivedDataCache/Boot.ddc
[2019.04.04-15.15.19:468][  0]LogDerivedDataCache: FDerivedDataBackendGraph:  Pak pak cache file ../../../../../../Users/q5091352/Documents/GitHub/Refraction/Refraction/DerivedDataCache/DDC.ddp not found, will not use a pak cache.
[2019.04.04-15.15.19:468][  0]LogDerivedDataCache: Unable to find inner node Pak for hierarchical cache Hierarchy.
[2019.04.04-15.15.19:468][  0]LogDerivedDataCache: FDerivedDataBackendGraph:  CompressedPak pak cache file ../../../../../../Users/q5091352/Documents/GitHub/Refraction/Refraction/DerivedDataCache/Compressed.ddp not found, will not use a pak cache.
[2019.04.04-15.15.19:468][  0]LogDerivedDataCache: Unable to find inner node CompressedPak for hierarchical cache Hierarchy.
[2019.04.04-15.15.19:496][  0]LogDerivedDataCache: Display: Pak cache opened for reading ../../../Engine/DerivedDataCache/Compressed.ddp.
[2019.04.04-15.15.19:509][  0]LogDerivedDataCache: Using Local data cache path C:/Users/q5091352/AppData/Local/UnrealEngine/Common/DerivedDataCache: Writable
[2019.04.04-15.15.19:509][  0]LogDerivedDataCache: Shared data cache path not found in *engine.ini, will not use an Shared cache.
[2019.04.04-15.15.19:509][  0]LogDerivedDataCache: Unable to find inner node Shared for hierarchical cache Hierarchy.
[2019.04.04-15.15.19:529][  0]LogMaterial: Verifying Global Shaders for PCD3D_SM5
[2019.04.04-15.15.19:529][  0]LogSlate: Using Freetype 2.6.0
[2019.04.04-15.15.19:530][  0]LogSlate: SlateFontCache - WITH_FREETYPE: 1, WITH_HARFBUZZ: 1
[2019.04.04-15.15.19:530][  0]LogSlate: SlateFontCache - WITH_FREETYPE: 1, WITH_HARFBUZZ: 1
[2019.04.04-15.15.19:860][  0]LogAssetRegistry: FAssetRegistry took 0.0053 seconds to start up
[2019.04.04-15.15.20:087][  0]LogPackageLocalizationCache: Processed 9 localized package path(s) for 1 prioritized culture(s) in 0.007333 seconds
[2019.04.04-15.15.20:375][  0]LogInit: Selected Device Profile: [Windows]
[2019.04.04-15.15.20:640][  0]LogSimplygon: Simplygon DLL not present - disabling.
[2019.04.04-15.15.20:648][  0]LogMeshReduction: Using SimplygonSwarm for distributed automatic mesh merging
[2019.04.04-15.15.20:648][  0]LogMeshReduction: Using QuadricMeshReduction for automatic static mesh reduction
[2019.04.04-15.15.20:648][  0]LogMeshReduction: No automatic skeletal mesh reduction module available
[2019.04.04-15.15.20:648][  0]LogMeshReduction: No automatic mesh merging module available
[2019.04.04-15.15.20:648][  0]LogMeshMerging: No automatic mesh merging module available
[2019.04.04-15.15.20:719][  0]LogNetVersion: Refraction , NetCL: 3944462, EngineNetVer: 2, GameNetVer: 0 (Checksum: 2789711149)
[2019.04.04-15.15.21:635][  0]LogMoviePlayer: Initializing movie player
[2019.04.04-15.15.22:173][  0]LogTcpMessaging: Initializing TcpMessaging bridge
[2019.04.04-15.15.22:231][  0]LogUdpMessaging: Initializing bridge on interface 0.0.0.0:0 to multicast group 230.0.0.1:6666.
[2019.04.04-15.15.22:846][  0]SourceControl: Source control is disabled
[2019.04.04-15.15.22:846][  0]SourceControl: Source control is disabled
[2019.04.04-15.15.22:904][  0]SourceControl: Source control is disabled
[2019.04.04-15.15.23:895][  0]LogAndroidPermission: UAndroidPermissionCallbackProxy::GetInstance
[2019.04.04-15.15.24:254][  0]LogOcInput: OculusInput pre-init called
[2019.04.04-15.15.24:359][  0]LogUObjectArray: 40124 objects as part of root set at end of initial load.
[2019.04.04-15.15.24:359][  0]LogUObjectAllocator: 8364200 out of 0 bytes used by permanent object pool.
[2019.04.04-15.15.24:359][  0]LogUObjectArray: CloseDisregardForGC: 0/0 objects in disregard for GC pool
[2019.04.04-15.15.24:422][  0]LogEngine: Initializing Engine...
[2019.04.04-15.15.24:428][  0]LogHMD: Failed to initialize OpenVR with code 110
[2019.04.04-15.15.24:442][  0]LogStats: UGameplayTagsManager::ConstructGameplayTagTree: Construct from data asset -  0.000 s
[2019.04.04-15.15.24:442][  0]LogStats: UGameplayTagsManager::ConstructGameplayTagTree: GameplayTagTreeChangedEvent.Broadcast -  0.000 s
[2019.04.04-15.15.24:705][  0]LogInit: XAudio2 using 'Speakers (Realtek High Definition Audio)' : 2 channels at 48 kHz using 32 bits per sample (channel mask 0x3)
[2019.04.04-15.15.24:809][  0]LogInit: FAudioDevice initialized.
[2019.04.04-15.15.24:832][  0]LogInit: Texture streaming: Enabled
[2019.04.04-15.15.25:051][  0]LogInit: Display: Game Engine Initialized.
[2019.04.04-15.15.25:051][  0]LogGameplayTags: Display: UGameplayTagsManager::DoneAddingNativeTags. DelegateIsBound: 0
[2019.04.04-15.15.25:051][  0]LogStats: UGameplayTagsManager::ConstructGameplayTagTree: Construct from data asset -  0.000 s
[2019.04.04-15.15.25:051][  0]LogStats: UGameplayTagsManager::ConstructGameplayTagTree: GameplayTagTreeChangedEvent.Broadcast -  0.000 s
[2019.04.04-15.15.25:338][  0]LogInit: Display: Starting Game.
[2019.04.04-15.15.25:338][  0]LogNet: Browse: /Game/TopDownBP/Maps/TopDownExampleMap?Name=Player
[2019.04.04-15.15.25:338][  0]LogLoad: LoadMap: /Game/TopDownBP/Maps/TopDownExampleMap?Name=Player
[2019.04.04-15.15.25:357][  0]LogUObjectGlobals: Created PersistentFrame Addr=0x000001c00fb0be40, Size=448, Default__TopDownExampleMap_C Function /Game/TopDownBP/Maps/TopDownExampleMap.TopDownExampleMap_C:ExecuteUbergraph_TopDownExampleMap
[2019.04.04-15.15.25:361][  0]LogUObjectGlobals: Created PersistentFrame Addr=0x000001c00faf8100, Size=1664, Default__PC_Refraction_C Function /Game/Technical/PC_Refraction.PC_Refraction_C:ExecuteUbergraph_PC_Refraction
[2019.04.04-15.15.25:365][  0]LogUObjectGlobals: Created PersistentFrame Addr=0x000001c00ee0f580, Size=776, Default__B_Emitter_C Function /Game/B_Emitter.B_Emitter_C:ExecuteUbergraph_B_Emitter
[2019.04.04-15.15.25:369][  0]LogUObjectGlobals: Created PersistentFrame Addr=0x000001c00fb14800, Size=952, Default__B_MasterLightInteractor_C Function /Game/B_MasterLightInteractor.B_MasterLightInteractor_C:ExecuteUbergraph_B_MasterLightInteractor
[2019.04.04-15.15.25:383][  0]LogUObjectGlobals: Created PersistentFrame Addr=0x000001c00faec700, Size=28, Default__B_Beam_C Function /Game/LightBeams/B_Beam.B_Beam_C:ExecuteUbergraph_B_Beam
[2019.04.04-15.15.25:388][  0]LogUObjectGlobals: Created PersistentFrame Addr=0x000001c00edee080, Size=2024, Default__B_BeamSpectrum_C Function /Game/LightBeams/B_BeamSpectrum.B_BeamSpectrum_C:ExecuteUbergraph_B_BeamSpectrum
[2019.04.04-15.15.25:388][  0]LogUObjectGlobals: Created PersistentFrame Addr=0x000001c00faecaa0, Size=28, Default__B_BeamSpectrum_C Function /Game/LightBeams/B_Beam.B_Beam_C:ExecuteUbergraph_B_Beam
[2019.04.04-15.15.25:412][  0]LogUObjectGlobals: Created PersistentFrame Addr=0x000001c0037e5840, Size=176, Default__GM_Refraction_C Function /Game/Technical/GM_Refraction.GM_Refraction_C:ExecuteUbergraph_GM_Refraction
[2019.04.04-15.15.25:416][  0]LogUObjectGlobals: Created PersistentFrame Addr=0x000001c00ee0c480, Size=856, Default__B_NewReceiver_C Function /Game/B_NewReceiver.B_NewReceiver_C:ExecuteUbergraph_B_NewReceiver
[2019.04.04-15.15.25:416][  0]LogUObjectGlobals: Created PersistentFrame Addr=0x000001c00f776c00, Size=952, Default__B_NewReceiver_C Function /Game/B_MasterLightInteractor.B_MasterLightInteractor_C:ExecuteUbergraph_B_MasterLightInteractor
[2019.04.04-15.15.25:452][  0]LogUObjectGlobals: Created PersistentFrame Addr=0x000001c00f2e55c0, Size=64, Default__ThirdPerson_AnimBP_C Function /Game/Mannequin/Animations/ThirdPerson_AnimBP.ThirdPerson_AnimBP_C:ExecuteUbergraph_ThirdPerson_AnimBP
[2019.04.04-15.15.25:472][  0]LogUObjectGlobals: Created PersistentFrame Addr=0x000001c0066305e0, Size=4, Default__FadeToBlack_C Function /Game/UIWidgets/FadeToBlack.FadeToBlack_C:ExecuteUbergraph_FadeToBlack
[2019.04.04-15.15.25:476][  0]LogUObjectGlobals: Created PersistentFrame Addr=0x000001c00f281440, Size=408, Default__MainMenuWidget_C Function /Game/UIWidgets/MainMenuWidget.MainMenuWidget_C:ExecuteUbergraph_MainMenuWidget
[2019.04.04-15.15.25:478][  0]LogUObjectGlobals: Created PersistentFrame Addr=0x000001c003847a00, Size=176, Default__MainMenuTextOption_C Function /Game/UIWidgets/MainMenuTextOption.MainMenuTextOption_C:ExecuteUbergraph_MainMenuTextOption
[2019.04.04-15.15.25:494][  0]LogUObjectGlobals: Created PersistentFrame Addr=0x000001c00edea8c0, Size=48, Default__BadReceiverLabel_C Function /Game/UIWidgets/Tutorials/BadReceiverLabel.BadReceiverLabel_C:ExecuteUbergraph_BadReceiverLabel
[2019.04.04-15.15.25:501][  0]LogUObjectGlobals: Created PersistentFrame Addr=0x000001c00f69a160, Size=80, Default__OptionsMenu_C Function /Game/UIWidgets/OptionsMenu.OptionsMenu_C:ExecuteUbergraph_OptionsMenu
[2019.04.04-15.15.25:511][  0]LogUObjectGlobals: Created PersistentFrame Addr=0x000001c00ede9840, Size=48, Default__ReceiverLabel_C Function /Game/UIWidgets/Tutorials/ReceiverLabel.ReceiverLabel_C:ExecuteUbergraph_ReceiverLabel
[2019.04.04-15.15.25:517][  0]LogUObjectGlobals: Created PersistentFrame Addr=0x000001c00f65e5c0, Size=280, Default__LevelCompleteWidget_C Function /Game/UIWidgets/LevelCompleteWidget.LevelCompleteWidget_C:ExecuteUbergraph_LevelCompleteWidget
[2019.04.04-15.15.25:526][  0]LogUObjectGlobals: Created PersistentFrame Addr=0x000001c00f65dd00, Size=312, Default__LevelFailWidget_C Function /Game/UIWidgets/LevelFailWidget.LevelFailWidget_C:ExecuteUbergraph_LevelFailWidget
[2019.04.04-15.15.25:546][  0]LogProperty: Warning: Serialized Class /Script/CoreUObject.LinkerPlaceholderExportObject for a property of WidgetBlueprintGeneratedClass /Game/UIWidgets/MainMenuTextOption.MainMenuTextOption_C. Reference will be nullptred.
    Property = ObjectProperty /Game/UIWidgets/MainMenuTextOption.MainMenuTextOption_C:OtherOptions.OtherOptions
    Item = LinkerPlaceholderExportObject /Game/UIWidgets/MainMenuWidget.PLACEHOLDER-INST_of_MainMenuTextOption_C_2
[2019.04.04-15.15.25:550][  0]LogUObjectGlobals: Created PersistentFrame Addr=0x000001c00d23a780, Size=856, Default__B_NewReceiver_C Function /Game/B_NewReceiver.B_NewReceiver_C:ExecuteUbergraph_B_NewReceiver
[2019.04.04-15.15.25:550][  0]LogUObjectGlobals: Created PersistentFrame Addr=0x000001c00d236c00, Size=952, Default__B_NewReceiver_C Function /Game/B_MasterLightInteractor.B_MasterLightInteractor_C:ExecuteUbergraph_B_MasterLightInteractor
[2019.04.04-15.15.25:648][  0]LogUObjectGlobals: Destroyed PersistentFrame Addr=0x000001c00faec700, Size=28
[2019.04.04-15.15.25:648][  0]LogUObjectGlobals: Created PersistentFrame Addr=0x000001c00d83d640, Size=28, Default__B_Beam_C Function /Engine/Transient.REINST_B_Beam_C_2:ExecuteUbergraph_B_Beam
[2019.04.04-15.15.25:649][  0]LogUObjectGlobals: Destroyed PersistentFrame Addr=0x000001c00ee0f580, Size=776
[2019.04.04-15.15.25:649][  0]LogUObjectGlobals: Created PersistentFrame Addr=0x000001c00d9f4800, Size=776, Default__B_Emitter_C Function /Engine/Transient.REINST_B_Emitter_C_3:ExecuteUbergraph_B_Emitter
[2019.04.04-15.15.25:650][  0]LogUObjectGlobals: Destroyed PersistentFrame Addr=0x000001c00fb14800, Size=952
[2019.04.04-15.15.25:650][  0]LogUObjectGlobals: Created PersistentFrame Addr=0x000001c00da2a800, Size=952, Default__B_MasterLightInteractor_C Function /Engine/Transient.REINST_B_MasterLightInteractor_C_4:ExecuteUbergraph_B_MasterLightInteractor
[2019.04.04-15.15.25:651][  0]LogUObjectGlobals: Destroyed PersistentFrame Addr=0x000001c00f2e55c0, Size=64
[2019.04.04-15.15.25:651][  0]LogUObjectGlobals: Created PersistentFrame Addr=0x000001c00d7ef4c0, Size=64, Default__ThirdPerson_AnimBP_C Function /Engine/Transient.REINST_ThirdPerson_AnimBP_C_0:ExecuteUbergraph_ThirdPerson_AnimBP
[2019.04.04-15.15.25:653][  0]LogUObjectGlobals: Destroyed PersistentFrame Addr=0x000001c00edee080, Size=2024
[2019.04.04-15.15.25:653][  0]LogUObjectGlobals: Destroyed PersistentFrame Addr=0x000001c00faecaa0, Size=28
[2019.04.04-15.15.25:653][  0]LogUObjectGlobals: Created PersistentFrame Addr=0x000001c00d7cf580, Size=2024, Default__B_BeamSpectrum_C Function /Engine/Transient.REINST_B_BeamSpectrum_C_7:ExecuteUbergraph_B_BeamSpectrum
[2019.04.04-15.15.25:653][  0]LogUObjectGlobals: Created PersistentFrame Addr=0x000001c00d83d4c0, Size=28, Default__B_BeamSpectrum_C Function /Engine/Transient.REINST_B_Beam_C_2:ExecuteUbergraph_B_Beam
[2019.04.04-15.15.25:654][  0]LogUObjectGlobals: Destroyed PersistentFrame Addr=0x000001c00d23a780, Size=856
[2019.04.04-15.15.25:654][  0]LogUObjectGlobals: Destroyed PersistentFrame Addr=0x000001c00d236c00, Size=952
[2019.04.04-15.15.25:654][  0]LogUObjectGlobals: Created PersistentFrame Addr=0x000001c00d7f2b00, Size=856, Default__B_NewReceiver_C Function /Engine/Transient.REINST_B_NewReceiver_C_8:ExecuteUbergraph_B_NewReceiver
[2019.04.04-15.15.25:654][  0]LogUObjectGlobals: Created PersistentFrame Addr=0x000001c00da2a000, Size=952, Default__B_NewReceiver_C Function /Engine/Transient.REINST_B_MasterLightInteractor_C_4:ExecuteUbergraph_B_MasterLightInteractor
[2019.04.04-15.15.25:654][  0]LogUObjectGlobals: Destroyed PersistentFrame Addr=0x000001c00edea8c0, Size=48
[2019.04.04-15.15.25:654][  0]LogUObjectGlobals: Created PersistentFrame Addr=0x000001c00d8cf5e0, Size=48, Default__BadReceiverLabel_C Function /Engine/Transient.REINST_BadReceiverLabel_C_0:ExecuteUbergraph_BadReceiverLabel
[2019.04.04-15.15.25:655][  0]LogUObjectGlobals: Destroyed PersistentFrame Addr=0x000001c0066305e0, Size=4
[2019.04.04-15.15.25:655][  0]LogUObjectGlobals: Created PersistentFrame Addr=0x000001c00d2b05a8, Size=4, Default__FadeToBlack_C Function /Engine/Transient.REINST_FadeToBlack_C_1:ExecuteUbergraph_FadeToBlack
[2019.04.04-15.15.25:655][  0]LogUObjectGlobals: Destroyed PersistentFrame Addr=0x000001c00f65e5c0, Size=280
[2019.04.04-15.15.25:655][  0]LogUObjectGlobals: Created PersistentFrame Addr=0x000001c00da75580, Size=280, Default__LevelCompleteWidget_C Function /Engine/Transient.REINST_LevelCompleteWidget_C_2:ExecuteUbergraph_LevelCompleteWidget
[2019.04.04-15.15.25:655][  0]LogUObjectGlobals: Destroyed PersistentFrame Addr=0x000001c00f65dd00, Size=312
[2019.04.04-15.15.25:655][  0]LogUObjectGlobals: Created PersistentFrame Addr=0x000001c00da75300, Size=312, Default__LevelFailWidget_C Function /Engine/Transient.REINST_LevelFailWidget_C_3:ExecuteUbergraph_LevelFailWidget
[2019.04.04-15.15.25:656][  0]LogUObjectGlobals: Destroyed PersistentFrame Addr=0x000001c003847a00, Size=176
[2019.04.04-15.15.25:656][  0]LogUObjectGlobals: Created PersistentFrame Addr=0x000001c00da4c400, Size=176, Default__MainMenuTextOption_C Function /Engine/Transient.REINST_MainMenuTextOption_C_4:ExecuteUbergraph_MainMenuTextOption
[2019.04.04-15.15.25:656][  0]LogUObjectGlobals: Destroyed PersistentFrame Addr=0x000001c00f281440, Size=408
[2019.04.04-15.15.25:656][  0]LogUObjectGlobals: Created PersistentFrame Addr=0x000001c00d7d1ec0, Size=408, Default__MainMenuWidget_C Function /Engine/Transient.REINST_MainMenuWidget_C_5:ExecuteUbergraph_MainMenuWidget
[2019.04.04-15.15.25:656][  0]LogUObjectGlobals: Destroyed PersistentFrame Addr=0x000001c00f69a160, Size=80
[2019.04.04-15.15.25:656][  0]LogUObjectGlobals: Created PersistentFrame Addr=0x000001c00d7e8e50, Size=80, Default__OptionsMenu_C Function /Engine/Transient.REINST_OptionsMenu_C_6:ExecuteUbergraph_OptionsMenu
[2019.04.04-15.15.25:657][  0]LogUObjectGlobals: Destroyed PersistentFrame Addr=0x000001c00faf8100, Size=1664
[2019.04.04-15.15.25:657][  0]LogUObjectGlobals: Created PersistentFrame Addr=0x000001c00d7aab00, Size=1664, Default__PC_Refraction_C Function /Engine/Transient.REINST_PC_Refraction_C_10:ExecuteUbergraph_PC_Refraction
[2019.04.04-15.15.25:657][  0]LogUObjectGlobals: Destroyed PersistentFrame Addr=0x000001c00ede9840, Size=48
[2019.04.04-15.15.25:657][  0]LogUObjectGlobals: Created PersistentFrame Addr=0x000001c00d8cf4c0, Size=48, Default__ReceiverLabel_C Function /Engine/Transient.REINST_ReceiverLabel_C_7:ExecuteUbergraph_ReceiverLabel
[2019.04.04-15.15.25:657][  0]LogUObjectGlobals: Destroyed PersistentFrame Addr=0x000001c0037e5840, Size=176
[2019.04.04-15.15.25:657][  0]LogUObjectGlobals: Created PersistentFrame Addr=0x000001c00d7b31c0, Size=176, Default__GM_Refraction_C Function /Engine/Transient.REINST_GM_Refraction_C_12:ExecuteUbergraph_GM_Refraction
[2019.04.04-15.15.25:727][  0]LogUObjectGlobals: Created PersistentFrame Addr=0x000001c00d310560, Size=28, Default__B_Beam_C Function /Game/LightBeams/B_Beam.B_Beam_C:ExecuteUbergraph_B_Beam
[2019.04.04-15.15.25:730][  0]LogUObjectGlobals: Created PersistentFrame Addr=0x000001c00dcd7c80, Size=776, Default__B_Emitter_C Function /Game/B_Emitter.B_Emitter_C:ExecuteUbergraph_B_Emitter
[2019.04.04-15.15.25:732][  0]LogUObjectGlobals: Created PersistentFrame Addr=0x000001c00d32a800, Size=952, Default__B_MasterLightInteractor_C Function /Game/B_MasterLightInteractor.B_MasterLightInteractor_C:ExecuteUbergraph_B_MasterLightInteractor
[2019.04.04-15.15.25:733][  0]LogUObjectGlobals: Created PersistentFrame Addr=0x000001c00dd02cf0, Size=72, Default__ThirdPerson_AnimBP_C Function /Game/Mannequin/Animations/ThirdPerson_AnimBP.ThirdPerson_AnimBP_C:ExecuteUbergraph_ThirdPerson_AnimBP
[2019.04.04-15.15.25:740][  0]LogUObjectGlobals: Created PersistentFrame Addr=0x000001c00dcf9600, Size=2032, Default__B_BeamSpectrum_C Function /Game/LightBeams/B_BeamSpectrum.B_BeamSpectrum_C:ExecuteUbergraph_B_BeamSpectrum
[2019.04.04-15.15.25:740][  0]LogUObjectGlobals: Created PersistentFrame Addr=0x000001c00db6c960, Size=28, Default__B_BeamSpectrum_C Function /Game/LightBeams/B_Beam.B_Beam_C:ExecuteUbergraph_B_Beam
[2019.04.04-15.15.25:745][  0]LogUObjectGlobals: Created PersistentFrame Addr=0x000001c00dcd4f00, Size=856, Default__B_NewReceiver_C Function /Game/B_NewReceiver.B_NewReceiver_C:ExecuteUbergraph_B_NewReceiver
[2019.04.04-15.15.25:745][  0]LogUObjectGlobals: Created PersistentFrame Addr=0x000001c00d329000, Size=952, Default__B_NewReceiver_C Function /Game/B_MasterLightInteractor.B_MasterLightInteractor_C:ExecuteUbergraph_B_MasterLightInteractor
[2019.04.04-15.15.25:747][  0]LogUObjectGlobals: Created PersistentFrame Addr=0x000001c00e247df0, Size=48, Default__BadReceiverLabel_C Function /Game/UIWidgets/Tutorials/BadReceiverLabel.BadReceiverLabel_C:ExecuteUbergraph_BadReceiverLabel
[2019.04.04-15.15.25:747][  0]LogUObjectGlobals: Created PersistentFrame Addr=0x000001c00e283c48, Size=4, Default__FadeToBlack_C Function /Game/UIWidgets/FadeToBlack.FadeToBlack_C:ExecuteUbergraph_FadeToBlack
[2019.04.04-15.15.25:749][  0]LogUObjectGlobals: Created PersistentFrame Addr=0x000001c00e237b00, Size=280, Default__LevelCompleteWidget_C Function /Game/UIWidgets/LevelCompleteWidget.LevelCompleteWidget_C:ExecuteUbergraph_LevelCompleteWidget
[2019.04.04-15.15.25:751][  0]LogUObjectGlobals: Created PersistentFrame Addr=0x000001c00e237880, Size=312, Default__LevelFailWidget_C Function /Game/UIWidgets/LevelFailWidget.LevelFailWidget_C:ExecuteUbergraph_LevelFailWidget
[2019.04.04-15.15.25:752][  0]LogUObjectGlobals: Created PersistentFrame Addr=0x000001c00e23c880, Size=184, Default__MainMenuTextOption_C Function /Game/UIWidgets/MainMenuTextOption.MainMenuTextOption_C:ExecuteUbergraph_MainMenuTextOption
[2019.04.04-15.15.25:755][  0]LogUObjectGlobals: Created PersistentFrame Addr=0x000001c076e38f00, Size=416, Default__MainMenuWidget_C Function /Game/UIWidgets/MainMenuWidget.MainMenuWidget_C:ExecuteUbergraph_MainMenuWidget
[2019.04.04-15.15.25:755][  0]LogUObjectGlobals: Created PersistentFrame Addr=0x000001c00e1dce00, Size=80, Default__OptionsMenu_C Function /Game/UIWidgets/OptionsMenu.OptionsMenu_C:ExecuteUbergraph_OptionsMenu
[2019.04.04-15.15.25:757][  0]LogUObjectGlobals: Created PersistentFrame Addr=0x000001c00e187200, Size=1664, Default__PC_Refraction_C Function /Game/Technical/PC_Refraction.PC_Refraction_C:ExecuteUbergraph_PC_Refraction
[2019.04.04-15.15.25:758][  0]LogUObjectGlobals: Created PersistentFrame Addr=0x000001c00e17b640, Size=48, Default__ReceiverLabel_C Function /Game/UIWidgets/Tutorials/ReceiverLabel.ReceiverLabel_C:ExecuteUbergraph_ReceiverLabel
[2019.04.04-15.15.25:760][  0]LogUObjectGlobals: Created PersistentFrame Addr=0x000001c00e1c0280, Size=184, Default__GM_Refraction_C Function /Game/Technical/GM_Refraction.GM_Refraction_C:ExecuteUbergraph_GM_Refraction
[2019.04.04-15.15.25:801][  0]LogUObjectGlobals: Destroyed PersistentFrame Addr=0x000001c00fb0be40, Size=448
[2019.04.04-15.15.25:801][  0]LogUObjectGlobals: Created PersistentFrame Addr=0x000001c076e39ec0, Size=448, Default__TopDownExampleMap_C Function /Engine/Transient.REINST_TopDownExampleMap_C_34:ExecuteUbergraph_TopDownExampleMap
[2019.04.04-15.15.25:804][  0]LogUObjectGlobals: Created PersistentFrame Addr=0x000001c00d66fc80, Size=448, Default__TopDownExampleMap_C Function /Game/TopDownBP/Maps/TopDownExampleMap.TopDownExampleMap_C:ExecuteUbergraph_TopDownExampleMap
[2019.04.04-15.15.26:186][  0]LogSkeletalMesh: Skeletal Mesh found in DDC [11.175193ms] /Game/Mannequin/Character/Mesh/SK_Mannequin.SK_Mannequin
[2019.04.04-15.15.26:217][  0]LogAIModule: Creating AISystem for world TopDownExampleMap
[2019.04.04-15.15.26:217][  0]LogLoad: Game class is 'GM_Refraction_C'
[2019.04.04-15.15.26:222][  0]LogWorld: Bringing World /Game/TopDownBP/Maps/TopDownExampleMap.TopDownExampleMap up for play (max tick rate 0) at 2019.04.04-16.15.26
[2019.04.04-15.15.26:222][  0]LogWorld: Bringing up level for play took: 0.004700
[2019.04.04-15.15.26:223][  0]LogGameMode: FindPlayerStart: PATHS NOT DEFINED or NO PLAYERSTART with positive rating
[2019.04.04-15.15.26:223][  0]LogGameMode: Display: Match State Changed from EnteringMap to WaitingToStart
[2019.04.04-15.15.26:223][  0]LogGameState: Match State Changed from EnteringMap to WaitingToStart
[2019.04.04-15.15.26:223][  0]LogGameMode: Display: Match State Changed from WaitingToStart to InProgress
[2019.04.04-15.15.26:223][  0]LogLevel: ActivateLevel /Game/Maps/Levels/LMBTutorial 1 1 0
[2019.04.04-15.15.26:225][  0]LogGameState: Match State Changed from WaitingToStart to InProgress
[2019.04.04-15.15.26:226][  0]LogLoad: Took 0.887312 seconds to LoadMap(/Game/TopDownBP/Maps/TopDownExampleMap)
[2019.04.04-15.15.26:299][  0]LogUObjectGlobals: BeginLoad(/Engine/EditorResources/SequenceRecorder/Countdown) is flushing async loading
[2019.04.04-15.15.26:348][  0]LogUObjectGlobals: Created PersistentFrame Addr=0x000001c01ab1b700, Size=672, Default__B_NewPrism_C Function /Game/B_NewPrism.B_NewPrism_C:ExecuteUbergraph_B_NewPrism
[2019.04.04-15.15.26:348][  0]LogUObjectGlobals: Created PersistentFrame Addr=0x000001c01ab4bc00, Size=952, Default__B_NewPrism_C Function /Game/B_MasterLightInteractor.B_MasterLightInteractor_C:ExecuteUbergraph_B_MasterLightInteractor
[2019.04.04-15.15.26:388][  0]LogRenderer: Reallocating scene render targets to support 1280x720 Format 10 NumSamples 1 (Frame:1).
[2019.04.04-15.15.26:388][  0]LogUObjectGlobals: Destroyed PersistentFrame Addr=0x000001c01ab1b700, Size=672
[2019.04.04-15.15.26:388][  0]LogUObjectGlobals: Destroyed PersistentFrame Addr=0x000001c01ab4bc00, Size=952
[2019.04.04-15.15.26:388][  0]LogUObjectGlobals: Created PersistentFrame Addr=0x000001c01ab44400, Size=672, Default__B_NewPrism_C Function /Engine/Transient.REINST_B_NewPrism_C_37:ExecuteUbergraph_B_NewPrism
[2019.04.04-15.15.26:388][  0]LogUObjectGlobals: Created PersistentFrame Addr=0x000001c01ab4bc00, Size=952, Default__B_NewPrism_C Function /Game/B_MasterLightInteractor.B_MasterLightInteractor_C:ExecuteUbergraph_B_MasterLightInteractor
[2019.04.04-15.15.26:411][  0]LogUObjectGlobals: Created PersistentFrame Addr=0x000001c01a9e9900, Size=672, Default__B_NewPrism_C Function /Game/B_NewPrism.B_NewPrism_C:ExecuteUbergraph_B_NewPrism
[2019.04.04-15.15.26:411][  0]LogUObjectGlobals: Created PersistentFrame Addr=0x000001c01ab4a400, Size=952, Default__B_NewPrism_C Function /Game/B_MasterLightInteractor.B_MasterLightInteractor_C:ExecuteUbergraph_B_MasterLightInteractor
[2019.04.04-15.15.26:414][  0]LogUObjectGlobals: Created PersistentFrame Addr=0x000001c01a925600, Size=32, Default__LMBTutorial_C Function /Game/Maps/Levels/LMBTutorial.LMBTutorial_C:ExecuteUbergraph_LMBTutorial
[2019.04.04-15.15.26:415][  0]LogUObjectGlobals: Destroyed PersistentFrame Addr=0x000001c01a925600, Size=32
[2019.04.04-15.15.26:415][  0]LogUObjectGlobals: Created PersistentFrame Addr=0x000001c01a925600, Size=32, Default__LMBTutorial_C Function /Engine/Transient.REINST_LMBTutorial_C_39:ExecuteUbergraph_LMBTutorial
[2019.04.04-15.15.26:416][  0]LogUObjectGlobals: Created PersistentFrame Addr=0x000001c01a9259c0, Size=32, Default__LMBTutorial_C Function /Game/Maps/Levels/LMBTutorial.LMBTutorial_C:ExecuteUbergraph_LMBTutorial
[2019.04.04-15.15.26:435][  0]LogLoad: (Engine Initialization) Total time: 15.74 seconds
[2019.04.04-15.15.26:435][  0]LogLoad: (Engine Initialization) Total Blueprint compile time: 0.00 seconds
[2019.04.04-15.15.26:463][  0]LogContentStreaming: Texture pool size now 1000 MB
[2019.04.04-15.15.26:564][  1]LogStreaming: Display: UWorld::AddToWorld: updating components for /Game/Maps/Levels/LMBTutorial took (less than) 20.41 ms
[2019.04.04-15.15.33:057][355]LogScript: Warning: Accessed None trying to read property CallFunc_Array_Get_Item
	MainMenuTextOption_C /Engine/Transient.GameEngine_0:GameInstance_0.MainMenuWidget_C_0.WidgetTree_0.Options
	Function /Game/UIWidgets/MainMenuTextOption.MainMenuTextOption_C:ExecuteUbergraph_MainMenuTextOption:0282
[2019.04.04-15.15.33:057][355]LogScript: Warning: Script call stack:
	Function /Game/UIWidgets/MainMenuTextOption.MainMenuTextOption_C:BndEvt__Button_448_K2Node_ComponentBoundEvent_138_OnButtonHoverEvent__DelegateSignature
	Function /Game/UIWidgets/MainMenuTextOption.MainMenuTextOption_C:ExecuteUbergraph_MainMenuTextOption

[2019.04.04-15.15.33:394][376]LogSlate: FSceneViewport::OnFocusLost() reason 0
[2019.04.04-15.15.35:522][500]LogRenderer: Reallocating scene render targets to support 1920x1140 Format 10 NumSamples 1 (Frame:503).
[2019.04.04-15.15.39:158][718]LogRenderer: Reallocating scene render targets to support 1280x720 Format 10 NumSamples 1 (Frame:721).
[2019.04.04-15.16.05:555][245]LogRenderer: Reallocating scene render targets to support 768x432 Format 10 NumSamples 1 (Frame:2249).
[2019.04.04-15.16.07:402][318]LogScript: Warning: Accessed None trying to read property CallFunc_Array_Get_Item
	MainMenuTextOption_C /Engine/Transient.GameEngine_0:GameInstance_0.MainMenuWidget_C_0.WidgetTree_0.Quit
	Function /Game/UIWidgets/MainMenuTextOption.MainMenuTextOption_C:ExecuteUbergraph_MainMenuTextOption:0282
[2019.04.04-15.16.07:402][318]LogScript: Warning: Script call stack:
	Function /Game/UIWidgets/MainMenuTextOption.MainMenuTextOption_C:BndEvt__Button_448_K2Node_ComponentBoundEvent_138_OnButtonHoverEvent__DelegateSignature
	Function /Game/UIWidgets/MainMenuTextOption.MainMenuTextOption_C:ExecuteUbergraph_MainMenuTextOption

[2019.04.04-15.16.07:496][324]LogScript: Warning: Accessed None trying to read property CallFunc_Array_Get_Item1
	MainMenuTextOption_C /Engine/Transient.GameEngine_0:GameInstance_0.MainMenuWidget_C_0.WidgetTree_0.Quit
	Function /Game/UIWidgets/MainMenuTextOption.MainMenuTextOption_C:ExecuteUbergraph_MainMenuTextOption:03DE
[2019.04.04-15.16.07:496][324]LogScript: Warning: Script call stack:
	Function /Game/UIWidgets/MainMenuTextOption.MainMenuTextOption_C:BndEvt__Button_448_K2Node_ComponentBoundEvent_241_OnButtonHoverEvent__DelegateSignature
	Function /Game/UIWidgets/MainMenuTextOption.MainMenuTextOption_C:ExecuteUbergraph_MainMenuTextOption

[2019.04.04-15.16.07:592][330]LogScript: Warning: Accessed None trying to read property CallFunc_Array_Get_Item
	MainMenuTextOption_C /Engine/Transient.GameEngine_0:GameInstance_0.MainMenuWidget_C_0.WidgetTree_0.Options
	Function /Game/UIWidgets/MainMenuTextOption.MainMenuTextOption_C:ExecuteUbergraph_MainMenuTextOption:0282
[2019.04.04-15.16.07:593][330]LogScript: Warning: Script call stack:
	Function /Game/UIWidgets/MainMenuTextOption.MainMenuTextOption_C:BndEvt__Button_448_K2Node_ComponentBoundEvent_138_OnButtonHoverEvent__DelegateSignature
	Function /Game/UIWidgets/MainMenuTextOption.MainMenuTextOption_C:ExecuteUbergraph_MainMenuTextOption

[2019.04.04-15.16.21:870][207]LogSlate: FSceneViewport::OnFocusLost() reason 0
[2019.04.04-15.16.24:419][365]LogScript: Warning: Accessed None trying to read property CallFunc_Array_Get_Item
	MainMenuTextOption_C /Engine/Transient.GameEngine_0:GameInstance_0.MainMenuWidget_C_0.WidgetTree_0.Quit
	Function /Game/UIWidgets/MainMenuTextOption.MainMenuTextOption_C:ExecuteUbergraph_MainMenuTextOption:0282
[2019.04.04-15.16.24:419][365]LogScript: Warning: Script call stack:
	Function /Game/UIWidgets/MainMenuTextOption.MainMenuTextOption_C:BndEvt__Button_448_K2Node_ComponentBoundEvent_138_OnButtonHoverEvent__DelegateSignature
	Function /Game/UIWidgets/MainMenuTextOption.MainMenuTextOption_C:ExecuteUbergraph_MainMenuTextOption

[2019.04.04-15.16.24:435][366]LogScript: Warning: Accessed None trying to read property CallFunc_Array_Get_Item1
	MainMenuTextOption_C /Engine/Transient.GameEngine_0:GameInstance_0.MainMenuWidget_C_0.WidgetTree_0.Quit
	Function /Game/UIWidgets/MainMenuTextOption.MainMenuTextOption_C:ExecuteUbergraph_MainMenuTextOption:03DE
[2019.04.04-15.16.24:435][366]LogScript: Warning: Script call stack:
	Function /Game/UIWidgets/MainMenuTextOption.MainMenuTextOption_C:BndEvt__Button_448_K2Node_ComponentBoundEvent_241_OnButtonHoverEvent__DelegateSignature
	Function /Game/UIWidgets/MainMenuTextOption.MainMenuTextOption_C:ExecuteUbergraph_MainMenuTextOption

[2019.04.04-15.16.25:802][442]LogRenderer: Reallocating scene render targets to support 1920x1140 Format 10 NumSamples 1 (Frame:3448).
[2019.04.04-15.16.26:171][465]LogScript: Warning: Accessed None trying to read property CallFunc_Array_Get_Item
	MainMenuTextOption_C /Engine/Transient.GameEngine_0:GameInstance_0.MainMenuWidget_C_0.WidgetTree_0.Options
	Function /Game/UIWidgets/MainMenuTextOption.MainMenuTextOption_C:ExecuteUbergraph_MainMenuTextOption:0282
[2019.04.04-15.16.26:171][465]LogScript: Warning: Script call stack:
	Function /Game/UIWidgets/MainMenuTextOption.MainMenuTextOption_C:BndEvt__Button_448_K2Node_ComponentBoundEvent_138_OnButtonHoverEvent__DelegateSignature
	Function /Game/UIWidgets/MainMenuTextOption.MainMenuTextOption_C:ExecuteUbergraph_MainMenuTextOption

[2019.04.04-15.16.26:252][470]LogScript: Warning: Accessed None trying to read property CallFunc_Array_Get_Item1
	MainMenuTextOption_C /Engine/Transient.GameEngine_0:GameInstance_0.MainMenuWidget_C_0.WidgetTree_0.Options
	Function /Game/UIWidgets/MainMenuTextOption.MainMenuTextOption_C:ExecuteUbergraph_MainMenuTextOption:03DE
[2019.04.04-15.16.26:252][470]LogScript: Warning: Script call stack:
	Function /Game/UIWidgets/MainMenuTextOption.MainMenuTextOption_C:BndEvt__Button_448_K2Node_ComponentBoundEvent_241_OnButtonHoverEvent__DelegateSignature
	Function /Game/UIWidgets/MainMenuTextOption.MainMenuTextOption_C:ExecuteUbergraph_MainMenuTextOption

[2019.04.04-15.16.26:381][478]LogScript: Warning: Accessed None trying to read property CallFunc_Array_Get_Item
	MainMenuTextOption_C /Engine/Transient.GameEngine_0:GameInstance_0.MainMenuWidget_C_0.WidgetTree_0.Options
	Function /Game/UIWidgets/MainMenuTextOption.MainMenuTextOption_C:ExecuteUbergraph_MainMenuTextOption:0282
[2019.04.04-15.16.26:381][478]LogScript: Warning: Script call stack:
	Function /Game/UIWidgets/MainMenuTextOption.MainMenuTextOption_C:BndEvt__Button_448_K2Node_ComponentBoundEvent_138_OnButtonHoverEvent__DelegateSignature
	Function /Game/UIWidgets/MainMenuTextOption.MainMenuTextOption_C:ExecuteUbergraph_MainMenuTextOption

[2019.04.04-15.16.26:429][481]LogScript: Warning: Accessed None trying to read property CallFunc_Array_Get_Item1
	MainMenuTextOption_C /Engine/Transient.GameEngine_0:GameInstance_0.MainMenuWidget_C_0.WidgetTree_0.Options
	Function /Game/UIWidgets/MainMenuTextOption.MainMenuTextOption_C:ExecuteUbergraph_MainMenuTextOption:03DE
[2019.04.04-15.16.26:429][481]LogScript: Warning: Script call stack:
	Function /Game/UIWidgets/MainMenuTextOption.MainMenuTextOption_C:BndEvt__Button_448_K2Node_ComponentBoundEvent_241_OnButtonHoverEvent__DelegateSignature
	Function /Game/UIWidgets/MainMenuTextOption.MainMenuTextOption_C:ExecuteUbergraph_MainMenuTextOption

[2019.04.04-15.16.26:722][499]LogScript: Warning: Accessed None trying to read property CallFunc_Array_Get_Item
	MainMenuTextOption_C /Engine/Transient.GameEngine_0:GameInstance_0.MainMenuWidget_C_0.WidgetTree_0.Options
	Function /Game/UIWidgets/MainMenuTextOption.MainMenuTextOption_C:ExecuteUbergraph_MainMenuTextOption:0282
[2019.04.04-15.16.26:723][499]LogScript: Warning: Script call stack:
	Function /Game/UIWidgets/MainMenuTextOption.MainMenuTextOption_C:BndEvt__Button_448_K2Node_ComponentBoundEvent_138_OnButtonHoverEvent__DelegateSignature
	Function /Game/UIWidgets/MainMenuTextOption.MainMenuTextOption_C:ExecuteUbergraph_MainMenuTextOption

[2019.04.04-15.16.27:584][551]LogUObjectGlobals: Destroyed PersistentFrame Addr=0x000001c076e39ec0, Size=448
[2019.04.04-15.16.27:584][551]LogUObjectGlobals: Destroyed PersistentFrame Addr=0x000001c00d7aab00, Size=1664
[2019.04.04-15.16.27:584][551]LogUObjectGlobals: Destroyed PersistentFrame Addr=0x000001c00d9f4800, Size=776
[2019.04.04-15.16.27:584][551]LogUObjectGlobals: Destroyed PersistentFrame Addr=0x000001c00da2a800, Size=952
[2019.04.04-15.16.27:584][551]LogUObjectGlobals: Destroyed PersistentFrame Addr=0x000001c00d83d640, Size=28
[2019.04.04-15.16.27:584][551]LogUObjectGlobals: Destroyed PersistentFrame Addr=0x000001c00d7cf580, Size=2024
[2019.04.04-15.16.27:585][551]LogUObjectGlobals: Destroyed PersistentFrame Addr=0x000001c00d83d4c0, Size=28
[2019.04.04-15.16.27:585][551]LogUObjectGlobals: Destroyed PersistentFrame Addr=0x000001c00d7b31c0, Size=176
[2019.04.04-15.16.27:585][551]LogUObjectGlobals: Destroyed PersistentFrame Addr=0x000001c00d7f2b00, Size=856
[2019.04.04-15.16.27:585][551]LogUObjectGlobals: Destroyed PersistentFrame Addr=0x000001c00da2a000, Size=952
[2019.04.04-15.16.27:585][551]LogUObjectGlobals: Destroyed PersistentFrame Addr=0x000001c00d7ef4c0, Size=64
[2019.04.04-15.16.27:585][551]LogUObjectGlobals: Destroyed PersistentFrame Addr=0x000001c00d2b05a8, Size=4
[2019.04.04-15.16.27:585][551]LogUObjectGlobals: Destroyed PersistentFrame Addr=0x000001c00d7d1ec0, Size=408
[2019.04.04-15.16.27:585][551]LogUObjectGlobals: Destroyed PersistentFrame Addr=0x000001c00da4c400, Size=176
[2019.04.04-15.16.27:585][551]LogUObjectGlobals: Destroyed PersistentFrame Addr=0x000001c00d8cf5e0, Size=48
[2019.04.04-15.16.27:585][551]LogUObjectGlobals: Destroyed PersistentFrame Addr=0x000001c00d7e8e50, Size=80
[2019.04.04-15.16.27:585][551]LogUObjectGlobals: Destroyed PersistentFrame Addr=0x000001c00d8cf4c0, Size=48
[2019.04.04-15.16.27:585][551]LogUObjectGlobals: Destroyed PersistentFrame Addr=0x000001c00da75580, Size=280
[2019.04.04-15.16.27:585][551]LogUObjectGlobals: Destroyed PersistentFrame Addr=0x000001c00da75300, Size=312
[2019.04.04-15.16.27:601][552]LogUObjectGlobals: Destroyed PersistentFrame Addr=0x000001c01ab44400, Size=672
[2019.04.04-15.16.27:601][552]LogUObjectGlobals: Destroyed PersistentFrame Addr=0x000001c01ab4bc00, Size=952
[2019.04.04-15.16.27:601][552]LogUObjectGlobals: Destroyed PersistentFrame Addr=0x000001c01a925600, Size=32
[2019.04.04-15.16.30:760][748]LogScript: Warning: Accessed None trying to read property CallFunc_Array_Get_Item
	MainMenuTextOption_C /Engine/Transient.GameEngine_0:GameInstance_0.MainMenuWidget_C_0.WidgetTree_0.Quit
	Function /Game/UIWidgets/MainMenuTextOption.MainMenuTextOption_C:ExecuteUbergraph_MainMenuTextOption:0282
[2019.04.04-15.16.30:761][748]LogScript: Warning: Script call stack:
	Function /Game/UIWidgets/MainMenuTextOption.MainMenuTextOption_C:BndEvt__Button_448_K2Node_ComponentBoundEvent_138_OnButtonHoverEvent__DelegateSignature
	Function /Game/UIWidgets/MainMenuTextOption.MainMenuTextOption_C:ExecuteUbergraph_MainMenuTextOption

[2019.04.04-15.16.30:825][752]LogScript: Warning: Accessed None trying to read property CallFunc_Array_Get_Item1
	MainMenuTextOption_C /Engine/Transient.GameEngine_0:GameInstance_0.MainMenuWidget_C_0.WidgetTree_0.Quit
	Function /Game/UIWidgets/MainMenuTextOption.MainMenuTextOption_C:ExecuteUbergraph_MainMenuTextOption:03DE
[2019.04.04-15.16.30:825][752]LogScript: Warning: Script call stack:
	Function /Game/UIWidgets/MainMenuTextOption.MainMenuTextOption_C:BndEvt__Button_448_K2Node_ComponentBoundEvent_241_OnButtonHoverEvent__DelegateSignature
	Function /Game/UIWidgets/MainMenuTextOption.MainMenuTextOption_C:ExecuteUbergraph_MainMenuTextOption

[2019.04.04-15.16.31:035][765]LogScript: Warning: Accessed None trying to read property CallFunc_Array_Get_Item
	MainMenuTextOption_C /Engine/Transient.GameEngine_0:GameInstance_0.MainMenuWidget_C_0.WidgetTree_0.Options
	Function /Game/UIWidgets/MainMenuTextOption.MainMenuTextOption_C:ExecuteUbergraph_MainMenuTextOption:0282
[2019.04.04-15.16.31:035][765]LogScript: Warning: Script call stack:
	Function /Game/UIWidgets/MainMenuTextOption.MainMenuTextOption_C:BndEvt__Button_448_K2Node_ComponentBoundEvent_138_OnButtonHoverEvent__DelegateSignature
	Function /Game/UIWidgets/MainMenuTextOption.MainMenuTextOption_C:ExecuteUbergraph_MainMenuTextOption

[2019.04.04-15.16.31:131][771]LogScript: Warning: Accessed None trying to read property CallFunc_Array_Get_Item1
	MainMenuTextOption_C /Engine/Transient.GameEngine_0:GameInstance_0.MainMenuWidget_C_0.WidgetTree_0.Options
	Function /Game/UIWidgets/MainMenuTextOption.MainMenuTextOption_C:ExecuteUbergraph_MainMenuTextOption:03DE
[2019.04.04-15.16.31:131][771]LogScript: Warning: Script call stack:
	Function /Game/UIWidgets/MainMenuTextOption.MainMenuTextOption_C:BndEvt__Button_448_K2Node_ComponentBoundEvent_241_OnButtonHoverEvent__DelegateSignature
	Function /Game/UIWidgets/MainMenuTextOption.MainMenuTextOption_C:ExecuteUbergraph_MainMenuTextOption

[2019.04.04-15.16.35:522][ 37]LogSlate: Window 'Refraction (64-bit, PCD3D_SM5) ' being destroyed
[2019.04.04-15.16.35:523][ 37]LogWindowsTextInputMethodSystem: Display: IME system now deactivated.
[2019.04.04-15.16.35:527][ 37]LogEngine: All Windows Closed
[2019.04.04-15.16.35:527][ 37]LogWindows: FPlatformMisc::RequestExit(0)
[2019.04.04-15.16.36:464][ 38]LogSlate: Slate User Destroyed.  User Index 0, Is Virtual User: 0
[2019.04.04-15.16.36:464][ 38]LogExit: Preparing to exit.
[2019.04.04-15.16.36:464][ 38]LogMoviePlayer: Shutting down movie player
[2019.04.04-15.16.37:343][ 38]LogExit: Game engine shut down
[2019.04.04-15.16.37:351][ 38]LogUObjectGlobals: Destroyed PersistentFrame Addr=0x000001c00d310560, Size=28
[2019.04.04-15.16.37:351][ 38]LogUObjectGlobals: Destroyed PersistentFrame Addr=0x000001c00dcd7c80, Size=776
[2019.04.04-15.16.37:351][ 38]LogUObjectGlobals: Destroyed PersistentFrame Addr=0x000001c00d32a800, Size=952
[2019.04.04-15.16.37:351][ 38]LogUObjectGlobals: Destroyed PersistentFrame Addr=0x000001c00dd02cf0, Size=72
[2019.04.04-15.16.37:351][ 38]LogUObjectGlobals: Destroyed PersistentFrame Addr=0x000001c00dcf9600, Size=2032
[2019.04.04-15.16.37:351][ 38]LogUObjectGlobals: Destroyed PersistentFrame Addr=0x000001c00db6c960, Size=28
[2019.04.04-15.16.37:351][ 38]LogUObjectGlobals: Destroyed PersistentFrame Addr=0x000001c00dcd4f00, Size=856
[2019.04.04-15.16.37:351][ 38]LogUObjectGlobals: Destroyed PersistentFrame Addr=0x000001c00d329000, Size=952
[2019.04.04-15.16.37:351][ 38]LogUObjectGlobals: Destroyed PersistentFrame Addr=0x000001c00e247df0, Size=48
[2019.04.04-15.16.37:351][ 38]LogUObjectGlobals: Destroyed PersistentFrame Addr=0x000001c00e283c48, Size=4
[2019.04.04-15.16.37:351][ 38]LogUObjectGlobals: Destroyed PersistentFrame Addr=0x000001c00e237b00, Size=280
[2019.04.04-15.16.37:351][ 38]LogUObjectGlobals: Destroyed PersistentFrame Addr=0x000001c00e237880, Size=312
[2019.04.04-15.16.37:351][ 38]LogUObjectGlobals: Destroyed PersistentFrame Addr=0x000001c00e23c880, Size=184
[2019.04.04-15.16.37:351][ 38]LogUObjectGlobals: Destroyed PersistentFrame Addr=0x000001c076e38f00, Size=416
[2019.04.04-15.16.37:351][ 38]LogUObjectGlobals: Destroyed PersistentFrame Addr=0x000001c00e1dce00, Size=80
[2019.04.04-15.16.37:351][ 38]LogUObjectGlobals: Destroyed PersistentFrame Addr=0x000001c00e187200, Size=1664
[2019.04.04-15.16.37:351][ 38]LogUObjectGlobals: Destroyed PersistentFrame Addr=0x000001c00e17b640, Size=48
[2019.04.04-15.16.37:351][ 38]LogUObjectGlobals: Destroyed PersistentFrame Addr=0x000001c00e1c0280, Size=184
[2019.04.04-15.16.37:351][ 38]LogUObjectGlobals: Destroyed PersistentFrame Addr=0x000001c00d66fc80, Size=448
[2019.04.04-15.16.37:357][ 38]LogUObjectGlobals: Destroyed PersistentFrame Addr=0x000001c01a9e9900, Size=672
[2019.04.04-15.16.37:357][ 38]LogUObjectGlobals: Destroyed PersistentFrame Addr=0x000001c01ab4a400, Size=952
[2019.04.04-15.16.37:357][ 38]LogUObjectGlobals: Destroyed PersistentFrame Addr=0x000001c01a9259c0, Size=32
[2019.04.04-15.16.37:450][ 38]LogExit: Object subsystem successfully closed.
[2019.04.04-15.16.37:476][ 38]LogShaderCompilers: Display: Shaders left to compile 0
[2019.04.04-15.16.37:482][ 38]LogD3D11RHI: Shutdown
[2019.04.04-15.16.37:482][ 38]LogD3D11RHI: CleanupD3DDevice
[2019.04.04-15.16.37:485][ 38]LogD3D11RHI: ~FD3D11DynamicRHI
[2019.04.04-15.16.37:552][ 38]LogModuleManager: Shutting down and abandoning module SequenceRecorderSections (332)
[2019.04.04-15.16.37:552][ 38]LogModuleManager: Shutting down and abandoning module SequenceRecorder (330)
[2019.04.04-15.16.37:552][ 38]LogModuleManager: Shutting down and abandoning module AutomationController (328)
[2019.04.04-15.16.37:552][ 38]LogModuleManager: Shutting down and abandoning module AutomationWorker (326)
[2019.04.04-15.16.37:552][ 38]LogModuleManager: Shutting down and abandoning module AIModule (324)
[2019.04.04-15.16.37:552][ 38]LogModuleManager: Shutting down and abandoning module GameplayDebugger (323)
[2019.04.04-15.16.37:552][ 38]LogModuleManager: Shutting down and abandoning module AITestSuite (321)
[2019.04.04-15.16.37:552][ 38]LogModuleManager: Shutting down and abandoning module WmfMediaFactory (318)
[2019.04.04-15.16.37:552][ 38]LogModuleManager: Shutting down and abandoning module OpenExrWrapper (316)
[2019.04.04-15.16.37:552][ 38]LogModuleManager: Shutting down and abandoning module ImgMediaFactory (314)
[2019.04.04-15.16.37:552][ 38]LogModuleManager: Shutting down and abandoning module AvfMediaFactory (312)
[2019.04.04-15.16.37:552][ 38]LogModuleManager: Shutting down and abandoning module CharacterAI (310)
[2019.04.04-15.16.37:552][ 38]LogModuleManager: Shutting down and abandoning module SessionServices (308)
[2019.04.04-15.16.37:552][ 38]LogModuleManager: Shutting down and abandoning module MovieSceneCapture (306)
[2019.04.04-15.16.37:552][ 38]LogModuleManager: Shutting down and abandoning module MovieSceneTracks (304)
[2019.04.04-15.16.37:552][ 38]LogModuleManager: Shutting down and abandoning module MovieScene (302)
[2019.04.04-15.16.37:552][ 38]LogModuleManager: Shutting down and abandoning module GeometryCache (300)
[2019.04.04-15.16.37:552][ 38]LogModuleManager: Shutting down and abandoning module GeometryCacheEd (299)
[2019.04.04-15.16.37:552][ 38]LogModuleManager: Shutting down and abandoning module StreamingPauseRendering (296)
[2019.04.04-15.16.37:552][ 38]LogModuleManager: Shutting down and abandoning module PortalServices (294)
[2019.04.04-15.16.37:552][ 38]LogModuleManager: Shutting down and abandoning module PortalRpc (292)
[2019.04.04-15.16.37:552][ 38]LogModuleManager: Shutting down and abandoning module MessagingRpc (290)
[2019.04.04-15.16.37:552][ 38]LogModuleManager: Shutting down and abandoning module ProfilerService (288)
[2019.04.04-15.16.37:728][ 38]LogModuleManager: Shutting down and abandoning module TaskGraph (286)
[2019.04.04-15.16.37:728][ 38]LogModuleManager: Shutting down and abandoning module SteamVRController (284)
[2019.04.04-15.16.37:728][ 38]LogModuleManager: Shutting down and abandoning module ProceduralMeshComponent (282)
[2019.04.04-15.16.37:728][ 38]LogModuleManager: Shutting down and abandoning module OculusInput (280)
[2019.04.04-15.16.37:728][ 38]LogModuleManager: Shutting down and abandoning module MobilePatchingUtils (278)
[2019.04.04-15.16.37:728][ 38]LogModuleManager: Shutting down and abandoning module CustomMeshComponent (276)
[2019.04.04-15.16.37:728][ 38]LogModuleManager: Shutting down and abandoning module CableComponent (274)
[2019.04.04-15.16.37:729][ 38]LogModuleManager: Shutting down and abandoning module AudioCapture (272)
[2019.04.04-15.16.37:729][ 38]LogModuleManager: Shutting down and abandoning module ArchVisCharacter (270)
[2019.04.04-15.16.37:729][ 38]LogModuleManager: Shutting down and abandoning module AndroidPermission (268)
[2019.04.04-15.16.37:729][ 38]LogModuleManager: Shutting down and abandoning module NUTUnrealEngine4 (264)
[2019.04.04-15.16.37:729][ 38]LogModuleManager: Shutting down and abandoning module NetcodeUnitTest (262)
[2019.04.04-15.16.37:729][ 38]LogModuleManager: Shutting down and abandoning module MediaCompositing (260)
[2019.04.04-15.16.37:729][ 38]LogModuleManager: Shutting down and abandoning module LinearTimecode (258)
[2019.04.04-15.16.37:729][ 38]LogModuleManager: Shutting down and abandoning module ImgMedia (256)
[2019.04.04-15.16.37:731][ 38]LogModuleManager: Shutting down and abandoning module HTML5Networking (254)
[2019.04.04-15.16.37:731][ 38]LogModuleManager: Shutting down and abandoning module DatasmithContent (252)
[2019.04.04-15.16.37:731][ 38]LogModuleManager: Shutting down and abandoning module CryptoKeysOpenSSL (250)
[2019.04.04-15.16.37:731][ 38]LogModuleManager: Shutting down and abandoning module CryptoKeys (248)
[2019.04.04-15.16.37:731][ 38]LogModuleManager: Shutting down and abandoning module VisualStudioSourceCodeAccess (246)
[2019.04.04-15.16.37:731][ 38]LogModuleManager: Shutting down and abandoning module HotReload (245)
[2019.04.04-15.16.37:731][ 38]LogModuleManager: Shutting down and abandoning module DirectoryWatcher (244)
[2019.04.04-15.16.37:731][ 38]LogModuleManager: Shutting down and abandoning module VisualStudioCodeSourceCodeAccess (240)
[2019.04.04-15.16.37:732][ 38]LogModuleManager: Shutting down and abandoning module UObjectPlugin (238)
[2019.04.04-15.16.37:732][ 38]LogModuleManager: Shutting down and abandoning module SubversionSourceControl (236)
[2019.04.04-15.16.37:732][ 38]LogModuleManager: Shutting down and abandoning module PerforceSourceControl (234)
[2019.04.04-15.16.37:732][ 38]LogModuleManager: Shutting down and abandoning module SourceControl (233)
[2019.04.04-15.16.37:732][ 38]LogModuleManager: Shutting down and abandoning module CLionSourceCodeAccess (230)
[2019.04.04-15.16.37:732][ 38]LogModuleManager: Shutting down and abandoning module RuntimePhysXCooking (228)
[2019.04.04-15.16.37:732][ 38]LogModuleManager: Shutting down and abandoning module PhysXVehiclesEditor (226)
[2019.04.04-15.16.37:732][ 38]LogModuleManager: Shutting down and abandoning module PhysXVehicles (224)
[2019.04.04-15.16.37:732][ 38]LogModuleManager: Shutting down and abandoning module LocationServicesBPLibrary (222)
[2019.04.04-15.16.37:732][ 38]LogModuleManager: Shutting down and abandoning module ImmediatePhysicsEditor (220)
[2019.04.04-15.16.37:732][ 38]LogModuleManager: Shutting down and abandoning module ImmediatePhysics (218)
[2019.04.04-15.16.37:732][ 38]LogModuleManager: Shutting down and abandoning module ActorSequence (216)
[2019.04.04-15.16.37:732][ 38]LogModuleManager: Shutting down and abandoning module UdpMessaging (214)
[2019.04.04-15.16.37:832][ 38]LogModuleManager: Shutting down and abandoning module TcpMessaging (212)
[2019.04.04-15.16.38:207][ 38]LogModuleManager: Shutting down and abandoning module GameplayTagsEditor (210)
[2019.04.04-15.16.38:208][ 38]LogModuleManager: Shutting down and abandoning module FacialAnimation (208)
[2019.04.04-15.16.38:208][ 38]LogModuleManager: Shutting down and abandoning module DataValidation (206)
[2019.04.04-15.16.38:208][ 38]LogModuleManager: Shutting down and abandoning module AssetManagerEditor (204)
[2019.04.04-15.16.38:208][ 38]LogModuleManager: Shutting down and abandoning module TreeMap (203)
[2019.04.04-15.16.38:208][ 38]LogModuleManager: Shutting down and abandoning module LightPropagationVolumeRuntime (200)
[2019.04.04-15.16.38:208][ 38]LogModuleManager: Shutting down and abandoning module LiveLink (198)
[2019.04.04-15.16.38:893][ 38]LogModuleManager: Shutting down and abandoning module Paper2D (196)
[2019.04.04-15.16.38:893][ 38]LogModuleManager: Shutting down and abandoning module PIEPreviewDeviceProfileSelector (194)
[2019.04.04-15.16.38:893][ 38]LogModuleManager: Shutting down and abandoning module WindowsMoviePlayer (192)
[2019.04.04-15.16.38:893][ 38]LogModuleManager: Shutting down and abandoning module WmfMedia (190)
[2019.04.04-15.16.38:895][ 38]LogModuleManager: Shutting down and abandoning module Media (189)
[2019.04.04-15.16.38:900][ 38]LogModuleManager: Shutting down and abandoning module PacketHandler (186)
[2019.04.04-15.16.38:900][ 38]LogModuleManager: Shutting down and abandoning module ClothingSystemEditor (184)
[2019.04.04-15.16.38:901][ 38]LogModuleManager: Shutting down and abandoning module ClothingSystemRuntime (182)
[2019.04.04-15.16.38:901][ 38]LogModuleManager: Shutting down and abandoning module MediaAssets (180)
[2019.04.04-15.16.38:901][ 38]LogModuleManager: Shutting down and abandoning module Overlay (178)
[2019.04.04-15.16.38:901][ 38]LogModuleManager: Shutting down and abandoning module OverlayEditor (177)
[2019.04.04-15.16.38:901][ 38]LogModuleManager: Shutting down and abandoning module VREditor (174)
[2019.04.04-15.16.38:901][ 38]LogModuleManager: Shutting down and abandoning module StringTableEditor (172)
[2019.04.04-15.16.38:901][ 38]LogModuleManager: Shutting down and abandoning module GameplayTasksEditor (170)
[2019.04.04-15.16.38:901][ 38]LogModuleManager: Shutting down and abandoning module BehaviorTreeEditor (168)
[2019.04.04-15.16.38:901][ 38]LogModuleManager: Shutting down and abandoning module FunctionalTesting (166)
[2019.04.04-15.16.38:901][ 38]LogModuleManager: Shutting down and abandoning module CollisionAnalyzer (164)
[2019.04.04-15.16.38:901][ 38]LogModuleManager: Shutting down and abandoning module WorkspaceMenuStructure (163)
[2019.04.04-15.16.38:901][ 38]LogModuleManager: Shutting down and abandoning module UMG (160)
[2019.04.04-15.16.38:901][ 38]LogModuleManager: Shutting down and abandoning module UMGEditor (159)
[2019.04.04-15.16.38:901][ 38]LogModuleManager: Shutting down and abandoning module Sequencer (158)
[2019.04.04-15.16.38:901][ 38]LogModuleManager: Shutting down and abandoning module MessageLog (155)
[2019.04.04-15.16.38:901][ 38]LogModuleManager: Shutting down and abandoning module SlateReflector (150)
[2019.04.04-15.16.38:901][ 38]LogModuleManager: Shutting down and abandoning module Slate (148)
[2019.04.04-15.16.38:901][ 38]LogModuleManager: Shutting down and abandoning module EditorStyle (146)
[2019.04.04-15.16.38:903][ 38]LogModuleManager: Shutting down and abandoning module MRMesh (144)
[2019.04.04-15.16.38:903][ 38]LogModuleManager: Shutting down and abandoning module Messaging (142)
[2019.04.04-15.16.38:903][ 38]LogModuleManager: Shutting down and abandoning module SourceCodeAccess (140)
[2019.04.04-15.16.38:903][ 38]LogModuleManager: Shutting down and abandoning module HeadMountedDisplay (138)
[2019.04.04-15.16.38:903][ 38]LogModuleManager: Shutting down and abandoning module XAudio2 (136)
[2019.04.04-15.16.38:903][ 38]LogModuleManager: Shutting down and abandoning module Networking (134)
[2019.04.04-15.16.38:903][ 38]LogModuleManager: Shutting down and abandoning module Core (132)
[2019.04.04-15.16.38:903][ 38]LogModuleManager: Shutting down and abandoning module LevelSequence (130)
[2019.04.04-15.16.38:903][ 38]LogModuleManager: Shutting down and abandoning module KismetCompiler (128)
[2019.04.04-15.16.38:903][ 38]LogModuleManager: Shutting down and abandoning module MeshUtilities (126)
[2019.04.04-15.16.38:903][ 38]LogModuleManager: Shutting down and abandoning module MeshMergeUtilities (125)
[2019.04.04-15.16.38:903][ 38]LogModuleManager: Shutting down and abandoning module MeshReductionInterface (124)
[2019.04.04-15.16.38:903][ 38]LogModuleManager: Shutting down and abandoning module SimplygonSwarm (123)
[2019.04.04-15.16.38:903][ 38]LogModuleManager: Shutting down and abandoning module SimplygonMeshReduction (121)
[2019.04.04-15.16.38:903][ 38]LogModuleManager: Shutting down and abandoning module QuadricMeshReduction (119)
[2019.04.04-15.16.38:903][ 38]LogModuleManager: Shutting down and abandoning module MaterialBaking (115)
[2019.04.04-15.16.38:903][ 38]LogModuleManager: Shutting down and abandoning module DerivedDataCache (110)
[2019.04.04-15.16.39:075][ 38]LogDerivedDataCache: Shutdown
[2019.04.04-15.16.39:075][ 38]LogModuleManager: Shutting down and abandoning module XGEController (108)
[2019.04.04-15.16.39:075][ 38]LogModuleManager: Shutting down and abandoning module TargetPlatform (106)
[2019.04.04-15.16.39:075][ 38]LogModuleManager: Shutting down and abandoning module VulkanShaderFormat (105)
[2019.04.04-15.16.39:075][ 38]LogModuleManager: Shutting down and abandoning module ShaderFormatVectorVM (103)
[2019.04.04-15.16.39:075][ 38]LogModuleManager: Shutting down and abandoning module ShaderFormatOpenGL (101)
[2019.04.04-15.16.39:075][ 38]LogModuleManager: Shutting down and abandoning module ShaderFormatD3D (99)
[2019.04.04-15.16.39:075][ 38]LogModuleManager: Shutting down and abandoning module MetalShaderFormat (97)
[2019.04.04-15.16.39:075][ 38]LogModuleManager: Shutting down and abandoning module TextureFormatUncompressed (95)
[2019.04.04-15.16.39:075][ 38]LogModuleManager: Shutting down and abandoning module TextureFormatPVR (93)
[2019.04.04-15.16.39:075][ 38]LogModuleManager: Shutting down and abandoning module TextureFormatDXT (91)
[2019.04.04-15.16.39:075][ 38]LogModuleManager: Shutting down and abandoning module TextureFormatIntelISPCTexComp (89)
[2019.04.04-15.16.39:075][ 38]LogModuleManager: Shutting down and abandoning module TextureFormatASTC (87)
[2019.04.04-15.16.39:075][ 38]LogModuleManager: Shutting down and abandoning module ImageWrapper (86)
[2019.04.04-15.16.39:075][ 38]LogModuleManager: Shutting down and abandoning module TextureFormatAndroid (83)
[2019.04.04-15.16.39:075][ 38]LogModuleManager: Shutting down and abandoning module AudioFormatOpus (81)
[2019.04.04-15.16.39:075][ 38]LogModuleManager: Shutting down and abandoning module AudioFormatOgg (79)
[2019.04.04-15.16.39:075][ 38]LogModuleManager: Shutting down and abandoning module AudioFormatADPCM (77)
[2019.04.04-15.16.39:075][ 38]LogModuleManager: Shutting down and abandoning module WindowsTargetPlatform (75)
[2019.04.04-15.16.39:075][ 38]LogModuleManager: Shutting down and abandoning module WindowsServerTargetPlatform (73)
[2019.04.04-15.16.39:075][ 38]LogModuleManager: Shutting down and abandoning module WindowsNoEditorTargetPlatform (71)
[2019.04.04-15.16.39:075][ 38]LogModuleManager: Shutting down and abandoning module WindowsClientTargetPlatform (69)
[2019.04.04-15.16.39:075][ 38]LogModuleManager: Shutting down and abandoning module InputCore (66)
[2019.04.04-15.16.39:075][ 38]LogModuleManager: Shutting down and abandoning module Settings (64)
[2019.04.04-15.16.39:075][ 38]LogModuleManager: Shutting down and abandoning module PhysXCooking (62)
[2019.04.04-15.16.39:075][ 38]LogModuleManager: Shutting down and abandoning module SteamVR (60)
[2019.04.04-15.16.39:075][ 38]LogModuleManager: Shutting down and abandoning module OculusHMD (58)
[2019.04.04-15.16.39:076][ 38]LogModuleManager: Shutting down and abandoning module ExampleDeviceProfileSelector (56)
[2019.04.04-15.16.39:076][ 38]LogModuleManager: Shutting down and abandoning module AppleARKit (54)
[2019.04.04-15.16.39:076][ 38]LogModuleManager: Shutting down and abandoning module AugmentedReality (51)
[2019.04.04-15.16.39:076][ 38]LogModuleManager: Shutting down and abandoning module OnlineBlueprintSupport (48)
[2019.04.04-15.16.39:076][ 38]LogModuleManager: Shutting down and abandoning module OnlineSubsystem (44)
[2019.04.04-15.16.39:076][ 38]LogModuleManager: Shutting down and abandoning module XMPP (43)
[2019.04.04-15.16.39:076][ 38]LogModuleManager: Shutting down and abandoning module HTTP (41)
[2019.04.04-15.16.39:095][ 38]LogModuleManager: Shutting down and abandoning module SSL (40)
[2019.04.04-15.16.39:096][ 38]LogModuleManager: Shutting down and abandoning module AnimationModifiers (36)
[2019.04.04-15.16.39:096][ 38]LogModuleManager: Shutting down and abandoning module PropertyEditor (35)
[2019.04.04-15.16.39:096][ 38]LogModuleManager: Shutting down and abandoning module AudioEditor (32)
[2019.04.04-15.16.39:096][ 38]LogModuleManager: Shutting down and abandoning module TextureCompressor (30)
[2019.04.04-15.16.39:096][ 38]LogModuleManager: Shutting down and abandoning module ShaderCore (28)
[2019.04.04-15.16.39:097][ 38]LogModuleManager: Shutting down and abandoning module Landscape (26)
[2019.04.04-15.16.39:097][ 38]LogModuleManager: Shutting down and abandoning module SlateRHIRenderer (24)
[2019.04.04-15.16.39:097][ 38]LogModuleManager: Shutting down and abandoning module OpenGLDrv (22)
[2019.04.04-15.16.39:097][ 38]LogModuleManager: Shutting down and abandoning module D3D11RHI (20)
[2019.04.04-15.16.39:097][ 38]LogModuleManager: Shutting down and abandoning module AnimGraphRuntime (18)
[2019.04.04-15.16.39:097][ 38]LogModuleManager: Shutting down and abandoning module Renderer (16)
[2019.04.04-15.16.39:097][ 38]LogModuleManager: Shutting down and abandoning module Engine (14)
[2019.04.04-15.16.39:097][ 38]LogModuleManager: Shutting down and abandoning module CoreUObject (12)
[2019.04.04-15.16.39:097][ 38]LogModuleManager: Shutting down and abandoning module NetworkFile (10)
[2019.04.04-15.16.39:097][ 38]LogModuleManager: Shutting down and abandoning module CookedIterativeFile (8)
[2019.04.04-15.16.39:097][ 38]LogModuleManager: Shutting down and abandoning module StreamingFile (6)
[2019.04.04-15.16.39:097][ 38]LogModuleManager: Shutting down and abandoning module SandboxFile (4)
[2019.04.04-15.16.39:097][ 38]LogModuleManager: Shutting down and abandoning module PakFile (2)
[2019.04.04-15.16.39:109][ 38]LogExit: Exiting.
[2019.04.04-15.16.39:113][ 38]Log file closed, 04/04/19 16:16:39
