Log file open, 03/12/19 21:41:37
LogWindows: Failed to load 'aqProf.dll' (GetLastError=126)
LogWindows: File 'aqProf.dll' does not exist
LogWindows: Failed to load 'VtuneApi.dll' (GetLastError=126)
LogWindows: File 'VtuneApi.dll' does not exist
LogWindows: Failed to load 'VtuneApi32e.dll' (GetLastError=126)
LogWindows: File 'VtuneApi32e.dll' does not exist
LogInit: Display: Running engine for game: Refraction
LogPlatformFile: Not using cached read wrapper
LogInit: Display: RandInit(-154143358) SRandInit(-154143358).
LogInit: Read version file with build ID '3944462'
LogInit: Overriding engine version to CL 4033788, compatible CL 3944462
LogInit: Registered custom module enumerator with build ID '3944462'
LogTaskGraph: Started task graph with 5 named threads and 23 total threads with 3 sets of task threads.
LogStats: Stats thread started at 0.543901
LogD3D11RHI: Aftermath initialized
LogICUInternationalization: Display: ICU TimeZone Detection - Raw Offset: +0:00, Platform Override: ''
LogModuleManager: Display: Found up-to-date module file ../../../Engine/Plugins/2D/Paper2D/Binaries/Win64/UE4Editor-Paper2D.dll (API version 3944462).
LogModuleManager: Display: Found up-to-date module file ../../../Engine/Plugins/2D/Paper2D/Binaries/Win64/UE4Editor-Paper2DEditor.dll (API version 3944462).
LogModuleManager: Display: Found up-to-date module file ../../../Engine/Plugins/2D/Paper2D/Binaries/Win64/UE4Editor-PaperSpriteSheetImporter.dll (API version 3944462).
LogModuleManager: Display: Found up-to-date module file ../../../Engine/Plugins/2D/Paper2D/Binaries/Win64/UE4Editor-PaperTiledImporter.dll (API version 3944462).
LogModuleManager: Display: Found up-to-date module file ../../../Engine/Plugins/2D/Paper2D/Binaries/Win64/UE4Editor-SmartSnapping.dll (API version 3944462).
LogModuleManager: Display: Found up-to-date module file ../../../Engine/Plugins/Blendables/LightPropagationVolume/Binaries/Win64/UE4Editor-LightPropagationVolumeRuntime.dll (API version 3944462).
LogModuleManager: Display: Found up-to-date module file ../../../Engine/Plugins/Blendables/LightPropagationVolume/Binaries/Win64/UE4Editor-LightPropagationVolumeEditor.dll (API version 3944462).
LogModuleManager: Display: Found up-to-date module file ../../../Engine/Plugins/Developer/CLionSourceCodeAccess/Binaries/Win64/UE4Editor-CLionSourceCodeAccess.dll (API version 3944462).
LogModuleManager: Display: Found up-to-date module file ../../../Engine/Plugins/Developer/GitSourceControl/Binaries/Win64/UE4Editor-GitSourceControl.dll (API version 3944462).
LogModuleManager: Display: Found up-to-date module file ../../../Engine/Plugins/Developer/PerforceSourceControl/Binaries/Win64/UE4Editor-PerforceSourceControl.dll (API version 3944462).
LogModuleManager: Display: Found up-to-date module file ../../../Engine/Plugins/Developer/SubversionSourceControl/Binaries/Win64/UE4Editor-SubversionSourceControl.dll (API version 3944462).
LogModuleManager: Display: Found up-to-date module file ../../../Engine/Plugins/Developer/UObjectPlugin/Binaries/Win64/UE4Editor-UObjectPlugin.dll (API version 3944462).
LogModuleManager: Display: Found up-to-date module file ../../../Engine/Plugins/Developer/VisualStudioCodeSourceCodeAccess/Binaries/Win64/UE4Editor-VisualStudioCodeSourceCodeAccess.dll (API version 3944462).
LogModuleManager: Display: Found up-to-date module file ../../../Engine/Plugins/Developer/VisualStudioSourceCodeAccess/Binaries/Win64/UE4Editor-VisualStudioSourceCodeAccess.dll (API version 3944462).
LogModuleManager: Display: Found up-to-date module file ../../../Engine/Plugins/Editor/AssetManagerEditor/Binaries/Win64/UE4Editor-AssetManagerEditor.dll (API version 3944462).
LogModuleManager: Display: Found up-to-date module file ../../../Engine/Plugins/Editor/CryptoKeys/Binaries/Win64/UE4Editor-CryptoKeys.dll (API version 3944462).
LogModuleManager: Display: Found up-to-date module file ../../../Engine/Plugins/Editor/CryptoKeys/Binaries/Win64/UE4Editor-CryptoKeysOpenSSL.dll (API version 3944462).
LogModuleManager: Display: Found up-to-date module file ../../../Engine/Plugins/Editor/DataValidation/Binaries/Win64/UE4Editor-DataValidation.dll (API version 3944462).
LogModuleManager: Display: Found up-to-date module file ../../../Engine/Plugins/Editor/FacialAnimation/Binaries/Win64/UE4Editor-FacialAnimation.dll (API version 3944462).
LogModuleManager: Display: Found up-to-date module file ../../../Engine/Plugins/Editor/FacialAnimation/Binaries/Win64/UE4Editor-FacialAnimationEditor.dll (API version 3944462).
LogModuleManager: Display: Found up-to-date module file ../../../Engine/Plugins/Editor/GameplayTagsEditor/Binaries/Win64/UE4Editor-GameplayTagsEditor.dll (API version 3944462).
LogModuleManager: Display: Found up-to-date module file ../../../Engine/Plugins/Editor/MobileLauncherProfileWizard/Binaries/Win64/UE4Editor-MobileLauncherProfileWizard.dll (API version 3944462).
LogModuleManager: Display: Found up-to-date module file ../../../Engine/Plugins/Editor/PluginBrowser/Binaries/Win64/UE4Editor-PluginBrowser.dll (API version 3944462).
LogModuleManager: Display: Found up-to-date module file ../../../Engine/Plugins/Editor/SpeedTreeImporter/Binaries/Win64/UE4Editor-SpeedTreeImporter.dll (API version 3944462).
LogModuleManager: Display: Found up-to-date module file ../../../Engine/Plugins/Enterprise/DatasmithContent/Binaries/Win64/UE4Editor-DatasmithContent.dll (API version 3944462).
LogModuleManager: Display: Found up-to-date module file ../../../Engine/Plugins/Experimental/AlembicImporter/Binaries/Win64/UE4Editor-AlembicImporter.dll (API version 3944462).
LogModuleManager: Display: Found up-to-date module file ../../../Engine/Plugins/Experimental/AlembicImporter/Binaries/Win64/UE4Editor-AlembicLibrary.dll (API version 3944462).
LogModuleManager: Display: Found up-to-date module file ../../../Engine/Plugins/Experimental/CharacterAI/Binaries/Win64/UE4Editor-CharacterAI.dll (API version 3944462).
LogModuleManager: Display: Found up-to-date module file ../../../Engine/Plugins/Experimental/HTML5Networking/Binaries/Win64/UE4Editor-HTML5Networking.dll (API version 3944462).
LogModuleManager: Display: Found up-to-date module file ../../../Engine/Plugins/Media/AndroidMedia/Binaries/Win64/UE4Editor-AndroidMediaEditor.dll (API version 3944462).
LogModuleManager: Display: Found up-to-date module file ../../../Engine/Plugins/Media/AndroidMedia/Binaries/Win64/UE4Editor-AndroidMediaFactory.dll (API version 3944462).
LogModuleManager: Display: Found up-to-date module file ../../../Engine/Plugins/Media/AvfMedia/Binaries/Win64/UE4Editor-AvfMediaEditor.dll (API version 3944462).
LogModuleManager: Display: Found up-to-date module file ../../../Engine/Plugins/Media/AvfMedia/Binaries/Win64/UE4Editor-AvfMediaFactory.dll (API version 3944462).
LogModuleManager: Display: Found up-to-date module file ../../../Engine/Plugins/Media/AvfMedia/Binaries/Win64/UE4Editor-AvfMediaFactory.dll (API version 3944462).
LogModuleManager: Display: Found up-to-date module file ../../../Engine/Plugins/Media/ImgMedia/Binaries/Win64/UE4Editor-ImgMedia.dll (API version 3944462).
LogModuleManager: Display: Found up-to-date module file ../../../Engine/Plugins/Media/ImgMedia/Binaries/Win64/UE4Editor-ImgMediaEditor.dll (API version 3944462).
LogModuleManager: Display: Found up-to-date module file ../../../Engine/Plugins/Media/ImgMedia/Binaries/Win64/UE4Editor-ImgMediaFactory.dll (API version 3944462).
LogModuleManager: Display: Found up-to-date module file ../../../Engine/Plugins/Media/ImgMedia/Binaries/Win64/UE4Editor-ImgMediaFactory.dll (API version 3944462).
LogModuleManager: Display: Found up-to-date module file ../../../Engine/Plugins/Media/ImgMedia/Binaries/Win64/UE4Editor-OpenExrWrapper.dll (API version 3944462).
LogModuleManager: Display: Found up-to-date module file ../../../Engine/Plugins/Media/LinearTimecode/Binaries/Win64/UE4Editor-LinearTimecode.dll (API version 3944462).
LogModuleManager: Display: Found up-to-date module file ../../../Engine/Plugins/Media/MediaCompositing/Binaries/Win64/UE4Editor-MediaCompositing.dll (API version 3944462).
LogModuleManager: Display: Found up-to-date module file ../../../Engine/Plugins/Media/MediaCompositing/Binaries/Win64/UE4Editor-MediaCompositingEditor.dll (API version 3944462).
LogModuleManager: Display: Found up-to-date module file ../../../Engine/Plugins/Media/MediaPlayerEditor/Binaries/Win64/UE4Editor-MediaPlayerEditor.dll (API version 3944462).
LogModuleManager: Display: Found up-to-date module file ../../../Engine/Plugins/Media/WmfMedia/Binaries/Win64/UE4Editor-WmfMedia.dll (API version 3944462).
LogModuleManager: Display: Found up-to-date module file ../../../Engine/Plugins/Media/WmfMedia/Binaries/Win64/UE4Editor-WmfMediaEditor.dll (API version 3944462).
LogModuleManager: Display: Found up-to-date module file ../../../Engine/Plugins/Media/WmfMedia/Binaries/Win64/UE4Editor-WmfMediaFactory.dll (API version 3944462).
LogModuleManager: Display: Found up-to-date module file ../../../Engine/Plugins/Media/WmfMedia/Binaries/Win64/UE4Editor-WmfMediaFactory.dll (API version 3944462).
LogModuleManager: Display: Found up-to-date module file ../../../Engine/Plugins/Messaging/TcpMessaging/Binaries/Win64/UE4Editor-TcpMessaging.dll (API version 3944462).
LogModuleManager: Display: Found up-to-date module file ../../../Engine/Plugins/Messaging/UdpMessaging/Binaries/Win64/UE4Editor-UdpMessaging.dll (API version 3944462).
LogModuleManager: Display: Found up-to-date module file ../../../Engine/Plugins/MovieScene/ActorSequence/Binaries/Win64/UE4Editor-ActorSequence.dll (API version 3944462).
LogModuleManager: Display: Found up-to-date module file ../../../Engine/Plugins/MovieScene/LevelSequenceEditor/Binaries/Win64/UE4Editor-LevelSequenceEditor.dll (API version 3944462).
LogModuleManager: Display: Found up-to-date module file ../../../Engine/Plugins/MovieScene/MatineeToLevelSequence/Binaries/Win64/UE4Editor-MatineeToLevelSequence.dll (API version 3944462).
LogModuleManager: Display: Found up-to-date module file ../../../Engine/Plugins/NetcodeUnitTest/NetcodeUnitTest/Binaries/Win64/UE4Editor-NetcodeUnitTest.dll (API version 3944462).
LogModuleManager: Display: Found up-to-date module file ../../../Engine/Plugins/NetcodeUnitTest/NUTUnrealEngine4/Binaries/Win64/UE4Editor-NUTUnrealEngine4.dll (API version 3944462).
LogModuleManager: Display: Found up-to-date module file ../../../Engine/Plugins/Online/OnlineSubsystem/Binaries/Win64/UE4Editor-OnlineSubsystem.dll (API version 3944462).
LogModuleManager: Display: Found up-to-date module file ../../../Engine/Plugins/Runtime/AndroidPermission/Binaries/Win64/UE4Editor-AndroidPermission.dll (API version 3944462).
LogModuleManager: Display: Found up-to-date module file ../../../Engine/Plugins/Online/OnlineSubsystemNull/Binaries/Win64/UE4Editor-OnlineSubsystemNull.dll (API version 3944462).
LogModuleManager: Display: Found up-to-date module file ../../../Engine/Plugins/Online/OnlineSubsystemUtils/Binaries/Win64/UE4Editor-OnlineSubsystemUtils.dll (API version 3944462).
LogModuleManager: Display: Found up-to-date module file ../../../Engine/Plugins/Online/OnlineSubsystemUtils/Binaries/Win64/UE4Editor-OnlineBlueprintSupport.dll (API version 3944462).
LogModuleManager: Display: Found up-to-date module file ../../../Engine/Plugins/Runtime/AndroidDeviceProfileSelector/Binaries/Win64/UE4Editor-AndroidDeviceProfileSelector.dll (API version 3944462).
LogModuleManager: Display: Found up-to-date module file ../../../Engine/Plugins/Runtime/AppleARKit/Binaries/Win64/UE4Editor-AppleARKit.dll (API version 3944462).
LogModuleManager: Display: Found up-to-date module file ../../../Engine/Plugins/Runtime/ProceduralMeshComponent/Binaries/Win64/UE4Editor-ProceduralMeshComponent.dll (API version 3944462).
LogModuleManager: Display: Found up-to-date module file ../../../Engine/Plugins/Runtime/ProceduralMeshComponent/Binaries/Win64/UE4Editor-ProceduralMeshComponentEditor.dll (API version 3944462).
LogModuleManager: Display: Found up-to-date module file ../../../Engine/Plugins/Animation/LiveLink/Binaries/Win64/UE4Editor-LiveLink.dll (API version 3944462).
LogModuleManager: Display: Found up-to-date module file ../../../Engine/Plugins/Animation/LiveLink/Binaries/Win64/UE4Editor-LiveLinkEditor.dll (API version 3944462).
LogModuleManager: Display: Found up-to-date module file ../../../Engine/Plugins/Runtime/ArchVisCharacter/Binaries/Win64/UE4Editor-ArchVisCharacter.dll (API version 3944462).
LogModuleManager: Display: Found up-to-date module file ../../../Engine/Plugins/Runtime/AudioCapture/Binaries/Win64/UE4Editor-AudioCapture.dll (API version 3944462).
LogModuleManager: Display: Found up-to-date module file ../../../Engine/Plugins/Runtime/AudioCapture/Binaries/Win64/UE4Editor-AudioCaptureEditor.dll (API version 3944462).
LogModuleManager: Display: Found up-to-date module file ../../../Engine/Plugins/Runtime/CableComponent/Binaries/Win64/UE4Editor-CableComponent.dll (API version 3944462).
LogModuleManager: Display: Found up-to-date module file ../../../Engine/Plugins/Runtime/CustomMeshComponent/Binaries/Win64/UE4Editor-CustomMeshComponent.dll (API version 3944462).
LogModuleManager: Display: Found up-to-date module file ../../../Engine/Plugins/Runtime/ExampleDeviceProfileSelector/Binaries/Win64/UE4Editor-ExampleDeviceProfileSelector.dll (API version 3944462).
LogModuleManager: Display: Found up-to-date module file ../../../Engine/Plugins/Runtime/ImmediatePhysics/Binaries/Win64/UE4Editor-ImmediatePhysics.dll (API version 3944462).
LogModuleManager: Display: Found up-to-date module file ../../../Engine/Plugins/Runtime/ImmediatePhysics/Binaries/Win64/UE4Editor-ImmediatePhysicsEditor.dll (API version 3944462).
LogModuleManager: Display: Found up-to-date module file ../../../Engine/Plugins/Runtime/LocationServicesBPLibrary/Binaries/Win64/UE4Editor-LocationServicesBPLibrary.dll (API version 3944462).
LogModuleManager: Display: Found up-to-date module file ../../../Engine/Plugins/Runtime/MobilePatchingUtils/Binaries/Win64/UE4Editor-MobilePatchingUtils.dll (API version 3944462).
LogModuleManager: Display: Found up-to-date module file ../../../Engine/Plugins/Runtime/Oculus/OculusVR/Binaries/Win64/UE4Editor-OculusHMD.dll (API version 3944462).
LogModuleManager: Display: Found up-to-date module file ../../../Engine/Plugins/Runtime/Oculus/OculusVR/Binaries/Win64/UE4Editor-OculusInput.dll (API version 3944462).
LogModuleManager: Display: Found up-to-date module file ../../../Engine/Plugins/Runtime/Oculus/OculusVR/Binaries/Win64/UE4Editor-OculusEditor.dll (API version 3944462).
LogModuleManager: Display: Found up-to-date module file ../../../Engine/Plugins/Runtime/PhysXVehicles/Binaries/Win64/UE4Editor-PhysXVehicles.dll (API version 3944462).
LogModuleManager: Display: Found up-to-date module file ../../../Engine/Plugins/Runtime/PhysXVehicles/Binaries/Win64/UE4Editor-PhysXVehiclesEditor.dll (API version 3944462).
LogModuleManager: Display: Found up-to-date module file ../../../Engine/Plugins/Runtime/RuntimePhysXCooking/Binaries/Win64/UE4Editor-RuntimePhysXCooking.dll (API version 3944462).
LogModuleManager: Display: Found up-to-date module file ../../../Engine/Plugins/Runtime/Steam/SteamVR/Binaries/Win64/UE4Editor-SteamVR.dll (API version 3944462).
LogModuleManager: Display: Found up-to-date module file ../../../Engine/Plugins/Runtime/Steam/SteamVR/Binaries/Win64/UE4Editor-SteamVRController.dll (API version 3944462).
LogModuleManager: Display: Found up-to-date module file ../../../Engine/Plugins/Runtime/WindowsMoviePlayer/Binaries/Win64/UE4Editor-WindowsMoviePlayer.dll (API version 3944462).
LogPluginManager: Mounting plugin Paper2D
LogPluginManager: Mounting plugin LiveLink
LogPluginManager: Mounting plugin LightPropagationVolume
LogPluginManager: Mounting plugin CLionSourceCodeAccess
LogPluginManager: Mounting plugin CodeLiteSourceCodeAccess
LogPluginManager: Mounting plugin GitSourceControl
LogPluginManager: Mounting plugin KDevelopSourceCodeAccess
LogPluginManager: Mounting plugin NullSourceCodeAccess
LogPluginManager: Mounting plugin PerforceSourceControl
LogPluginManager: Mounting plugin SubversionSourceControl
LogPluginManager: Mounting plugin UObjectPlugin
LogPluginManager: Mounting plugin VisualStudioCodeSourceCodeAccess
LogPluginManager: Mounting plugin VisualStudioSourceCodeAccess
LogPluginManager: Mounting plugin XCodeSourceCodeAccess
LogPluginManager: Mounting plugin AssetManagerEditor
LogPluginManager: Mounting plugin CryptoKeys
LogPluginManager: Mounting plugin DataValidation
LogPluginManager: Mounting plugin FacialAnimation
LogPluginManager: Mounting plugin GameplayTagsEditor
LogPluginManager: Mounting plugin MobileLauncherProfileWizard
LogPluginManager: Mounting plugin PluginBrowser
LogPluginManager: Mounting plugin SpeedTreeImporter
LogPluginManager: Mounting plugin DatasmithContent
LogPluginManager: Mounting plugin AlembicImporter
LogPluginManager: Mounting plugin CharacterAI
LogPluginManager: Mounting plugin HTML5Networking
LogPluginManager: Mounting plugin AndroidMedia
LogPluginManager: Mounting plugin AvfMedia
LogPluginManager: Mounting plugin ImgMedia
LogPluginManager: Mounting plugin LinearTimecode
LogPluginManager: Mounting plugin MediaCompositing
LogPluginManager: Mounting plugin MediaPlayerEditor
LogPluginManager: Mounting plugin WmfMedia
LogPluginManager: Mounting plugin TcpMessaging
LogPluginManager: Mounting plugin UdpMessaging
LogPluginManager: Mounting plugin ActorSequence
LogPluginManager: Mounting plugin LevelSequenceEditor
LogPluginManager: Mounting plugin MatineeToLevelSequence
LogPluginManager: Mounting plugin NetcodeUnitTest
LogPluginManager: Mounting plugin NUTUnrealEngine4
LogPluginManager: Mounting plugin OnlineSubsystemGooglePlay
LogPluginManager: Mounting plugin OnlineSubsystemIOS
LogPluginManager: Mounting plugin OnlineSubsystem
LogPluginManager: Mounting plugin OnlineSubsystemNull
LogPluginManager: Mounting plugin OnlineSubsystemUtils
LogPluginManager: Mounting plugin AndroidDeviceProfileSelector
LogPluginManager: Mounting plugin AndroidMoviePlayer
LogPluginManager: Mounting plugin AndroidPermission
LogPluginManager: Mounting plugin AppleARKit
LogPluginManager: Mounting plugin AppleMoviePlayer
LogPluginManager: Mounting plugin ArchVisCharacter
LogPluginManager: Mounting plugin AudioCapture
LogPluginManager: Mounting plugin CableComponent
LogPluginManager: Mounting plugin CustomMeshComponent
LogPluginManager: Mounting plugin ExampleDeviceProfileSelector
LogPluginManager: Mounting plugin GoogleCloudMessaging
LogPluginManager: Mounting plugin ImmediatePhysics
LogPluginManager: Mounting plugin IOSDeviceProfileSelector
LogPluginManager: Mounting plugin LinuxDeviceProfileSelector
LogPluginManager: Mounting plugin LocationServicesBPLibrary
LogPluginManager: Mounting plugin MobilePatchingUtils
LogPluginManager: Mounting plugin OculusVR
LogPluginManager: Plugin shader directory ../../../Engine/Plugins/Runtime/Oculus/OculusVR/Shaders found
LogPluginManager: Mapping shader source directory ../../../Engine/Plugins/Runtime/Oculus/OculusVR/Shaders to virtual directory /Plugin/OculusVR
LogPluginManager: Mounting plugin PhysXVehicles
LogPluginManager: Mounting plugin ProceduralMeshComponent
LogPluginManager: Mounting plugin RuntimePhysXCooking
LogPluginManager: Mounting plugin SteamVR
LogPluginManager: Mounting plugin WindowsMoviePlayer
LogStreaming: Display: Took  2.503s to configure plugins.
LogInit: Using libcurl 7.47.1
LogInit:  - built for x86_64-pc-win32
LogInit:  - supports SSL with OpenSSL/1.0.2g
LogInit:  - supports HTTP deflate (compression) using libz 1.2.8
LogInit:  - other features:
LogInit:      CURL_VERSION_SSL
LogInit:      CURL_VERSION_LIBZ
LogInit:      CURL_VERSION_IPV6
LogInit:      CURL_VERSION_ASYNCHDNS
LogInit:      CURL_VERSION_LARGEFILE
LogInit:      CURL_VERSION_IDN
LogInit:  CurlRequestOptions (configurable via config and command line):
LogInit:  - bVerifyPeer = false  - Libcurl will NOT verify peer certificate
LogInit:  - bUseHttpProxy = false  - Libcurl will NOT use HTTP proxy
LogInit:  - bDontReuseConnections = false  - Libcurl will reuse connections
LogInit:  - CertBundlePath = nullptr  - Libcurl will use whatever was configured at build time.
LogInit:  - MaxHostConnections = 16  - Libcurl will limit the number of connections to a host
LogInit:  - LocalHostAddr = Default
LogInit: WinSock: version 1.1 (2.2), MaxSocks=32767, MaxUdp=65467
LogInit: WinSock: I am ADAMS-PC (172.18.101.2:0)
LogInit: Build: ++UE4+Release-4.19-CL-4033788
LogInit: Engine Version: 4.19.2-4033788+++UE4+Release-4.19
LogInit: Compatible Engine Version: 4.19.0-3944462+++UE4+Release-4.19
LogInit: Net CL: 3944462
LogDevObjectVersion: Number of dev versions registered: 18
LogDevObjectVersion:   Dev-Blueprints (B0D832E4-1F89-4F0D-ACCF-7EB736FD4AA2): 10
LogDevObjectVersion:   Dev-Build (E1C64328-A22C-4D53-A36C-8E866417BD8C): 0
LogDevObjectVersion:   Dev-Core (375EC13C-06E4-48FB-B500-84F0262A717E): 2
LogDevObjectVersion:   Dev-Editor (E4B068ED-F494-42E9-A231-DA0B2E46BB41): 23
LogDevObjectVersion:   Dev-Framework (CFFC743F-43B0-4480-9391-14DF171D2073): 33
LogDevObjectVersion:   Dev-Mobile (B02B49B5-BB20-44E9-A304-32B752E40360): 2
LogDevObjectVersion:   Dev-Networking (A4E4105C-59A1-49B5-A7C5-40C4547EDFEE): 0
LogDevObjectVersion:   Dev-Online (39C831C9-5AE6-47DC-9A44-9C173E1C8E7C): 0
LogDevObjectVersion:   Dev-Physics (78F01B33-EBEA-4F98-B9B4-84EACCB95AA2): 0
LogDevObjectVersion:   Dev-Platform (6631380F-2D4D-43E0-8009-CF276956A95A): 0
LogDevObjectVersion:   Dev-Rendering (12F88B9F-8875-4AFC-A67C-D90C383ABD29): 25
LogDevObjectVersion:   Dev-Sequencer (7B5AE74C-D270-4C10-A958-57980B212A5A): 6
LogDevObjectVersion:   Dev-VR (D7296918-1DD6-4BDD-9DE2-64A83CC13884): 1
LogDevObjectVersion:   Dev-LoadTimes (C2A15278-BFE7-4AFE-6C17-90FF531DF755): 1
LogDevObjectVersion:   Private-Geometry (6EACA3D4-40EC-4CC1-B786-8BED09428FC5): 2
LogDevObjectVersion:   Dev-AnimPhys (29E575DD-E0A3-4627-9D10-D276232CDCEA): 16
LogDevObjectVersion:   Dev-ReflectionCapture (6B266CEC-1EC7-4B8F-A30B-E4D90942FC07): 1
LogDevObjectVersion:   Dev-Automation (0DF73D61-A23F-47EA-B727-89E90C41499A): 1
LogInit: Compiled (64-bit): Apr 27 2018 02:06:57
LogInit: Compiled with Visual C++: 19.00.24215.01
LogInit: Build Configuration: Development
LogInit: Branch Name: ++UE4+Release-4.19
LogInit: Command Line: 
LogInit: Base Directory: C:/Program Files/Epic Games/UE_4.19/Engine/Binaries/Win64/
LogInit: Installed Engine Build: 1
LogStreaming: Display: Took  0.002s to delete old logs.
LogInit: Presizing for max 8388607 objects, including 0 objects not considered by GC, pre-allocating 0 bytes for permanent pool.
LogInit: Object subsystem initialized
[2019.03.12-21.41.40:786][  0]LogInit: Selected Device Profile: [Windows]
[2019.03.12-21.41.40:786][  0]LogInit: Applying CVar settings loaded from the selected device profile: [Windows]
[2019.03.12-21.41.40:812][  0]LogInit: Computer: ADAMS-PC
[2019.03.12-21.41.40:812][  0]LogInit: User: Osixjoh
[2019.03.12-21.41.40:812][  0]LogInit: CPU Page size=4096, Cores=4
[2019.03.12-21.41.40:812][  0]LogInit: High frequency timer resolution =10.000000 MHz
[2019.03.12-21.41.40:813][  0]LogMemory: Memory total: Physical=16.0GB (16GB approx)
[2019.03.12-21.41.40:813][  0]LogMemory: Platform Memory Stats for Windows
[2019.03.12-21.41.40:813][  0]LogMemory: Process Physical Memory: 277.29 MB used, 277.29 MB peak
[2019.03.12-21.41.40:813][  0]LogMemory: Process Virtual Memory: 265.15 MB used, 265.15 MB peak
[2019.03.12-21.41.40:813][  0]LogMemory: Physical Memory: 7156.58 MB used,  9191.50 MB free, 16348.08 MB total
[2019.03.12-21.41.40:813][  0]LogMemory: Virtual Memory: 4791.89 MB used,  9191.50 MB free, 134217728.00 MB total
[2019.03.12-21.41.41:138][  0]LogInit: Using OS detected language (en-GB).
[2019.03.12-21.41.41:138][  0]LogInit: Using OS detected locale (en-GB).
[2019.03.12-21.41.41:147][  0]LogTextLocalizationManager: No specific localization for 'en-GB' exists, so the 'en' localization will be used.
[2019.03.12-21.41.41:799][  0]LogStreaming: Display: Took  0.661s to EndInitTextLocalization.
[2019.03.12-21.41.41:799][  0]LogInit: Setting process to per monitor DPI aware
[2019.03.12-21.41.41:903][  0]LogSlate: New Slate User Created.  User Index 0, Is Virtual User: 0
[2019.03.12-21.41.41:903][  0]LogSlate: Slate User Registered.  User Index 0, Is Virtual User: 0
[2019.03.12-21.41.42:310][  0]LogD3D11RHI: D3D11 adapters:
[2019.03.12-21.41.42:537][  0]LogD3D11RHI:    0. 'AMD Radeon (TM) R9 390 Series' (Feature Level 11_0)
[2019.03.12-21.41.42:537][  0]LogD3D11RHI:       8168/0/8174 MB DedicatedVideo/DedicatedSystem/SharedSystem, Outputs:2, VendorId:0x1002
[2019.03.12-21.41.42:548][  0]LogD3D11RHI:    1. 'Microsoft Basic Render Driver' (Feature Level 11_0)
[2019.03.12-21.41.42:548][  0]LogD3D11RHI:       0/0/8174 MB DedicatedVideo/DedicatedSystem/SharedSystem, Outputs:0, VendorId:0x1414
[2019.03.12-21.41.42:548][  0]LogD3D11RHI: Chosen D3D11 Adapter: 0
[2019.03.12-21.41.42:567][  0]LogD3D11RHI: Creating new Direct3DDevice
[2019.03.12-21.41.42:567][  0]LogD3D11RHI:     GPU DeviceId: 0x67b0 (for the marketing name, search the web for "GPU Device Id")
[2019.03.12-21.41.42:567][  0]LogWindows: EnumDisplayDevices:
[2019.03.12-21.41.42:567][  0]LogWindows:    0. 'AMD Radeon (TM) R9 390 Series' (P:1 D:1)
[2019.03.12-21.41.42:568][  0]LogWindows:    1. 'AMD Radeon (TM) R9 390 Series' (P:0 D:1)
[2019.03.12-21.41.42:569][  0]LogWindows:    2. 'AMD Radeon (TM) R9 390 Series' (P:0 D:0)
[2019.03.12-21.41.42:569][  0]LogWindows:    3. 'AMD Radeon (TM) R9 390 Series' (P:0 D:0)
[2019.03.12-21.41.42:570][  0]LogWindows:    4. 'AMD Radeon (TM) R9 390 Series' (P:0 D:0)
[2019.03.12-21.41.42:571][  0]LogWindows:    5. 'AMD Radeon (TM) R9 390 Series' (P:0 D:0)
[2019.03.12-21.41.42:571][  0]LogWindows:    6. 'AMD Radeon (TM) R9 390 Series' (P:0 D:0)
[2019.03.12-21.41.42:572][  0]LogWindows:    7. 'AMD Radeon (TM) R9 390 Series' (P:0 D:0)
[2019.03.12-21.41.42:573][  0]LogWindows: DebugString: GetVideoDriverDetailsInvalid PrimaryIsNotTheChoosenAdapter GetVideoDriverDetailsInvalid PrimaryIsNotTheChoosenAdapter GetVideoDriverDetailsInvalid PrimaryIsNotTheChoosenAdapter GetVideoDriverDetailsInvalid PrimaryIsNotTheChoosenAdapter GetVideoDriverDetailsInvalid PrimaryIsNotTheChoosenAdapter GetVideoDriverDetailsInvalid PrimaryIsNotTheChoosenAdapter GetVideoDriverDetailsInvalid PrimaryIsNotTheChoosenAdapter GetVideoDriverDetailsInvalid PrimaryIsNotTheChoosenAdapter FoundDriverCount:0 
[2019.03.12-21.41.42:573][  0]LogD3D11RHI:     Adapter Name: AMD Radeon (TM) R9 390 Series
[2019.03.12-21.41.42:573][  0]LogD3D11RHI:   Driver Version: Unknown (internal:Unknown, unified:Unknown)
[2019.03.12-21.41.42:573][  0]LogD3D11RHI:      Driver Date: Unknown
[2019.03.12-21.41.42:573][  0]LogRHI: Texture pool is 5717 MB (70% of 8168 MB)
[2019.03.12-21.41.42:773][  0]LogD3D11RHI: Async texture creation enabled
[2019.03.12-21.41.42:788][  0]LogD3D11RHI: GPU Timing Frequency: 27.000000 (Debug: 2 1)
[2019.03.12-21.41.42:790][  0]LogShaderCompilers: Guid format shader working directory is -22 characters bigger than the processId version (../../../../../../Users/Osixjoh/Documents/GitHub/Refraction/Refraction/Intermediate/Shaders/WorkingDirectory/6896/).
[2019.03.12-21.41.42:790][  0]LogShaderCompilers: Cleaned the shader compiler working directory 'C:/Users/Osixjoh/AppData/Local/Temp/UnrealShaderWorkingDir/DA879F614B764A5A6B13A2BBDA069612/'.
[2019.03.12-21.41.43:598][  0]LogTemp: Display: Loaded TP AllDesktopTargetPlatform
[2019.03.12-21.41.43:640][  0]LogTemp: Display: Loaded TP MacClientTargetPlatform
[2019.03.12-21.41.43:679][  0]LogTemp: Display: Loaded TP MacNoEditorTargetPlatform
[2019.03.12-21.41.43:725][  0]LogTemp: Display: Loaded TP MacServerTargetPlatform
[2019.03.12-21.41.43:765][  0]LogTemp: Display: Loaded TP MacTargetPlatform
[2019.03.12-21.41.43:803][  0]LogTemp: Display: Loaded TP WindowsClientTargetPlatform
[2019.03.12-21.41.43:843][  0]LogTemp: Display: Loaded TP WindowsNoEditorTargetPlatform
[2019.03.12-21.41.43:888][  0]LogTemp: Display: Loaded TP WindowsServerTargetPlatform
[2019.03.12-21.41.43:919][  0]LogTemp: Display: Loaded TP WindowsTargetPlatform
[2019.03.12-21.41.43:966][  0]LogTemp: Display: Loaded TP Android_ASTCTargetPlatform
[2019.03.12-21.41.44:011][  0]LogTemp: Display: Loaded TP Android_ATCTargetPlatform
[2019.03.12-21.41.44:050][  0]LogTemp: Display: Loaded TP Android_DXTTargetPlatform
[2019.03.12-21.41.44:085][  0]LogTemp: Display: Loaded TP Android_ETC1aTargetPlatform
[2019.03.12-21.41.44:125][  0]LogTemp: Display: Loaded TP Android_ETC1TargetPlatform
[2019.03.12-21.41.44:165][  0]LogTemp: Display: Loaded TP Android_ETC2TargetPlatform
[2019.03.12-21.41.44:249][  0]LogTemp: Display: Loaded TP Android_MultiTargetPlatform
[2019.03.12-21.41.44:249][  0]LogTemp: Display: Loaded TP Android_PVRTCTargetPlatform
[2019.03.12-21.41.44:292][  0]LogTemp: Display: Loaded TP AndroidTargetPlatform
[2019.03.12-21.41.44:314][  0]LogTemp: Display: Loaded TP HTML5TargetPlatform
[2019.03.12-21.41.44:421][  0]LogTemp: Display: Loaded TP IOSTargetPlatform
[2019.03.12-21.41.44:457][  0]LogTemp: Display: Loaded TP TVOSTargetPlatform
[2019.03.12-21.41.44:498][  0]LogTemp: Display: Loaded TP LinuxClientTargetPlatform
[2019.03.12-21.41.44:537][  0]LogTemp: Display: Loaded TP LinuxNoEditorTargetPlatform
[2019.03.12-21.41.44:574][  0]LogTemp: Display: Loaded TP LinuxServerTargetPlatform
[2019.03.12-21.41.44:612][  0]LogTemp: Display: Loaded TP LinuxTargetPlatform
[2019.03.12-21.41.44:612][  0]LogTargetPlatformManager: Display: Building Assets For Windows
[2019.03.12-21.41.45:406][  0]LogXGEController: Cleaning working directory: C:/Users/Osixjoh/AppData/Local/Temp/UnrealXGEWorkingDir/
[2019.03.12-21.41.45:407][  0]LogXGEController: Cannot use XGE Controller as Incredibuild is not installed on this machine.
[2019.03.12-21.41.45:407][  0]LogShaderCompilers: Cannot use XGE Shader Compiler as Incredibuild is not installed on this machine.
[2019.03.12-21.41.45:407][  0]LogShaderCompilers: Display: Using Local Shader Compiler.
[2019.03.12-21.41.46:605][  0]LogDerivedDataCache: Display: Max Cache Size: 512 MB
[2019.03.12-21.41.46:724][  0]LogDerivedDataCache: Loaded boot cache 0.12s 74MB C:/Users/Osixjoh/AppData/Local/UnrealEngine/4.19/DerivedDataCache/Boot.ddc.
[2019.03.12-21.41.46:724][  0]LogDerivedDataCache: Display: Loaded Boot cache: C:/Users/Osixjoh/AppData/Local/UnrealEngine/4.19/DerivedDataCache/Boot.ddc
[2019.03.12-21.41.46:724][  0]LogDerivedDataCache: FDerivedDataBackendGraph:  Pak pak cache file ../../../../../../Users/Osixjoh/Documents/GitHub/Refraction/Refraction/DerivedDataCache/DDC.ddp not found, will not use a pak cache.
[2019.03.12-21.41.46:724][  0]LogDerivedDataCache: Unable to find inner node Pak for hierarchical cache Hierarchy.
[2019.03.12-21.41.46:724][  0]LogDerivedDataCache: FDerivedDataBackendGraph:  CompressedPak pak cache file ../../../../../../Users/Osixjoh/Documents/GitHub/Refraction/Refraction/DerivedDataCache/Compressed.ddp not found, will not use a pak cache.
[2019.03.12-21.41.46:724][  0]LogDerivedDataCache: Unable to find inner node CompressedPak for hierarchical cache Hierarchy.
[2019.03.12-21.41.46:746][  0]LogDerivedDataCache: Display: Pak cache opened for reading ../../../Engine/DerivedDataCache/Compressed.ddp.
[2019.03.12-21.41.46:762][  0]LogDerivedDataCache: Using Local data cache path C:/Users/Osixjoh/AppData/Local/UnrealEngine/Common/DerivedDataCache: Writable
[2019.03.12-21.41.46:762][  0]LogDerivedDataCache: Shared data cache path not found in *engine.ini, will not use an Shared cache.
[2019.03.12-21.41.46:762][  0]LogDerivedDataCache: Unable to find inner node Shared for hierarchical cache Hierarchy.
[2019.03.12-21.41.46:782][  0]LogMaterial: Verifying Global Shaders for PCD3D_SM5
[2019.03.12-21.41.46:782][  0]LogSlate: Using Freetype 2.6.0
[2019.03.12-21.41.46:783][  0]LogSlate: SlateFontCache - WITH_FREETYPE: 1, WITH_HARFBUZZ: 1
[2019.03.12-21.41.46:783][  0]LogSlate: SlateFontCache - WITH_FREETYPE: 1, WITH_HARFBUZZ: 1
[2019.03.12-21.41.47:030][  0]LogAssetRegistry: FAssetRegistry took 0.0284 seconds to start up
[2019.03.12-21.41.47:593][  0]LogInit: Selected Device Profile: [Windows]
[2019.03.12-21.41.48:146][  0]LogSimplygon: Simplygon DLL not present - disabling.
[2019.03.12-21.41.48:174][  0]LogMeshReduction: Using SimplygonSwarm for distributed automatic mesh merging
[2019.03.12-21.41.48:174][  0]LogMeshReduction: Using QuadricMeshReduction for automatic static mesh reduction
[2019.03.12-21.41.48:175][  0]LogMeshReduction: No automatic skeletal mesh reduction module available
[2019.03.12-21.41.48:175][  0]LogMeshReduction: No automatic mesh merging module available
[2019.03.12-21.41.48:175][  0]LogMeshMerging: No automatic mesh merging module available
[2019.03.12-21.41.48:257][  0]LogNetVersion: Refraction , NetCL: 3944462, EngineNetVer: 2, GameNetVer: 0 (Checksum: 2789711149)
[2019.03.12-21.41.49:194][  0]LogPackageLocalizationCache: Processed 9 localized package path(s) for 2 prioritized culture(s) in 0.244609 seconds
[2019.03.12-21.41.49:202][  0]LogUObjectArray: 36728 objects as part of root set at end of initial load.
[2019.03.12-21.41.49:203][  0]LogUObjectAllocator: 7314312 out of 0 bytes used by permanent object pool.
[2019.03.12-21.41.49:203][  0]LogUObjectArray: CloseDisregardForGC: 0/0 objects in disregard for GC pool
[2019.03.12-21.41.53:208][  0]LogTcpMessaging: Initializing TcpMessaging bridge
[2019.03.12-21.41.53:283][  0]LogUdpMessaging: Initializing bridge on interface 0.0.0.0:0 to multicast group 230.0.0.1:6666.
[2019.03.12-21.41.54:421][  0]SourceControl: Source control is disabled
[2019.03.12-21.41.54:422][  0]LogWindows: Warning: CreateProc failed: The system cannot find the file specified. (0x00000002)
[2019.03.12-21.41.54:422][  0]LogWindows: Warning: URL: C:/Program Files/Git/bin/git.exe version
[2019.03.12-21.41.54:422][  0]LogWindows: Warning: CreateProc failed: The system cannot find the file specified. (0x00000002)
[2019.03.12-21.41.54:422][  0]LogWindows: Warning: URL: C:/Program Files (x86)/Git/bin/git.exe version
[2019.03.12-21.41.54:423][  0]LogWindows: Warning: CreateProc failed: The system cannot find the file specified. (0x00000002)
[2019.03.12-21.41.54:423][  0]LogWindows: Warning: URL: C:\Users\Osixjoh\AppData\Local/Programs/Git/cmd/git.exe version
[2019.03.12-21.41.54:423][  0]LogWindows: Warning: CreateProc failed: The system cannot find the file specified. (0x00000002)
[2019.03.12-21.41.54:423][  0]LogWindows: Warning: URL: C:/Program Files (x86)/SmartGit/git/bin/git.exe version
[2019.03.12-21.41.54:424][  0]LogWindows: Warning: CreateProc failed: The system cannot find the file specified. (0x00000002)
[2019.03.12-21.41.54:424][  0]LogWindows: Warning: URL: C:/Program Files (x86)/SmartGit/bin/git.exe version
[2019.03.12-21.41.54:424][  0]LogWindows: Warning: CreateProc failed: The system cannot find the file specified. (0x00000002)
[2019.03.12-21.41.54:424][  0]LogWindows: Warning: URL: C:\Users\Osixjoh\AppData\Local/Atlassian/SourceTree/git_local/bin/git.exe version
[2019.03.12-21.42.00:494][  0]LogAndroidPermission: UAndroidPermissionCallbackProxy::GetInstance
[2019.03.12-21.42.01:137][  0]LogOcInput: OculusInput pre-init called
[2019.03.12-21.42.01:476][  0]LogEngine: Initializing Engine...
[2019.03.12-21.42.01:481][  0]LogHMD: Failed to initialize OpenVR with code 110
[2019.03.12-21.42.01:484][  0]LogStats: UGameplayTagsManager::ConstructGameplayTagTree: Construct from data asset -  0.000 s
[2019.03.12-21.42.01:484][  0]LogStats: UGameplayTagsManager::ConstructGameplayTagTree: GameplayTagTreeChangedEvent.Broadcast -  0.000 s
[2019.03.12-21.42.01:866][  0]LogAIModule: Creating AISystem for world Untitled
[2019.03.12-21.42.01:985][  0]LogInit: XAudio2 using 'Headphones (2- Arctis 7 Game)' : 2 channels at 48 kHz using 16 bits per sample (channel mask 0x3)
[2019.03.12-21.42.02:117][  0]LogInit: FAudioDevice initialized.
[2019.03.12-21.42.02:298][  0]LogDerivedDataCache: Saved boot cache 0.18s 74MB C:/Users/Osixjoh/AppData/Local/UnrealEngine/4.19/DerivedDataCache/Boot.ddc.
[2019.03.12-21.42.02:321][  0]LogInit: Texture streaming: Enabled
[2019.03.12-21.42.02:446][  0]LogEngineSessionManager: EngineSessionManager initialized
[2019.03.12-21.42.02:448][  0]LogEngineSessionManager: EngineSessionManager sent abnormal shutdown report. Type=Crashed, SessionId={870E0A35-432F-CF9A-C31C-298B822A46E1}
[2019.03.12-21.42.02:505][  0]LogInit: Transaction tracking system initialized
[2019.03.12-21.42.02:664][  0]BlueprintLog: New page: Editor Load
[2019.03.12-21.42.03:335][  0]LocalizationService: Localization service is disabled
[2019.03.12-21.42.04:166][  0]LogConsoleResponse: Display: 
[2019.03.12-21.42.04:445][  0]LogCook: Display: Max memory allowance for cook 16384mb min free memory 0mb
[2019.03.12-21.42.04:445][  0]LogCook: Display: Mobile HDR setting 1
[2019.03.12-21.42.04:445][  0]LogGameplayTags: Display: UGameplayTagsManager::DoneAddingNativeTags. DelegateIsBound: 0
[2019.03.12-21.42.04:445][  0]LogStats: UGameplayTagsManager::ConstructGameplayTagTree: Construct from data asset -  0.000 s
[2019.03.12-21.42.04:445][  0]LogStats: UGameplayTagsManager::ConstructGameplayTagTree: GameplayTagTreeChangedEvent.Broadcast -  0.000 s
[2019.03.12-21.42.04:790][  0]LogFileCache: Scanning file cache for directory 'C:/Users/Osixjoh/Documents/GitHub/Refraction/Refraction/Content/' took 0.05s
[2019.03.12-21.42.06:056][  0]LogSlate: Took 0.000354 seconds to synchronously load lazily loaded font '../../../Engine/Content/Slate/Fonts/Roboto-Regular.ttf' (155K)
[2019.03.12-21.42.12:762][  0]LogSlate: Window 'Restore Packages' being destroyed
[2019.03.12-21.42.12:764][  0]LogWindowsTextInputMethodSystem: Display: IME system now deactivated.
[2019.03.12-21.42.12:810][  0]LogWindowsTextInputMethodSystem: Display: IME system now deactivated.
[2019.03.12-21.42.13:080][  0]LogWindowsTextInputMethodSystem: Display: IME system now deactivated.
[2019.03.12-21.42.13:155][  0]LogWindowsTextInputMethodSystem: Display: IME system now deactivated.
[2019.03.12-21.42.13:157][  0]Cmd: MAP LOAD FILE="../../../../../../Users/Osixjoh/Documents/GitHub/Refraction/Refraction/Content/TopDownBP/Maps/TopDownExampleMap.umap" TEMPLATE=0 SHOWPROGRESS=1 FEATURELEVEL=3
[2019.03.12-21.42.13:158][  0]LightingResults: New page: Lighting Build
[2019.03.12-21.42.13:165][  0]MapCheck: New page: Map Check
[2019.03.12-21.42.13:165][  0]LightingResults: New page: Lighting Build
[2019.03.12-21.42.13:293][  0]LogUObjectGlobals: Created PersistentFrame Addr=0x00000222022a9740, Size=64, Default__ThirdPerson_AnimBP_C Function /Game/Mannequin/Animations/ThirdPerson_AnimBP.ThirdPerson_AnimBP_C:ExecuteUbergraph_ThirdPerson_AnimBP
[2019.03.12-21.42.13:316][  0]LogUObjectGlobals: Destroyed PersistentFrame Addr=0x00000222022a9740, Size=64
[2019.03.12-21.42.13:316][  0]LogUObjectGlobals: Created PersistentFrame Addr=0x0000022202bd2f40, Size=64, Default__ThirdPerson_AnimBP_C Function /Engine/Transient.REINST_ThirdPerson_AnimBP_C_0:ExecuteUbergraph_ThirdPerson_AnimBP
[2019.03.12-21.42.13:336][  0]LogUObjectGlobals: Created PersistentFrame Addr=0x0000022202b52390, Size=72, Default__ThirdPerson_AnimBP_C Function /Game/Mannequin/Animations/ThirdPerson_AnimBP.ThirdPerson_AnimBP_C:ExecuteUbergraph_ThirdPerson_AnimBP
[2019.03.12-21.42.13:507][  0]LogUObjectGlobals: Created PersistentFrame Addr=0x000002227c304750, Size=4, Default__FadeToBlack_C Function /Game/UIWidgets/FadeToBlack.FadeToBlack_C:ExecuteUbergraph_FadeToBlack
[2019.03.12-21.42.13:511][  0]LogUObjectGlobals: Destroyed PersistentFrame Addr=0x000002227c304750, Size=4
[2019.03.12-21.42.13:511][  0]LogUObjectGlobals: Created PersistentFrame Addr=0x000002227c304750, Size=4, Default__FadeToBlack_C Function /Engine/Transient.REINST_FadeToBlack_C_0:ExecuteUbergraph_FadeToBlack
[2019.03.12-21.42.13:516][  0]LogUObjectGlobals: Created PersistentFrame Addr=0x000002227c304600, Size=4, Default__FadeToBlack_C Function /Game/UIWidgets/FadeToBlack.FadeToBlack_C:ExecuteUbergraph_FadeToBlack
[2019.03.12-21.42.13:522][  0]LogUObjectGlobals: Created PersistentFrame Addr=0x0000022202858800, Size=1600, Default__PC_Refraction_C Function /Game/Technical/PC_Refraction.PC_Refraction_C:ExecuteUbergraph_PC_Refraction
[2019.03.12-21.42.13:524][  0]LogUObjectGlobals: Created PersistentFrame Addr=0x000002220287eac0, Size=312, Default__MainMenuWidget_C Function /Game/UIWidgets/MainMenuWidget.MainMenuWidget_C:ExecuteUbergraph_MainMenuWidget
[2019.03.12-21.42.13:541][  0]LogUObjectGlobals: Created PersistentFrame Addr=0x0000022202a8af20, Size=96, Default__MainMenuTextOption_C Function /Game/UIWidgets/MainMenuTextOption.MainMenuTextOption_C:ExecuteUbergraph_MainMenuTextOption
[2019.03.12-21.42.13:623][  0]LogUObjectGlobals: Destroyed PersistentFrame Addr=0x0000022202a8af20, Size=96
[2019.03.12-21.42.13:623][  0]LogUObjectGlobals: Created PersistentFrame Addr=0x0000022202a8af20, Size=96, Default__MainMenuTextOption_C Function /Engine/Transient.REINST_MainMenuTextOption_C_1:ExecuteUbergraph_MainMenuTextOption
[2019.03.12-21.42.13:624][  0]LogUObjectGlobals: Destroyed PersistentFrame Addr=0x000002220287eac0, Size=312
[2019.03.12-21.42.13:624][  0]LogUObjectGlobals: Created PersistentFrame Addr=0x0000022203c56e80, Size=312, Default__MainMenuWidget_C Function /Engine/Transient.REINST_MainMenuWidget_C_2:ExecuteUbergraph_MainMenuWidget
[2019.03.12-21.42.13:625][  0]LogUObjectGlobals: Destroyed PersistentFrame Addr=0x0000022202858800, Size=1600
[2019.03.12-21.42.13:625][  0]LogUObjectGlobals: Created PersistentFrame Addr=0x0000022203c13900, Size=1600, Default__PC_Refraction_C Function /Engine/Transient.REINST_PC_Refraction_C_7:ExecuteUbergraph_PC_Refraction
[2019.03.12-21.42.13:650][  0]LogUObjectGlobals: Created PersistentFrame Addr=0x0000022203b33c40, Size=96, Default__MainMenuTextOption_C Function /Game/UIWidgets/MainMenuTextOption.MainMenuTextOption_C:ExecuteUbergraph_MainMenuTextOption
[2019.03.12-21.42.13:654][  0]LogUObjectGlobals: Created PersistentFrame Addr=0x000002220287ca40, Size=312, Default__MainMenuWidget_C Function /Game/UIWidgets/MainMenuWidget.MainMenuWidget_C:ExecuteUbergraph_MainMenuWidget
[2019.03.12-21.42.13:658][  0]LogUObjectGlobals: Created PersistentFrame Addr=0x0000022203ae9600, Size=1600, Default__PC_Refraction_C Function /Game/Technical/PC_Refraction.PC_Refraction_C:ExecuteUbergraph_PC_Refraction
[2019.03.12-21.42.13:708][  0]LogUObjectGlobals: Created PersistentFrame Addr=0x0000022203b51480, Size=28, Default__B_Beam_C Function /Game/LightBeams/B_Beam.B_Beam_C:ExecuteUbergraph_B_Beam
[2019.03.12-21.42.13:711][  0]LogUObjectGlobals: Destroyed PersistentFrame Addr=0x0000022203b51480, Size=28
[2019.03.12-21.42.13:711][  0]LogUObjectGlobals: Created PersistentFrame Addr=0x0000022203b51480, Size=28, Default__B_Beam_C Function /Engine/Transient.REINST_B_Beam_C_11:ExecuteUbergraph_B_Beam
[2019.03.12-21.42.13:713][  0]LogUObjectGlobals: Created PersistentFrame Addr=0x0000022203b51f00, Size=28, Default__B_Beam_C Function /Game/LightBeams/B_Beam.B_Beam_C:ExecuteUbergraph_B_Beam
[2019.03.12-21.42.13:810][  0]LogUObjectGlobals: Created PersistentFrame Addr=0x0000022203b28480, Size=864, Default__B_BeamSpectrum_C Function /Game/LightBeams/B_BeamSpectrum.B_BeamSpectrum_C:ExecuteUbergraph_B_BeamSpectrum
[2019.03.12-21.42.13:810][  0]LogUObjectGlobals: Created PersistentFrame Addr=0x0000022203b53800, Size=28, Default__B_BeamSpectrum_C Function /Game/LightBeams/B_Beam.B_Beam_C:ExecuteUbergraph_B_Beam
[2019.03.12-21.42.13:833][  0]LogUObjectGlobals: Destroyed PersistentFrame Addr=0x0000022203b28480, Size=864
[2019.03.12-21.42.13:833][  0]LogUObjectGlobals: Destroyed PersistentFrame Addr=0x0000022203b53800, Size=28
[2019.03.12-21.42.13:833][  0]LogUObjectGlobals: Created PersistentFrame Addr=0x00000222264f3200, Size=864, Default__B_BeamSpectrum_C Function /Engine/Transient.REINST_B_BeamSpectrum_C_13:ExecuteUbergraph_B_BeamSpectrum
[2019.03.12-21.42.13:834][  0]LogUObjectGlobals: Created PersistentFrame Addr=0x00000222264bf840, Size=28, Default__B_BeamSpectrum_C Function /Game/LightBeams/B_Beam.B_Beam_C:ExecuteUbergraph_B_Beam
[2019.03.12-21.42.13:860][  0]LogUObjectGlobals: Created PersistentFrame Addr=0x00000222264f2400, Size=864, Default__B_BeamSpectrum_C Function /Game/LightBeams/B_BeamSpectrum.B_BeamSpectrum_C:ExecuteUbergraph_B_BeamSpectrum
[2019.03.12-21.42.13:860][  0]LogUObjectGlobals: Created PersistentFrame Addr=0x000002222641baa0, Size=28, Default__B_BeamSpectrum_C Function /Game/LightBeams/B_Beam.B_Beam_C:ExecuteUbergraph_B_Beam
[2019.03.12-21.42.13:875][  0]LogUObjectGlobals: Created PersistentFrame Addr=0x0000022226483700, Size=384, Default__B_MasterLightInteractor_C Function /Game/B_MasterLightInteractor.B_MasterLightInteractor_C:ExecuteUbergraph_B_MasterLightInteractor
[2019.03.12-21.42.13:890][  0]LogUObjectGlobals: Destroyed PersistentFrame Addr=0x0000022226483700, Size=384
[2019.03.12-21.42.13:890][  0]LogUObjectGlobals: Created PersistentFrame Addr=0x000002222652bd00, Size=384, Default__B_MasterLightInteractor_C Function /Engine/Transient.REINST_B_MasterLightInteractor_C_15:ExecuteUbergraph_B_MasterLightInteractor
[2019.03.12-21.42.13:900][  0]LogUObjectGlobals: Created PersistentFrame Addr=0x0000022226138700, Size=384, Default__B_MasterLightInteractor_C Function /Game/B_MasterLightInteractor.B_MasterLightInteractor_C:ExecuteUbergraph_B_MasterLightInteractor
[2019.03.12-21.42.14:053][  0]LogUObjectGlobals: Created PersistentFrame Addr=0x00000222065e7c80, Size=408, Default__B_NewReceiver_C Function /Game/B_NewReceiver.B_NewReceiver_C:ExecuteUbergraph_B_NewReceiver
[2019.03.12-21.42.14:053][  0]LogUObjectGlobals: Created PersistentFrame Addr=0x00000222065edf00, Size=384, Default__B_NewReceiver_C Function /Game/B_MasterLightInteractor.B_MasterLightInteractor_C:ExecuteUbergraph_B_MasterLightInteractor
[2019.03.12-21.42.14:069][  0]LogUObjectGlobals: Destroyed PersistentFrame Addr=0x00000222065e7c80, Size=408
[2019.03.12-21.42.14:070][  0]LogUObjectGlobals: Destroyed PersistentFrame Addr=0x00000222065edf00, Size=384
[2019.03.12-21.42.14:070][  0]LogUObjectGlobals: Created PersistentFrame Addr=0x00000222065e7c80, Size=408, Default__B_NewReceiver_C Function /Engine/Transient.REINST_B_NewReceiver_C_17:ExecuteUbergraph_B_NewReceiver
[2019.03.12-21.42.14:070][  0]LogUObjectGlobals: Created PersistentFrame Addr=0x0000022204068e80, Size=384, Default__B_NewReceiver_C Function /Game/B_MasterLightInteractor.B_MasterLightInteractor_C:ExecuteUbergraph_B_MasterLightInteractor
[2019.03.12-21.42.14:087][  0]LogUObjectGlobals: Created PersistentFrame Addr=0x000002220402a780, Size=408, Default__B_NewReceiver_C Function /Game/B_NewReceiver.B_NewReceiver_C:ExecuteUbergraph_B_NewReceiver
[2019.03.12-21.42.14:087][  0]LogUObjectGlobals: Created PersistentFrame Addr=0x0000022204020d00, Size=384, Default__B_NewReceiver_C Function /Game/B_MasterLightInteractor.B_MasterLightInteractor_C:ExecuteUbergraph_B_MasterLightInteractor
[2019.03.12-21.42.14:105][  0]LogUObjectGlobals: Created PersistentFrame Addr=0x00000222065da0c0, Size=280, Default__LevelCompleteWidget_C Function /Game/UIWidgets/LevelCompleteWidget.LevelCompleteWidget_C:ExecuteUbergraph_LevelCompleteWidget
[2019.03.12-21.42.14:122][  0]LogUObjectGlobals: Destroyed PersistentFrame Addr=0x00000222065da0c0, Size=280
[2019.03.12-21.42.14:122][  0]LogUObjectGlobals: Created PersistentFrame Addr=0x00000222065da0c0, Size=280, Default__LevelCompleteWidget_C Function /Engine/Transient.REINST_LevelCompleteWidget_C_3:ExecuteUbergraph_LevelCompleteWidget
[2019.03.12-21.42.14:132][  0]LogUObjectGlobals: Created PersistentFrame Addr=0x00000222065d8b80, Size=280, Default__LevelCompleteWidget_C Function /Game/UIWidgets/LevelCompleteWidget.LevelCompleteWidget_C:ExecuteUbergraph_LevelCompleteWidget
[2019.03.12-21.42.14:136][  0]LogUObjectGlobals: Created PersistentFrame Addr=0x0000022204085a80, Size=168, Default__GM_Refraction_C Function /Game/Technical/GM_Refraction.GM_Refraction_C:ExecuteUbergraph_GM_Refraction
[2019.03.12-21.42.14:145][  0]LogUObjectGlobals: Destroyed PersistentFrame Addr=0x0000022204085a80, Size=168
[2019.03.12-21.42.14:145][  0]LogUObjectGlobals: Created PersistentFrame Addr=0x0000022204085a80, Size=168, Default__GM_Refraction_C Function /Engine/Transient.REINST_GM_Refraction_C_20:ExecuteUbergraph_GM_Refraction
[2019.03.12-21.42.14:153][  0]LogUObjectGlobals: Created PersistentFrame Addr=0x0000022203f22b00, Size=168, Default__GM_Refraction_C Function /Game/Technical/GM_Refraction.GM_Refraction_C:ExecuteUbergraph_GM_Refraction
[2019.03.12-21.42.14:169][  0]LogUObjectGlobals: Created PersistentFrame Addr=0x0000022203f07e20, Size=4, Default__TopDownExampleMap_C Function /Game/TopDownBP/Maps/TopDownExampleMap.TopDownExampleMap_C:ExecuteUbergraph_TopDownExampleMap
[2019.03.12-21.42.14:171][  0]LogUObjectGlobals: Destroyed PersistentFrame Addr=0x0000022203f07e20, Size=4
[2019.03.12-21.42.14:171][  0]LogUObjectGlobals: Created PersistentFrame Addr=0x0000022203f07e20, Size=4, Default__TopDownExampleMap_C Function /Engine/Transient.REINST_TopDownExampleMap_C_22:ExecuteUbergraph_TopDownExampleMap
[2019.03.12-21.42.14:172][  0]LogUObjectGlobals: Created PersistentFrame Addr=0x0000022203f07dc0, Size=4, Default__TopDownExampleMap_C Function /Game/TopDownBP/Maps/TopDownExampleMap.TopDownExampleMap_C:ExecuteUbergraph_TopDownExampleMap
[2019.03.12-21.42.14:363][  0]LogSkeletalMesh: Skeletal Mesh found in DDC [16.783100ms] /Game/Mannequin/Character/Mesh/SK_Mannequin.SK_Mannequin
[2019.03.12-21.42.14:805][  0]LogAIModule: Creating AISystem for world TopDownExampleMap
[2019.03.12-21.42.14:822][  0]LogStreaming: Display: ULevelStreaming::RequestLevel(/Game/Maps/Levels/Level1) is flushing async loading
[2019.03.12-21.42.14:888][  0]LogUObjectGlobals: Created PersistentFrame Addr=0x000002222a876780, Size=776, Default__B_Emitter_C Function /Game/B_Emitter.B_Emitter_C:ExecuteUbergraph_B_Emitter
[2019.03.12-21.42.14:903][  0]LogUObjectGlobals: Destroyed PersistentFrame Addr=0x000002222a876780, Size=776
[2019.03.12-21.42.14:903][  0]LogUObjectGlobals: Created PersistentFrame Addr=0x000002222a876780, Size=776, Default__B_Emitter_C Function /Engine/Transient.REINST_B_Emitter_C_26:ExecuteUbergraph_B_Emitter
[2019.03.12-21.42.14:919][  0]LogUObjectGlobals: Created PersistentFrame Addr=0x000002222a875280, Size=776, Default__B_Emitter_C Function /Game/B_Emitter.B_Emitter_C:ExecuteUbergraph_B_Emitter
[2019.03.12-21.42.14:971][  0]LogUObjectGlobals: Created PersistentFrame Addr=0x000002222a7d9600, Size=48, Default__OnHoverPrism_C Function /Game/UIWidgets/OnHoverPrism.OnHoverPrism_C:ExecuteUbergraph_OnHoverPrism
[2019.03.12-21.42.14:981][  0]LogUObjectGlobals: Destroyed PersistentFrame Addr=0x000002222a7d9600, Size=48
[2019.03.12-21.42.14:981][  0]LogUObjectGlobals: Created PersistentFrame Addr=0x000002222a7d9600, Size=48, Default__OnHoverPrism_C Function /Engine/Transient.REINST_OnHoverPrism_C_4:ExecuteUbergraph_OnHoverPrism
[2019.03.12-21.42.14:985][  0]LogUObjectGlobals: Created PersistentFrame Addr=0x000002222a7d9870, Size=48, Default__OnHoverPrism_C Function /Game/UIWidgets/OnHoverPrism.OnHoverPrism_C:ExecuteUbergraph_OnHoverPrism
[2019.03.12-21.42.15:000][  0]LogUObjectGlobals: Created PersistentFrame Addr=0x0000022211b35900, Size=752, Default__B_NewPrism_C Function /Game/B_NewPrism.B_NewPrism_C:ExecuteUbergraph_B_NewPrism
[2019.03.12-21.42.15:000][  0]LogUObjectGlobals: Created PersistentFrame Addr=0x0000022211b6cd00, Size=384, Default__B_NewPrism_C Function /Game/B_MasterLightInteractor.B_MasterLightInteractor_C:ExecuteUbergraph_B_MasterLightInteractor
[2019.03.12-21.42.15:040][  0]LogUObjectGlobals: Destroyed PersistentFrame Addr=0x0000022211b35900, Size=752
[2019.03.12-21.42.15:040][  0]LogUObjectGlobals: Destroyed PersistentFrame Addr=0x0000022211b6cd00, Size=384
[2019.03.12-21.42.15:040][  0]LogUObjectGlobals: Created PersistentFrame Addr=0x0000022211a7e800, Size=752, Default__B_NewPrism_C Function /Engine/Transient.REINST_B_NewPrism_C_29:ExecuteUbergraph_B_NewPrism
[2019.03.12-21.42.15:040][  0]LogUObjectGlobals: Created PersistentFrame Addr=0x000002222b192500, Size=384, Default__B_NewPrism_C Function /Game/B_MasterLightInteractor.B_MasterLightInteractor_C:ExecuteUbergraph_B_MasterLightInteractor
[2019.03.12-21.42.15:069][  0]LogUObjectGlobals: Created PersistentFrame Addr=0x000002222b07f100, Size=752, Default__B_NewPrism_C Function /Game/B_NewPrism.B_NewPrism_C:ExecuteUbergraph_B_NewPrism
[2019.03.12-21.42.15:069][  0]LogUObjectGlobals: Created PersistentFrame Addr=0x000002222b08ba00, Size=384, Default__B_NewPrism_C Function /Game/B_MasterLightInteractor.B_MasterLightInteractor_C:ExecuteUbergraph_B_MasterLightInteractor
[2019.03.12-21.42.15:092][  0]LogUObjectGlobals: Created PersistentFrame Addr=0x000002222b08ab00, Size=328, Default__B_Receiver_C Function /Game/LevelObjectsToBeReplaced/B_Receiver.B_Receiver_C:ExecuteUbergraph_B_Receiver
[2019.03.12-21.42.15:102][  0]LogUObjectGlobals: Destroyed PersistentFrame Addr=0x000002222b08ab00, Size=328
[2019.03.12-21.42.15:102][  0]LogUObjectGlobals: Created PersistentFrame Addr=0x000002222b0a9780, Size=328, Default__B_Receiver_C Function /Engine/Transient.REINST_B_Receiver_C_31:ExecuteUbergraph_B_Receiver
[2019.03.12-21.42.15:110][  0]LogUObjectGlobals: Created PersistentFrame Addr=0x0000022211ac9480, Size=328, Default__B_Receiver_C Function /Game/LevelObjectsToBeReplaced/B_Receiver.B_Receiver_C:ExecuteUbergraph_B_Receiver
[2019.03.12-21.42.15:118][  0]LogUObjectGlobals: Created PersistentFrame Addr=0x000002222b1065a0, Size=32, Default__Level1_C Function /Game/Maps/Levels/Level1.Level1_C:ExecuteUbergraph_Level1
[2019.03.12-21.42.15:120][  0]LogUObjectGlobals: Destroyed PersistentFrame Addr=0x000002222b1065a0, Size=32
[2019.03.12-21.42.15:120][  0]LogUObjectGlobals: Created PersistentFrame Addr=0x000002222b1065a0, Size=32, Default__Level1_C Function /Engine/Transient.REINST_Level1_C_33:ExecuteUbergraph_Level1
[2019.03.12-21.42.15:121][  0]LogUObjectGlobals: Created PersistentFrame Addr=0x000002222b104560, Size=32, Default__Level1_C Function /Game/Maps/Levels/Level1.Level1_C:ExecuteUbergraph_Level1
[2019.03.12-21.42.15:305][  0]LogStreaming: Display: ULevelStreaming::RequestLevel(/Game/Maps/Levels/Level2) is flushing async loading
[2019.03.12-21.42.15:325][  0]LogUObjectGlobals: Created PersistentFrame Addr=0x00000222148771a0, Size=32, Default__Level2_C Function /Game/Maps/Levels/Level2.Level2_C:ExecuteUbergraph_Level2
[2019.03.12-21.42.15:326][  0]LogUObjectGlobals: Destroyed PersistentFrame Addr=0x00000222148771a0, Size=32
[2019.03.12-21.42.15:326][  0]LogUObjectGlobals: Created PersistentFrame Addr=0x00000222148771a0, Size=32, Default__Level2_C Function /Engine/Transient.REINST_Level2_C_35:ExecuteUbergraph_Level2
[2019.03.12-21.42.15:328][  0]LogUObjectGlobals: Created PersistentFrame Addr=0x00000222148770c0, Size=32, Default__Level2_C Function /Game/Maps/Levels/Level2.Level2_C:ExecuteUbergraph_Level2
[2019.03.12-21.42.15:338][  0]LogStreaming: Display: ULevelStreaming::RequestLevel(/Game/Maps/Levels/Level3) is flushing async loading
[2019.03.12-21.42.15:371][  0]LogUObjectGlobals: Created PersistentFrame Addr=0x0000022214842e00, Size=720, Default__B_NewFilter_C Function /Game/B_NewFilter.B_NewFilter_C:ExecuteUbergraph_B_NewFilter
[2019.03.12-21.42.15:371][  0]LogUObjectGlobals: Created PersistentFrame Addr=0x000002221482ef80, Size=384, Default__B_NewFilter_C Function /Game/B_MasterLightInteractor.B_MasterLightInteractor_C:ExecuteUbergraph_B_MasterLightInteractor
[2019.03.12-21.42.15:383][  0]LogUObjectGlobals: Destroyed PersistentFrame Addr=0x0000022214842e00, Size=720
[2019.03.12-21.42.15:383][  0]LogUObjectGlobals: Destroyed PersistentFrame Addr=0x000002221482ef80, Size=384
[2019.03.12-21.42.15:383][  0]LogUObjectGlobals: Created PersistentFrame Addr=0x0000022214842e00, Size=720, Default__B_NewFilter_C Function /Engine/Transient.REINST_B_NewFilter_C_37:ExecuteUbergraph_B_NewFilter
[2019.03.12-21.42.15:383][  0]LogUObjectGlobals: Created PersistentFrame Addr=0x0000022214cdae00, Size=384, Default__B_NewFilter_C Function /Game/B_MasterLightInteractor.B_MasterLightInteractor_C:ExecuteUbergraph_B_MasterLightInteractor
[2019.03.12-21.42.15:394][  0]LogUObjectGlobals: Created PersistentFrame Addr=0x0000022214c77400, Size=720, Default__B_NewFilter_C Function /Game/B_NewFilter.B_NewFilter_C:ExecuteUbergraph_B_NewFilter
[2019.03.12-21.42.15:394][  0]LogUObjectGlobals: Created PersistentFrame Addr=0x0000022214c81000, Size=384, Default__B_NewFilter_C Function /Game/B_MasterLightInteractor.B_MasterLightInteractor_C:ExecuteUbergraph_B_MasterLightInteractor
[2019.03.12-21.42.15:407][  0]LogUObjectGlobals: Created PersistentFrame Addr=0x0000022214c5eac0, Size=32, Default__Level3_C Function /Game/Maps/Levels/Level3.Level3_C:ExecuteUbergraph_Level3
[2019.03.12-21.42.15:408][  0]LogUObjectGlobals: Destroyed PersistentFrame Addr=0x0000022214c5eac0, Size=32
[2019.03.12-21.42.15:408][  0]LogUObjectGlobals: Created PersistentFrame Addr=0x0000022214c5eac0, Size=32, Default__Level3_C Function /Engine/Transient.REINST_Level3_C_39:ExecuteUbergraph_Level3
[2019.03.12-21.42.15:410][  0]LogUObjectGlobals: Created PersistentFrame Addr=0x0000022214c5ff40, Size=32, Default__Level3_C Function /Game/Maps/Levels/Level3.Level3_C:ExecuteUbergraph_Level3
[2019.03.12-21.42.15:479][  0]LogStreaming: Display: ULevelStreaming::RequestLevel(/Game/Maps/Levels/Level4) is flushing async loading
[2019.03.12-21.42.15:497][  0]LogUObjectGlobals: Created PersistentFrame Addr=0x0000022214c5cce0, Size=32, Default__Level4_C Function /Game/Maps/Levels/Level4.Level4_C:ExecuteUbergraph_Level4
[2019.03.12-21.42.15:498][  0]LogUObjectGlobals: Destroyed PersistentFrame Addr=0x0000022214c5cce0, Size=32
[2019.03.12-21.42.15:499][  0]LogUObjectGlobals: Created PersistentFrame Addr=0x0000022214c5cce0, Size=32, Default__Level4_C Function /Engine/Transient.REINST_Level4_C_41:ExecuteUbergraph_Level4
[2019.03.12-21.42.15:500][  0]LogUObjectGlobals: Created PersistentFrame Addr=0x0000022214c5c460, Size=32, Default__Level4_C Function /Game/Maps/Levels/Level4.Level4_C:ExecuteUbergraph_Level4
[2019.03.12-21.42.15:505][  0]LogEditorServer: Finished looking for orphan Actors (0.000 secs)
[2019.03.12-21.42.15:532][  0]LogUObjectGlobals: Destroyed PersistentFrame Addr=0x0000022202bd2f40, Size=64
[2019.03.12-21.42.15:532][  0]LogUObjectGlobals: Destroyed PersistentFrame Addr=0x000002227c304750, Size=4
[2019.03.12-21.42.15:532][  0]LogUObjectGlobals: Destroyed PersistentFrame Addr=0x0000022203c13900, Size=1600
[2019.03.12-21.42.15:532][  0]LogUObjectGlobals: Destroyed PersistentFrame Addr=0x0000022203c56e80, Size=312
[2019.03.12-21.42.15:532][  0]LogUObjectGlobals: Destroyed PersistentFrame Addr=0x0000022202a8af20, Size=96
[2019.03.12-21.42.15:532][  0]LogUObjectGlobals: Destroyed PersistentFrame Addr=0x0000022203b51480, Size=28
[2019.03.12-21.42.15:532][  0]LogUObjectGlobals: Destroyed PersistentFrame Addr=0x00000222264f3200, Size=864
[2019.03.12-21.42.15:533][  0]LogUObjectGlobals: Destroyed PersistentFrame Addr=0x00000222264bf840, Size=28
[2019.03.12-21.42.15:533][  0]LogUObjectGlobals: Destroyed PersistentFrame Addr=0x000002222652bd00, Size=384
[2019.03.12-21.42.15:533][  0]LogUObjectGlobals: Destroyed PersistentFrame Addr=0x00000222065e7c80, Size=408
[2019.03.12-21.42.15:533][  0]LogUObjectGlobals: Destroyed PersistentFrame Addr=0x0000022204068e80, Size=384
[2019.03.12-21.42.15:533][  0]LogUObjectGlobals: Destroyed PersistentFrame Addr=0x00000222065da0c0, Size=280
[2019.03.12-21.42.15:533][  0]LogUObjectGlobals: Destroyed PersistentFrame Addr=0x0000022204085a80, Size=168
[2019.03.12-21.42.15:533][  0]LogUObjectGlobals: Destroyed PersistentFrame Addr=0x0000022203f07e20, Size=4
[2019.03.12-21.42.15:533][  0]LogUObjectGlobals: Destroyed PersistentFrame Addr=0x000002222a876780, Size=776
[2019.03.12-21.42.15:533][  0]LogUObjectGlobals: Destroyed PersistentFrame Addr=0x000002222a7d9600, Size=48
[2019.03.12-21.42.15:533][  0]LogUObjectGlobals: Destroyed PersistentFrame Addr=0x0000022211a7e800, Size=752
[2019.03.12-21.42.15:533][  0]LogUObjectGlobals: Destroyed PersistentFrame Addr=0x000002222b192500, Size=384
[2019.03.12-21.42.15:533][  0]LogUObjectGlobals: Destroyed PersistentFrame Addr=0x000002222b0a9780, Size=328
[2019.03.12-21.42.15:533][  0]LogUObjectGlobals: Destroyed PersistentFrame Addr=0x000002222b1065a0, Size=32
[2019.03.12-21.42.15:533][  0]LogUObjectGlobals: Destroyed PersistentFrame Addr=0x00000222148771a0, Size=32
[2019.03.12-21.42.15:534][  0]LogUObjectGlobals: Destroyed PersistentFrame Addr=0x0000022214842e00, Size=720
[2019.03.12-21.42.15:534][  0]LogUObjectGlobals: Destroyed PersistentFrame Addr=0x0000022214cdae00, Size=384
[2019.03.12-21.42.15:534][  0]LogUObjectGlobals: Destroyed PersistentFrame Addr=0x0000022214c5eac0, Size=32
[2019.03.12-21.42.15:534][  0]LogUObjectGlobals: Destroyed PersistentFrame Addr=0x0000022214c5cce0, Size=32
[2019.03.12-21.42.15:538][  0]Cmd: MAP CHECKDEP NOCLEARLOG
[2019.03.12-21.42.15:746][  0]MapCheck: Map check complete: 0 Error(s), 0 Warning(s), took 208.167ms to complete.
[2019.03.12-21.42.15:747][  0]LogFileHelpers: Loading map 'TopDownExampleMap' took 2.590
[2019.03.12-21.42.16:032][  0]LogStats: Warning: MetaData mismatch. Did you assign a stat to two groups? New //STATGROUP_Threads//SplashScreenThread///Thread_9c58_0///####STATCAT_Advanced#### old //STATGROUP_Threads//SplashScreenThread///Thread_9c4c_0///####STATCAT_Advanced####
[2019.03.12-21.42.16:032][  0]LogCollectionManager: Loaded 0 collections in 0.007472 seconds
[2019.03.12-21.42.16:108][  0]LogFileCache: Scanning file cache for directory 'C:/Users/Osixjoh/Documents/GitHub/Refraction/Refraction/Saved/Collections/' took 0.01s
[2019.03.12-21.42.16:108][  0]LogFileCache: Scanning file cache for directory 'C:/Users/Osixjoh/Documents/GitHub/Refraction/Refraction/Content/Developers/Osixjoh/Collections/' took 0.01s
[2019.03.12-21.42.16:108][  0]LogFileCache: Scanning file cache for directory 'C:/Users/Osixjoh/Documents/GitHub/Refraction/Refraction/Content/Collections/' took 0.01s
[2019.03.12-21.42.16:108][  0]LogCollectionManager: Rebuilt the GUID cache for 0 collections in 0.000001 seconds
[2019.03.12-21.42.16:126][  0]LogContentBrowser: Native class hierarchy populated in 0.0179 seconds. Added 2452 classes and 558 folders.
[2019.03.12-21.42.16:143][  0]LogContentBrowser: Native class hierarchy updated for 'WidgetCarousel' in 0.0005 seconds. Added 0 classes and 0 folders.
[2019.03.12-21.42.16:287][  0]LogContentBrowser: Native class hierarchy updated for 'AddContentDialog' in 0.0006 seconds. Added 0 classes and 0 folders.
[2019.03.12-21.42.16:326][  0]LogContentBrowser: Native class hierarchy updated for 'SceneOutliner' in 0.0003 seconds. Added 1 classes and 2 folders.
[2019.03.12-21.42.16:398][  0]LogContentBrowser: Native class hierarchy updated for 'WorldBrowser' in 0.0004 seconds. Added 2 classes and 3 folders.
[2019.03.12-21.42.16:525][  0]LogSlate: Took 0.000563 seconds to synchronously load lazily loaded font '../../../Engine/Content/Slate/Fonts/Roboto-Bold.ttf' (160K)
[2019.03.12-21.42.16:538][  0]LogSlate: Took 0.000444 seconds to synchronously load lazily loaded font '../../../Engine/Content/Editor/Slate/Fonts/FontAwesome.ttf' (139K)
[2019.03.12-21.42.16:732][  0]LogRenderer: Reallocating scene render targets to support 1256x596 Format 9 NumSamples 1 (Frame:1).
[2019.03.12-21.42.16:819][  0]LogSlate: Took 0.000394 seconds to synchronously load lazily loaded font '../../../Engine/Content/Slate/Fonts/Roboto-Light.ttf' (167K)
[2019.03.12-21.42.16:978][  0]LogContentBrowser: Native class hierarchy updated for 'HierarchicalLODOutliner' in 0.0004 seconds. Added 0 classes and 0 folders.
[2019.03.12-21.42.16:978][  0]LogLoad: (Engine Initialization) Total time: 42.50 seconds
[2019.03.12-21.42.16:978][  0]LogLoad: (Engine Initialization) Total Blueprint compile time: 0.00 seconds
[2019.03.12-21.42.17:039][  0]LogContentStreaming: Texture pool size now 400 MB
[2019.03.12-21.42.17:151][  1]LogRenderer: Reallocating scene render targets to support 1256x612 Format 9 NumSamples 1 (Frame:2).
[2019.03.12-21.42.17:370][  2]LogAssetRegistry: Asset discovery search completed in 30.3626 seconds
[2019.03.12-21.42.17:374][  2]LogCollectionManager: Rebuilt the object cache for 0 collections in 0.000000 seconds (found 0 objects)
[2019.03.12-21.42.17:374][  2]LogCollectionManager: Fixed up redirectors for 0 collections in 0.000090 seconds (updated 0 objects)
[2019.03.12-21.42.18:050][ 39]LogSlate: Took 0.000277 seconds to synchronously load lazily loaded font '../../../Engine/Content/Slate/Fonts/Roboto-Light.ttf' (167K)
[2019.03.12-21.42.19:171][117]LogEditorViewport: Clicking on Actor (LMB): B_NewFilter_C (B_Filter)
[2019.03.12-21.42.20:634][207]LogSlate: FSceneViewport::OnFocusLost() reason 0
[2019.03.12-21.42.21:245][214]LogContentBrowser: Native class hierarchy updated for 'BlueprintGraph' in 0.0008 seconds. Added 116 classes and 0 folders.
[2019.03.12-21.42.21:794][214]LogUObjectGlobals: Created PersistentFrame Addr=0x000002228065da68, Size=4, Default__SKEL_PROTO_BP_AnimBlueprint_0_C Function /Engine/Transient.SKEL_PROTO_BP_AnimBlueprint_0_C:ExecuteUbergraph_PROTO_BP_AnimBlueprint_0
[2019.03.12-21.42.21:795][214]LogUObjectGlobals: Created PersistentFrame Addr=0x000002228065da60, Size=4, Default__PROTO_BP_AnimBlueprint_0_C Function /Engine/Transient.PROTO_BP_AnimBlueprint_0_C:ExecuteUbergraph_PROTO_BP_AnimBlueprint_0
[2019.03.12-21.42.23:937][214]LogUObjectGlobals: Created PersistentFrame Addr=0x000002228de82400, Size=792, Default__B_Filter_C Function /Game/LevelObjectsToBeReplaced/B_Filter.B_Filter_C:ExecuteUbergraph_B_Filter
[2019.03.12-21.42.23:958][214]LogUObjectGlobals: Destroyed PersistentFrame Addr=0x000002228de82400, Size=792
[2019.03.12-21.42.23:958][214]LogUObjectGlobals: Created PersistentFrame Addr=0x000002228de82400, Size=792, Default__B_Filter_C Function /Engine/Transient.REINST_B_Filter_C_55:ExecuteUbergraph_B_Filter
[2019.03.12-21.42.23:976][214]LogUObjectGlobals: Created PersistentFrame Addr=0x000002228de81980, Size=792, Default__B_Filter_C Function /Game/LevelObjectsToBeReplaced/B_Filter.B_Filter_C:ExecuteUbergraph_B_Filter
[2019.03.12-21.42.24:481][214]LogSlate: Took 0.000452 seconds to synchronously load lazily loaded font '../../../Engine/Content/Slate/Fonts/Roboto-BoldCondensed.ttf' (158K)
[2019.03.12-21.42.24:558][215]LogSlate: Took 0.000541 seconds to synchronously load lazily loaded font '../../../Engine/Content/Slate/Fonts/Roboto-Italic.ttf' (157K)
[2019.03.12-21.42.40:089][312]LogUObjectGlobals: Destroyed PersistentFrame Addr=0x000002228de82400, Size=792
[2019.03.12-21.42.42:550][443]LogActorComponent: UnregisterComponent: (/Engine/Transient.EditorFloorComp) Not registered. Aborting.
[2019.03.12-21.42.42:652][443]LogActorComponent: UnregisterComponent: (/Engine/Transient.EditorFloorComp) Not registered. Aborting.
[2019.03.12-21.42.42:741][443]LogActorComponent: UnregisterComponent: (/Engine/Transient.EditorFloorComp) Not registered. Aborting.
[2019.03.12-21.42.42:822][443]LogActorComponent: UnregisterComponent: (/Engine/Transient.EditorFloorComp) Not registered. Aborting.
[2019.03.12-21.42.46:087][650]LogEditorViewport: Clicking on Actor (LMB): B_NewFilter_C (B_Filter)
[2019.03.12-21.42.46:745][685]LogSlate: FSceneViewport::OnFocusLost() reason 0
[2019.03.12-21.42.52:419][ 29]BlueprintLog: New page: Compile B_NewFilter
[2019.03.12-21.42.52:473][ 29]LogUObjectGlobals: Destroyed PersistentFrame Addr=0x0000022214c77400, Size=720
[2019.03.12-21.42.52:473][ 29]LogUObjectGlobals: Destroyed PersistentFrame Addr=0x0000022214c81000, Size=384
[2019.03.12-21.42.52:473][ 29]LogUObjectGlobals: Created PersistentFrame Addr=0x0000022232605600, Size=720, Default__B_NewFilter_C Function /Engine/Transient.REINST_B_NewFilter_C_59:ExecuteUbergraph_B_NewFilter
[2019.03.12-21.42.52:473][ 29]LogUObjectGlobals: Created PersistentFrame Addr=0x00000222323d5000, Size=384, Default__B_NewFilter_C Function /Game/B_MasterLightInteractor.B_MasterLightInteractor_C:ExecuteUbergraph_B_MasterLightInteractor
[2019.03.12-21.42.52:488][ 29]LogUObjectGlobals: Created PersistentFrame Addr=0x0000022214842e00, Size=720, Default__B_NewFilter_C Function /Game/B_NewFilter.B_NewFilter_C:ExecuteUbergraph_B_NewFilter
[2019.03.12-21.42.52:488][ 29]LogUObjectGlobals: Created PersistentFrame Addr=0x000002228c38bb80, Size=384, Default__B_NewFilter_C Function /Game/B_MasterLightInteractor.B_MasterLightInteractor_C:ExecuteUbergraph_B_MasterLightInteractor
[2019.03.12-21.42.53:421][ 29]Cmd: OBJ SAVEPACKAGE PACKAGE="/Game/B_NewFilter" FILE="../../../../../../Users/Osixjoh/Documents/GitHub/Refraction/Refraction/Content/B_NewFilter.uasset" SILENT=true
[2019.03.12-21.42.53:740][ 29]LogSavePackage: Save=152.43ms
[2019.03.12-21.42.53:740][ 29]LogSavePackage: Moving '../../../../../../Users/Osixjoh/Documents/GitHub/Refraction/Refraction/Saved/B_NewFilter02DBA49E49720253E187589C25287DC3.tmp' to '../../../../../../Users/Osixjoh/Documents/GitHub/Refraction/Refraction/Content/B_NewFilter.uasset'
[2019.03.12-21.42.53:753][ 29]LogSavePackage: Display: Finished SavePackage ../../../../../../Users/Osixjoh/Documents/GitHub/Refraction/Refraction/Content/B_NewFilter.uasset
[2019.03.12-21.42.55:680][131]LogEditorViewport: Clicking on Actor (LMB): B_TowerRoom_C (B_TowerRoom)
[2019.03.12-21.42.56:193][150]LogEditorViewport: Clicking on Actor (LMB): B_TowerRoom_C (B_TowerRoom)
[2019.03.12-21.42.56:754][179]LogSlate: FSceneViewport::OnFocusLost() reason 0
[2019.03.12-21.42.57:051][200]LogTemp: Repeating last play command: Selected Viewport
[2019.03.12-21.42.57:087][200]LogBlueprintUserMessages: Early PlayInEditor Detection: Level '/Game/TopDownBP/Maps/TopDownExampleMap.TopDownExampleMap:PersistentLevel' has LevelScriptBlueprint '/Game/TopDownBP/Maps/TopDownExampleMap.TopDownExampleMap:PersistentLevel.TopDownExampleMap' with GeneratedClass '/Game/TopDownBP/Maps/TopDownExampleMap.TopDownExampleMap_C' with ClassGeneratedBy '/Game/TopDownBP/Maps/TopDownExampleMap.TopDownExampleMap:PersistentLevel.TopDownExampleMap'
[2019.03.12-21.42.57:087][200]LogBlueprintUserMessages: Early PlayInEditor Detection: Level '/Game/Maps/Levels/Level1.Level1:PersistentLevel' has LevelScriptBlueprint '/Game/Maps/Levels/Level1.Level1:PersistentLevel.Level1' with GeneratedClass '/Game/Maps/Levels/Level1.Level1_C' with ClassGeneratedBy '/Game/Maps/Levels/Level1.Level1:PersistentLevel.Level1'
[2019.03.12-21.42.57:087][200]LogBlueprintUserMessages: Early PlayInEditor Detection: Level '/Game/Maps/Levels/Level2.Level2:PersistentLevel' has LevelScriptBlueprint '/Game/Maps/Levels/Level2.Level2:PersistentLevel.Level2' with GeneratedClass '/Game/Maps/Levels/Level2.Level2_C' with ClassGeneratedBy '/Game/Maps/Levels/Level2.Level2:PersistentLevel.Level2'
[2019.03.12-21.42.57:087][200]LogBlueprintUserMessages: Early PlayInEditor Detection: Level '/Game/Maps/Levels/Level3.Level3:PersistentLevel' has LevelScriptBlueprint '/Game/Maps/Levels/Level3.Level3:PersistentLevel.Level3' with GeneratedClass '/Game/Maps/Levels/Level3.Level3_C' with ClassGeneratedBy '/Game/Maps/Levels/Level3.Level3:PersistentLevel.Level3'
[2019.03.12-21.42.57:087][200]LogBlueprintUserMessages: Early PlayInEditor Detection: Level '/Game/Maps/Levels/Level4.Level4:PersistentLevel' has LevelScriptBlueprint '/Game/Maps/Levels/Level4.Level4:PersistentLevel.Level4' with GeneratedClass '/Game/Maps/Levels/Level4.Level4_C' with ClassGeneratedBy '/Game/Maps/Levels/Level4.Level4:PersistentLevel.Level4'
[2019.03.12-21.42.57:087][200]LogPlayLevel: PlayLevel: No blueprints needed recompiling
[2019.03.12-21.42.57:088][200]PIE: New page: PIE session: TopDownExampleMap (12 Mar 2019 21:42:57)
[2019.03.12-21.42.57:088][200]LogPlayLevel: Creating play world package: /Game/TopDownBP/Maps/UEDPIE_0_TopDownExampleMap
[2019.03.12-21.42.57:093][200]LogPlayLevel: PIE: StaticDuplicateObject took: (0.004456s)
[2019.03.12-21.42.57:093][200]LogAIModule: Creating AISystem for world TopDownExampleMap
[2019.03.12-21.42.57:094][200]LogPlayLevel: PIE: World Init took: (0.000918s)
[2019.03.12-21.42.57:094][200]LogPlayLevel: PIE: Created PIE world by copying editor world from /Game/TopDownBP/Maps/TopDownExampleMap.TopDownExampleMap to /Game/TopDownBP/Maps/UEDPIE_0_TopDownExampleMap.TopDownExampleMap (0.005570s)
[2019.03.12-21.42.57:117][200]LogUObjectGlobals: Destroyed PersistentFrame Addr=0x0000022232605600, Size=720
[2019.03.12-21.42.57:117][200]LogUObjectGlobals: Destroyed PersistentFrame Addr=0x00000222323d5000, Size=384
[2019.03.12-21.42.57:206][200]LogInit: XAudio2 using 'Headphones (2- Arctis 7 Game)' : 2 channels at 48 kHz using 16 bits per sample (channel mask 0x3)
[2019.03.12-21.42.57:311][200]LogInit: FAudioDevice initialized.
[2019.03.12-21.42.57:364][200]LogLoad: Game class is 'GM_Refraction_C'
[2019.03.12-21.42.57:368][200]LogWorld: Bringing World /Game/TopDownBP/Maps/UEDPIE_0_TopDownExampleMap.TopDownExampleMap up for play (max tick rate 0) at 2019.03.12-21.42.57
[2019.03.12-21.42.57:369][200]LogWorld: Bringing up level for play took: 0.001951
[2019.03.12-21.42.57:374][200]LogContentBrowser: Native class hierarchy updated for 'MovieSceneCapture' in 0.0004 seconds. Added 11 classes and 0 folders.
[2019.03.12-21.42.57:375][200]LogGameMode: Display: Match State Changed from EnteringMap to WaitingToStart
[2019.03.12-21.42.57:375][200]LogGameState: Match State Changed from EnteringMap to WaitingToStart
[2019.03.12-21.42.57:375][200]LogGameMode: Display: Match State Changed from WaitingToStart to InProgress
[2019.03.12-21.42.57:375][200]LogLevel: ActivateLevel /Game/Maps/Levels/UEDPIE_0_Level1 1 1 0
[2019.03.12-21.42.57:378][200]LogGameState: Match State Changed from WaitingToStart to InProgress
[2019.03.12-21.42.57:378][200]PIE: Play in editor start time for /Game/TopDownBP/Maps/UEDPIE_0_TopDownExampleMap 1.243
[2019.03.12-21.42.57:378][200]LogBlueprintUserMessages: Late PlayInEditor Detection: Level '/Game/TopDownBP/Maps/TopDownExampleMap.TopDownExampleMap:PersistentLevel' has LevelScriptBlueprint '/Game/TopDownBP/Maps/TopDownExampleMap.TopDownExampleMap:PersistentLevel.TopDownExampleMap' with GeneratedClass '/Game/TopDownBP/Maps/TopDownExampleMap.TopDownExampleMap_C' with ClassGeneratedBy '/Game/TopDownBP/Maps/TopDownExampleMap.TopDownExampleMap:PersistentLevel.TopDownExampleMap'
[2019.03.12-21.42.57:378][200]LogBlueprintUserMessages: Late PlayInEditor Detection: Level '/Game/Maps/Levels/Level1.Level1:PersistentLevel' has LevelScriptBlueprint '/Game/Maps/Levels/Level1.Level1:PersistentLevel.Level1' with GeneratedClass '/Game/Maps/Levels/Level1.Level1_C' with ClassGeneratedBy '/Game/Maps/Levels/Level1.Level1:PersistentLevel.Level1'
[2019.03.12-21.42.57:378][200]LogBlueprintUserMessages: Late PlayInEditor Detection: Level '/Game/Maps/Levels/Level2.Level2:PersistentLevel' has LevelScriptBlueprint '/Game/Maps/Levels/Level2.Level2:PersistentLevel.Level2' with GeneratedClass '/Game/Maps/Levels/Level2.Level2_C' with ClassGeneratedBy '/Game/Maps/Levels/Level2.Level2:PersistentLevel.Level2'
[2019.03.12-21.42.57:378][200]LogBlueprintUserMessages: Late PlayInEditor Detection: Level '/Game/Maps/Levels/Level3.Level3:PersistentLevel' has LevelScriptBlueprint '/Game/Maps/Levels/Level3.Level3:PersistentLevel.Level3' with GeneratedClass '/Game/Maps/Levels/Level3.Level3_C' with ClassGeneratedBy '/Game/Maps/Levels/Level3.Level3:PersistentLevel.Level3'
[2019.03.12-21.42.57:378][200]LogBlueprintUserMessages: Late PlayInEditor Detection: Level '/Game/Maps/Levels/Level4.Level4:PersistentLevel' has LevelScriptBlueprint '/Game/Maps/Levels/Level4.Level4:PersistentLevel.Level4' with GeneratedClass '/Game/Maps/Levels/Level4.Level4_C' with ClassGeneratedBy '/Game/Maps/Levels/Level4.Level4:PersistentLevel.Level4'
[2019.03.12-21.43.00:779][437]LogLevel: ActivateLevel /Game/Maps/Levels/UEDPIE_0_Level1 0 0 0
[2019.03.12-21.43.00:779][437]LogSlate: FSceneViewport::OnFocusLost() reason 0
[2019.03.12-21.43.00:830][438]LogLevel: ActivateLevel /Game/Maps/Levels/UEDPIE_0_Level2 1 1 0
[2019.03.12-21.43.03:670][656]LogLevel: ActivateLevel /Game/Maps/Levels/UEDPIE_0_Level2 0 0 0
[2019.03.12-21.43.03:671][656]LogSlate: FSceneViewport::OnFocusLost() reason 0
[2019.03.12-21.43.03:724][657]LogLevel: ActivateLevel /Game/Maps/Levels/UEDPIE_0_Level3 1 1 0
[2019.03.12-21.43.08:566][ 36]LogBlueprintUserMessages: Early EndPlayMap Detection: Level '/Game/TopDownBP/Maps/TopDownExampleMap.TopDownExampleMap:PersistentLevel' has LevelScriptBlueprint '/Game/TopDownBP/Maps/TopDownExampleMap.TopDownExampleMap:PersistentLevel.TopDownExampleMap' with GeneratedClass '/Game/TopDownBP/Maps/TopDownExampleMap.TopDownExampleMap_C' with ClassGeneratedBy '/Game/TopDownBP/Maps/TopDownExampleMap.TopDownExampleMap:PersistentLevel.TopDownExampleMap'
[2019.03.12-21.43.08:566][ 36]LogBlueprintUserMessages: Early EndPlayMap Detection: Level '/Game/Maps/Levels/Level1.Level1:PersistentLevel' has LevelScriptBlueprint '/Game/Maps/Levels/Level1.Level1:PersistentLevel.Level1' with GeneratedClass '/Game/Maps/Levels/Level1.Level1_C' with ClassGeneratedBy '/Game/Maps/Levels/Level1.Level1:PersistentLevel.Level1'
[2019.03.12-21.43.08:566][ 36]LogBlueprintUserMessages: Early EndPlayMap Detection: Level '/Game/Maps/Levels/Level2.Level2:PersistentLevel' has LevelScriptBlueprint '/Game/Maps/Levels/Level2.Level2:PersistentLevel.Level2' with GeneratedClass '/Game/Maps/Levels/Level2.Level2_C' with ClassGeneratedBy '/Game/Maps/Levels/Level2.Level2:PersistentLevel.Level2'
[2019.03.12-21.43.08:566][ 36]LogBlueprintUserMessages: Early EndPlayMap Detection: Level '/Game/Maps/Levels/Level3.Level3:PersistentLevel' has LevelScriptBlueprint '/Game/Maps/Levels/Level3.Level3:PersistentLevel.Level3' with GeneratedClass '/Game/Maps/Levels/Level3.Level3_C' with ClassGeneratedBy '/Game/Maps/Levels/Level3.Level3:PersistentLevel.Level3'
[2019.03.12-21.43.08:566][ 36]LogBlueprintUserMessages: Early EndPlayMap Detection: Level '/Game/Maps/Levels/Level4.Level4:PersistentLevel' has LevelScriptBlueprint '/Game/Maps/Levels/Level4.Level4:PersistentLevel.Level4' with GeneratedClass '/Game/Maps/Levels/Level4.Level4_C' with ClassGeneratedBy '/Game/Maps/Levels/Level4.Level4:PersistentLevel.Level4'
[2019.03.12-21.43.08:603][ 36]LogBlueprintUserMessages: Late EndPlayMap Detection: Level '/Game/TopDownBP/Maps/TopDownExampleMap.TopDownExampleMap:PersistentLevel' has LevelScriptBlueprint '/Game/TopDownBP/Maps/TopDownExampleMap.TopDownExampleMap:PersistentLevel.TopDownExampleMap' with GeneratedClass '/Game/TopDownBP/Maps/TopDownExampleMap.TopDownExampleMap_C' with ClassGeneratedBy '/Game/TopDownBP/Maps/TopDownExampleMap.TopDownExampleMap:PersistentLevel.TopDownExampleMap'
[2019.03.12-21.43.08:603][ 36]LogBlueprintUserMessages: Late EndPlayMap Detection: Level '/Game/Maps/Levels/Level1.Level1:PersistentLevel' has LevelScriptBlueprint '/Game/Maps/Levels/Level1.Level1:PersistentLevel.Level1' with GeneratedClass '/Game/Maps/Levels/Level1.Level1_C' with ClassGeneratedBy '/Game/Maps/Levels/Level1.Level1:PersistentLevel.Level1'
[2019.03.12-21.43.08:604][ 36]LogBlueprintUserMessages: Late EndPlayMap Detection: Level '/Game/Maps/Levels/Level2.Level2:PersistentLevel' has LevelScriptBlueprint '/Game/Maps/Levels/Level2.Level2:PersistentLevel.Level2' with GeneratedClass '/Game/Maps/Levels/Level2.Level2_C' with ClassGeneratedBy '/Game/Maps/Levels/Level2.Level2:PersistentLevel.Level2'
[2019.03.12-21.43.08:604][ 36]LogBlueprintUserMessages: Late EndPlayMap Detection: Level '/Game/Maps/Levels/Level3.Level3:PersistentLevel' has LevelScriptBlueprint '/Game/Maps/Levels/Level3.Level3:PersistentLevel.Level3' with GeneratedClass '/Game/Maps/Levels/Level3.Level3_C' with ClassGeneratedBy '/Game/Maps/Levels/Level3.Level3:PersistentLevel.Level3'
[2019.03.12-21.43.08:604][ 36]LogBlueprintUserMessages: Late EndPlayMap Detection: Level '/Game/Maps/Levels/Level4.Level4:PersistentLevel' has LevelScriptBlueprint '/Game/Maps/Levels/Level4.Level4:PersistentLevel.Level4' with GeneratedClass '/Game/Maps/Levels/Level4.Level4_C' with ClassGeneratedBy '/Game/Maps/Levels/Level4.Level4:PersistentLevel.Level4'
[2019.03.12-21.43.09:215][ 75]LogSlate: FSceneViewport::OnFocusLost() reason 0
[2019.03.12-21.43.09:804][ 83]LogUObjectGlobals: Destroyed PersistentFrame Addr=0x0000022203f07dc0, Size=4
[2019.03.12-21.43.09:804][ 83]LogUObjectGlobals: Created PersistentFrame Addr=0x0000022282931db8, Size=4, Default__TopDownExampleMap_C Function /Engine/Transient.REINST_TopDownExampleMap_C_63:ExecuteUbergraph_TopDownExampleMap
[2019.03.12-21.43.09:806][ 83]LogUObjectGlobals: Created PersistentFrame Addr=0x0000022282931d78, Size=4, Default__TopDownExampleMap_C Function /Game/TopDownBP/Maps/TopDownExampleMap.TopDownExampleMap_C:ExecuteUbergraph_TopDownExampleMap
[2019.03.12-21.43.10:039][ 83]LogSavePackage: Save=239.59ms
[2019.03.12-21.43.10:039][ 83]LogSavePackage: Moving '../../../../../../Users/Osixjoh/Documents/GitHub/Refraction/Refraction/Saved/TopDownExampleMapC445207145D792E2E31D0A9BC9CDEF97.tmp' to '../../../../../../Users/Osixjoh/Documents/GitHub/Refraction/Refraction/Content/TopDownBP/Maps/TopDownExampleMap.umap'
[2019.03.12-21.43.10:054][ 83]LogSavePackage: Display: Finished SavePackage ../../../../../../Users/Osixjoh/Documents/GitHub/Refraction/Refraction/Content/TopDownBP/Maps/TopDownExampleMap.umap
[2019.03.12-21.43.10:550][ 83]LogSavePackage: Save=16.52ms
[2019.03.12-21.43.10:550][ 83]LogSavePackage: Moving '../../../../../../Users/Osixjoh/Documents/GitHub/Refraction/Refraction/Saved/TopDownExampleMap_BuiltData6339B42245811150E660FABD6D2B2510.tmp' to '../../../../../../Users/Osixjoh/Documents/GitHub/Refraction/Refraction/Content/TopDownBP/Maps/TopDownExampleMap_BuiltData.uasset'
[2019.03.12-21.43.10:556][ 83]LogSavePackage: Display: Finished SavePackage ../../../../../../Users/Osixjoh/Documents/GitHub/Refraction/Refraction/Content/TopDownBP/Maps/TopDownExampleMap_BuiltData.uasset
[2019.03.12-21.43.10:779][ 96]LogEditorViewport: Clicking on Actor (LMB): B_TowerRoom_C (B_TowerRoom)
[2019.03.12-21.43.11:369][125]LogEditorViewport: Clicking on Actor (LMB): B_NewFilter_C (B_Filter)
[2019.03.12-21.43.12:324][180]LogSlate: FSceneViewport::OnFocusLost() reason 0
[2019.03.12-21.43.42:722][442]BlueprintLog: New page: Compile B_NewFilter
[2019.03.12-21.43.42:774][442]LogUObjectGlobals: Destroyed PersistentFrame Addr=0x0000022214842e00, Size=720
[2019.03.12-21.43.42:774][442]LogUObjectGlobals: Destroyed PersistentFrame Addr=0x000002228c38bb80, Size=384
[2019.03.12-21.43.42:774][442]LogUObjectGlobals: Created PersistentFrame Addr=0x000002229bcfc100, Size=720, Default__B_NewFilter_C Function /Engine/Transient.REINST_B_NewFilter_C_67:ExecuteUbergraph_B_NewFilter
[2019.03.12-21.43.42:774][442]LogUObjectGlobals: Created PersistentFrame Addr=0x00000222323d5d80, Size=384, Default__B_NewFilter_C Function /Game/B_MasterLightInteractor.B_MasterLightInteractor_C:ExecuteUbergraph_B_MasterLightInteractor
[2019.03.12-21.43.42:785][442]LogUObjectGlobals: Created PersistentFrame Addr=0x000002229328ab00, Size=720, Default__B_NewFilter_C Function /Game/B_NewFilter.B_NewFilter_C:ExecuteUbergraph_B_NewFilter
[2019.03.12-21.43.42:785][442]LogUObjectGlobals: Created PersistentFrame Addr=0x00000222039c2680, Size=384, Default__B_NewFilter_C Function /Game/B_MasterLightInteractor.B_MasterLightInteractor_C:ExecuteUbergraph_B_MasterLightInteractor
[2019.03.12-21.43.43:329][442]LogUObjectGlobals: Destroyed PersistentFrame Addr=0x0000022282931db8, Size=4
[2019.03.12-21.43.44:713][511]Cmd: OBJ SAVEPACKAGE PACKAGE="/Game/B_NewFilter" FILE="../../../../../../Users/Osixjoh/Documents/GitHub/Refraction/Refraction/Content/B_NewFilter.uasset" SILENT=true
[2019.03.12-21.43.45:008][511]LogSavePackage: Save=118.19ms
[2019.03.12-21.43.45:008][511]LogSavePackage: Moving '../../../../../../Users/Osixjoh/Documents/GitHub/Refraction/Refraction/Saved/B_NewFilter49FA5BFF497A69ABC64FF1964562F3B3.tmp' to '../../../../../../Users/Osixjoh/Documents/GitHub/Refraction/Refraction/Content/B_NewFilter.uasset'
[2019.03.12-21.43.45:022][511]LogSavePackage: Display: Finished SavePackage ../../../../../../Users/Osixjoh/Documents/GitHub/Refraction/Refraction/Content/B_NewFilter.uasset
[2019.03.12-21.43.47:900][736]BlueprintLog: New page: Compile B_NewFilter
[2019.03.12-21.43.47:952][736]LogUObjectGlobals: Destroyed PersistentFrame Addr=0x000002229328ab00, Size=720
[2019.03.12-21.43.47:952][736]LogUObjectGlobals: Destroyed PersistentFrame Addr=0x00000222039c2680, Size=384
[2019.03.12-21.43.47:952][736]LogUObjectGlobals: Created PersistentFrame Addr=0x000002229bcff400, Size=720, B_NewFilter_C_126 Function /Engine/Transient.REINST_B_NewFilter_C_71:ExecuteUbergraph_B_NewFilter
[2019.03.12-21.43.47:952][736]LogUObjectGlobals: Created PersistentFrame Addr=0x0000022282d50580, Size=384, B_NewFilter_C_126 Function /Game/B_MasterLightInteractor.B_MasterLightInteractor_C:ExecuteUbergraph_B_MasterLightInteractor
[2019.03.12-21.43.47:964][736]LogUObjectGlobals: Created PersistentFrame Addr=0x00000222870d3700, Size=720, Default__B_NewFilter_C Function /Game/B_NewFilter.B_NewFilter_C:ExecuteUbergraph_B_NewFilter
[2019.03.12-21.43.47:964][736]LogUObjectGlobals: Created PersistentFrame Addr=0x00000222870cbb80, Size=384, Default__B_NewFilter_C Function /Game/B_MasterLightInteractor.B_MasterLightInteractor_C:ExecuteUbergraph_B_MasterLightInteractor
[2019.03.12-21.43.48:537][736]LogUObjectGlobals: Destroyed PersistentFrame Addr=0x000002229bcfc100, Size=720
[2019.03.12-21.43.48:537][736]LogUObjectGlobals: Destroyed PersistentFrame Addr=0x00000222323d5d80, Size=384
[2019.03.12-21.43.49:084][737]Cmd: OBJ SAVEPACKAGE PACKAGE="/Game/B_NewFilter" FILE="../../../../../../Users/Osixjoh/Documents/GitHub/Refraction/Refraction/Content/B_NewFilter.uasset" SILENT=true
[2019.03.12-21.43.49:373][737]LogSavePackage: Save=121.67ms
[2019.03.12-21.43.49:373][737]LogSavePackage: Moving '../../../../../../Users/Osixjoh/Documents/GitHub/Refraction/Refraction/Saved/B_NewFilter493A0A1D455F0996687D9EB5DDBC02F5.tmp' to '../../../../../../Users/Osixjoh/Documents/GitHub/Refraction/Refraction/Content/B_NewFilter.uasset'
[2019.03.12-21.43.49:386][737]LogSavePackage: Display: Finished SavePackage ../../../../../../Users/Osixjoh/Documents/GitHub/Refraction/Refraction/Content/B_NewFilter.uasset
[2019.03.12-21.43.50:943][833]LogEditorViewport: Clicking on Actor (LMB): B_TowerRoom_C (B_TowerRoom)
[2019.03.12-21.43.51:632][867]LogSlate: FSceneViewport::OnFocusLost() reason 0
[2019.03.12-21.43.51:750][874]LogTemp: Repeating last play command: Selected Viewport
[2019.03.12-21.43.51:785][874]LogBlueprintUserMessages: Early PlayInEditor Detection: Level '/Game/TopDownBP/Maps/TopDownExampleMap.TopDownExampleMap:PersistentLevel' has LevelScriptBlueprint '/Game/TopDownBP/Maps/TopDownExampleMap.TopDownExampleMap:PersistentLevel.TopDownExampleMap' with GeneratedClass '/Game/TopDownBP/Maps/TopDownExampleMap.TopDownExampleMap_C' with ClassGeneratedBy '/Game/TopDownBP/Maps/TopDownExampleMap.TopDownExampleMap:PersistentLevel.TopDownExampleMap'
[2019.03.12-21.43.51:785][874]LogBlueprintUserMessages: Early PlayInEditor Detection: Level '/Game/Maps/Levels/Level1.Level1:PersistentLevel' has LevelScriptBlueprint '/Game/Maps/Levels/Level1.Level1:PersistentLevel.Level1' with GeneratedClass '/Game/Maps/Levels/Level1.Level1_C' with ClassGeneratedBy '/Game/Maps/Levels/Level1.Level1:PersistentLevel.Level1'
[2019.03.12-21.43.51:786][874]LogBlueprintUserMessages: Early PlayInEditor Detection: Level '/Game/Maps/Levels/Level2.Level2:PersistentLevel' has LevelScriptBlueprint '/Game/Maps/Levels/Level2.Level2:PersistentLevel.Level2' with GeneratedClass '/Game/Maps/Levels/Level2.Level2_C' with ClassGeneratedBy '/Game/Maps/Levels/Level2.Level2:PersistentLevel.Level2'
[2019.03.12-21.43.51:786][874]LogBlueprintUserMessages: Early PlayInEditor Detection: Level '/Game/Maps/Levels/Level3.Level3:PersistentLevel' has LevelScriptBlueprint '/Game/Maps/Levels/Level3.Level3:PersistentLevel.Level3' with GeneratedClass '/Game/Maps/Levels/Level3.Level3_C' with ClassGeneratedBy '/Game/Maps/Levels/Level3.Level3:PersistentLevel.Level3'
[2019.03.12-21.43.51:786][874]LogBlueprintUserMessages: Early PlayInEditor Detection: Level '/Game/Maps/Levels/Level4.Level4:PersistentLevel' has LevelScriptBlueprint '/Game/Maps/Levels/Level4.Level4:PersistentLevel.Level4' with GeneratedClass '/Game/Maps/Levels/Level4.Level4_C' with ClassGeneratedBy '/Game/Maps/Levels/Level4.Level4:PersistentLevel.Level4'
[2019.03.12-21.43.51:786][874]LogPlayLevel: PlayLevel: No blueprints needed recompiling
[2019.03.12-21.43.51:786][874]PIE: New page: PIE session: TopDownExampleMap (12 Mar 2019 21:43:51)
[2019.03.12-21.43.51:786][874]LogPlayLevel: Creating play world package: /Game/TopDownBP/Maps/UEDPIE_0_TopDownExampleMap
[2019.03.12-21.43.51:790][874]LogPlayLevel: PIE: StaticDuplicateObject took: (0.004264s)
[2019.03.12-21.43.51:791][874]LogAIModule: Creating AISystem for world TopDownExampleMap
[2019.03.12-21.43.51:791][874]LogPlayLevel: PIE: World Init took: (0.000864s)
[2019.03.12-21.43.51:791][874]LogPlayLevel: PIE: Created PIE world by copying editor world from /Game/TopDownBP/Maps/TopDownExampleMap.TopDownExampleMap to /Game/TopDownBP/Maps/UEDPIE_0_TopDownExampleMap.TopDownExampleMap (0.005359s)
[2019.03.12-21.43.51:815][874]LogUObjectGlobals: Destroyed PersistentFrame Addr=0x000002229bcff400, Size=720
[2019.03.12-21.43.51:815][874]LogUObjectGlobals: Destroyed PersistentFrame Addr=0x0000022282d50580, Size=384
[2019.03.12-21.43.51:906][874]LogInit: XAudio2 using 'Headphones (2- Arctis 7 Game)' : 2 channels at 48 kHz using 16 bits per sample (channel mask 0x3)
[2019.03.12-21.43.52:013][874]LogInit: FAudioDevice initialized.
[2019.03.12-21.43.52:049][874]LogLoad: Game class is 'GM_Refraction_C'
[2019.03.12-21.43.52:051][874]LogWorld: Bringing World /Game/TopDownBP/Maps/UEDPIE_0_TopDownExampleMap.TopDownExampleMap up for play (max tick rate 0) at 2019.03.12-21.43.52
[2019.03.12-21.43.52:051][874]LogWorld: Bringing up level for play took: 0.001425
[2019.03.12-21.43.52:052][874]LogGameMode: Display: Match State Changed from EnteringMap to WaitingToStart
[2019.03.12-21.43.52:052][874]LogGameState: Match State Changed from EnteringMap to WaitingToStart
[2019.03.12-21.43.52:052][874]LogGameMode: Display: Match State Changed from WaitingToStart to InProgress
[2019.03.12-21.43.52:053][874]LogLevel: ActivateLevel /Game/Maps/Levels/UEDPIE_0_Level1 1 1 0
[2019.03.12-21.43.52:055][874]LogGameState: Match State Changed from WaitingToStart to InProgress
[2019.03.12-21.43.52:055][874]PIE: Play in editor start time for /Game/TopDownBP/Maps/UEDPIE_0_TopDownExampleMap -0.08
[2019.03.12-21.43.52:055][874]LogBlueprintUserMessages: Late PlayInEditor Detection: Level '/Game/TopDownBP/Maps/TopDownExampleMap.TopDownExampleMap:PersistentLevel' has LevelScriptBlueprint '/Game/TopDownBP/Maps/TopDownExampleMap.TopDownExampleMap:PersistentLevel.TopDownExampleMap' with GeneratedClass '/Game/TopDownBP/Maps/TopDownExampleMap.TopDownExampleMap_C' with ClassGeneratedBy '/Game/TopDownBP/Maps/TopDownExampleMap.TopDownExampleMap:PersistentLevel.TopDownExampleMap'
[2019.03.12-21.43.52:055][874]LogBlueprintUserMessages: Late PlayInEditor Detection: Level '/Game/Maps/Levels/Level1.Level1:PersistentLevel' has LevelScriptBlueprint '/Game/Maps/Levels/Level1.Level1:PersistentLevel.Level1' with GeneratedClass '/Game/Maps/Levels/Level1.Level1_C' with ClassGeneratedBy '/Game/Maps/Levels/Level1.Level1:PersistentLevel.Level1'
[2019.03.12-21.43.52:055][874]LogBlueprintUserMessages: Late PlayInEditor Detection: Level '/Game/Maps/Levels/Level2.Level2:PersistentLevel' has LevelScriptBlueprint '/Game/Maps/Levels/Level2.Level2:PersistentLevel.Level2' with GeneratedClass '/Game/Maps/Levels/Level2.Level2_C' with ClassGeneratedBy '/Game/Maps/Levels/Level2.Level2:PersistentLevel.Level2'
[2019.03.12-21.43.52:055][874]LogBlueprintUserMessages: Late PlayInEditor Detection: Level '/Game/Maps/Levels/Level3.Level3:PersistentLevel' has LevelScriptBlueprint '/Game/Maps/Levels/Level3.Level3:PersistentLevel.Level3' with GeneratedClass '/Game/Maps/Levels/Level3.Level3_C' with ClassGeneratedBy '/Game/Maps/Levels/Level3.Level3:PersistentLevel.Level3'
[2019.03.12-21.43.52:055][874]LogBlueprintUserMessages: Late PlayInEditor Detection: Level '/Game/Maps/Levels/Level4.Level4:PersistentLevel' has LevelScriptBlueprint '/Game/Maps/Levels/Level4.Level4:PersistentLevel.Level4' with GeneratedClass '/Game/Maps/Levels/Level4.Level4_C' with ClassGeneratedBy '/Game/Maps/Levels/Level4.Level4:PersistentLevel.Level4'
[2019.03.12-21.43.55:294][123]LogLevel: ActivateLevel /Game/Maps/Levels/UEDPIE_0_Level1 0 0 0
[2019.03.12-21.43.55:294][123]LogSlate: FSceneViewport::OnFocusLost() reason 0
[2019.03.12-21.43.55:347][124]LogLevel: ActivateLevel /Game/Maps/Levels/UEDPIE_0_Level2 1 1 0
[2019.03.12-21.43.58:284][358]LogLevel: ActivateLevel /Game/Maps/Levels/UEDPIE_0_Level2 0 0 0
[2019.03.12-21.43.58:285][358]LogSlate: FSceneViewport::OnFocusLost() reason 0
[2019.03.12-21.43.58:335][359]LogLevel: ActivateLevel /Game/Maps/Levels/UEDPIE_0_Level3 1 1 0
[2019.03.12-21.44.04:761][866]LogLevel: ActivateLevel /Game/Maps/Levels/UEDPIE_0_Level3 0 0 0
[2019.03.12-21.44.04:761][866]LogSlate: FSceneViewport::OnFocusLost() reason 0
[2019.03.12-21.44.04:810][867]LogLevel: ActivateLevel /Game/Maps/Levels/UEDPIE_0_Level4 1 1 0
[2019.03.12-21.44.05:994][971]LogBlueprintUserMessages: Early EndPlayMap Detection: Level '/Game/TopDownBP/Maps/TopDownExampleMap.TopDownExampleMap:PersistentLevel' has LevelScriptBlueprint '/Game/TopDownBP/Maps/TopDownExampleMap.TopDownExampleMap:PersistentLevel.TopDownExampleMap' with GeneratedClass '/Game/TopDownBP/Maps/TopDownExampleMap.TopDownExampleMap_C' with ClassGeneratedBy '/Game/TopDownBP/Maps/TopDownExampleMap.TopDownExampleMap:PersistentLevel.TopDownExampleMap'
[2019.03.12-21.44.05:994][971]LogBlueprintUserMessages: Early EndPlayMap Detection: Level '/Game/Maps/Levels/Level1.Level1:PersistentLevel' has LevelScriptBlueprint '/Game/Maps/Levels/Level1.Level1:PersistentLevel.Level1' with GeneratedClass '/Game/Maps/Levels/Level1.Level1_C' with ClassGeneratedBy '/Game/Maps/Levels/Level1.Level1:PersistentLevel.Level1'
[2019.03.12-21.44.05:994][971]LogBlueprintUserMessages: Early EndPlayMap Detection: Level '/Game/Maps/Levels/Level2.Level2:PersistentLevel' has LevelScriptBlueprint '/Game/Maps/Levels/Level2.Level2:PersistentLevel.Level2' with GeneratedClass '/Game/Maps/Levels/Level2.Level2_C' with ClassGeneratedBy '/Game/Maps/Levels/Level2.Level2:PersistentLevel.Level2'
[2019.03.12-21.44.05:994][971]LogBlueprintUserMessages: Early EndPlayMap Detection: Level '/Game/Maps/Levels/Level3.Level3:PersistentLevel' has LevelScriptBlueprint '/Game/Maps/Levels/Level3.Level3:PersistentLevel.Level3' with GeneratedClass '/Game/Maps/Levels/Level3.Level3_C' with ClassGeneratedBy '/Game/Maps/Levels/Level3.Level3:PersistentLevel.Level3'
[2019.03.12-21.44.05:994][971]LogBlueprintUserMessages: Early EndPlayMap Detection: Level '/Game/Maps/Levels/Level4.Level4:PersistentLevel' has LevelScriptBlueprint '/Game/Maps/Levels/Level4.Level4:PersistentLevel.Level4' with GeneratedClass '/Game/Maps/Levels/Level4.Level4_C' with ClassGeneratedBy '/Game/Maps/Levels/Level4.Level4:PersistentLevel.Level4'
[2019.03.12-21.44.06:038][971]LogBlueprintUserMessages: Late EndPlayMap Detection: Level '/Game/TopDownBP/Maps/TopDownExampleMap.TopDownExampleMap:PersistentLevel' has LevelScriptBlueprint '/Game/TopDownBP/Maps/TopDownExampleMap.TopDownExampleMap:PersistentLevel.TopDownExampleMap' with GeneratedClass '/Game/TopDownBP/Maps/TopDownExampleMap.TopDownExampleMap_C' with ClassGeneratedBy '/Game/TopDownBP/Maps/TopDownExampleMap.TopDownExampleMap:PersistentLevel.TopDownExampleMap'
[2019.03.12-21.44.06:038][971]LogBlueprintUserMessages: Late EndPlayMap Detection: Level '/Game/Maps/Levels/Level1.Level1:PersistentLevel' has LevelScriptBlueprint '/Game/Maps/Levels/Level1.Level1:PersistentLevel.Level1' with GeneratedClass '/Game/Maps/Levels/Level1.Level1_C' with ClassGeneratedBy '/Game/Maps/Levels/Level1.Level1:PersistentLevel.Level1'
[2019.03.12-21.44.06:038][971]LogBlueprintUserMessages: Late EndPlayMap Detection: Level '/Game/Maps/Levels/Level2.Level2:PersistentLevel' has LevelScriptBlueprint '/Game/Maps/Levels/Level2.Level2:PersistentLevel.Level2' with GeneratedClass '/Game/Maps/Levels/Level2.Level2_C' with ClassGeneratedBy '/Game/Maps/Levels/Level2.Level2:PersistentLevel.Level2'
[2019.03.12-21.44.06:038][971]LogBlueprintUserMessages: Late EndPlayMap Detection: Level '/Game/Maps/Levels/Level3.Level3:PersistentLevel' has LevelScriptBlueprint '/Game/Maps/Levels/Level3.Level3:PersistentLevel.Level3' with GeneratedClass '/Game/Maps/Levels/Level3.Level3_C' with ClassGeneratedBy '/Game/Maps/Levels/Level3.Level3:PersistentLevel.Level3'
[2019.03.12-21.44.06:038][971]LogBlueprintUserMessages: Late EndPlayMap Detection: Level '/Game/Maps/Levels/Level4.Level4:PersistentLevel' has LevelScriptBlueprint '/Game/Maps/Levels/Level4.Level4:PersistentLevel.Level4' with GeneratedClass '/Game/Maps/Levels/Level4.Level4_C' with ClassGeneratedBy '/Game/Maps/Levels/Level4.Level4:PersistentLevel.Level4'
[2019.03.12-21.44.08:099][ 63]LogSlate: Window 'Save Content' being destroyed
[2019.03.12-21.44.08:828][ 63]LogUObjectGlobals: Destroyed PersistentFrame Addr=0x0000022214c5ff40, Size=32
[2019.03.12-21.44.08:828][ 63]LogUObjectGlobals: Created PersistentFrame Addr=0x0000022281ec5380, Size=32, Default__Level3_C Function /Engine/Transient.REINST_Level3_C_75:ExecuteUbergraph_Level3
[2019.03.12-21.44.08:829][ 63]LogUObjectGlobals: Created PersistentFrame Addr=0x000002229270a0e0, Size=32, Default__Level3_C Function /Game/Maps/Levels/Level3.Level3_C:ExecuteUbergraph_Level3
[2019.03.12-21.44.08:831][ 63]LogSpawn: Warning: UWorld::DestroyActor: World has no context! World: Level3, Actor: /Game/Maps/Levels/Level3.Level3:PersistentLevel.REINST_Level3_C_0
[2019.03.12-21.44.09:041][ 63]LogSavePackage: Save=215.38ms
[2019.03.12-21.44.09:041][ 63]LogSavePackage: Moving '../../../../../../Users/Osixjoh/Documents/GitHub/Refraction/Refraction/Saved/Level3624753D44D26FDAEDB31409A4B4EB7D6.tmp' to '../../../../../../Users/Osixjoh/Documents/GitHub/Refraction/Refraction/Content/Maps/Levels/Level3.umap'
[2019.03.12-21.44.09:056][ 63]LogSavePackage: Display: Finished SavePackage ../../../../../../Users/Osixjoh/Documents/GitHub/Refraction/Refraction/Content/Maps/Levels/Level3.umap
[2019.03.12-21.44.09:060][ 63]LogFileHelpers: Saving map 'Level3' took 0.637
